#
# A fatal error has been detected by the Java Runtime Environment:
#
#  SIGSEGV (0xb) at pc=0x0000000105d56ab6, pid=977, tid=2571
#
# JRE version: Java(TM) SE Runtime Environment (8.0_45-b14) (build 1.8.0_45-b14)
# Java VM: Java HotSpot(TM) 64-Bit Server VM (25.45-b02 mixed mode bsd-amd64 compressed oops)
# Problematic frame:
# V  [libjvm.dylib+0x164ab6]
#
# Failed to write core dump. Core dumps have been disabled. To enable core dumping, try "ulimit -c unlimited" before starting Java again
#
# If you would like to submit a bug report, please visit:
#   http://bugreport.java.com/bugreport/crash.jsp
#

---------------  T H R E A D  ---------------

Current thread is native thread

siginfo: si_signo: 11 (SIGSEGV), si_code: 1 (SEGV_MAPERR), si_addr: 0x0000000000000270

Registers:
RAX=0x0000000000000000, RBX=0x0000000000000000, RCX=0x0000000105ef8431, RDX=0x00007fb2bc1091f8
RSP=0x00007fff5a283340, RBP=0x00007fff5a283350, RSI=0x0000000000000006, RDI=0x00007fff5a283390
R8 =0x0000000000000000, R9 =0x0000000000000000, R10=0x00007fb2bcff9200, R11=0x000000011cd41b58
R12=0x00007fb2bc1091f8, R13=0x0000000121e32430, R14=0x00007fb2bc1091f8, R15=0x0000000000000000
RIP=0x0000000105d56ab6, EFLAGS=0x0000000000010246, ERR=0x0000000000000006
  TRAPNO=0x000000000000000e

Top of Stack: (sp=0x00007fff5a283340)
0x00007fff5a283340:   00007fb2bcc28d50 00007fb2bc1091f8
0x00007fff5a283350:   00007fff5a2833b0 0000000105ef8461
0x00007fff5a283360:   27003187dd029113 0000000000000000
0x00007fff5a283370:   00007fb2bc0b7800 00007fb2bcfbb3f0
0x00007fff5a283380:   00007fff5a2833b0 000000012315e769
0x00007fff5a283390:   0000000000000000 00007fb2ba57e3d0
0x00007fff5a2833a0:   00007fb2bc0b7800 00007fb2bcfbb3f0
0x00007fff5a2833b0:   00007fff5a283410 00000001251b7a3f
0x00007fff5a2833c0:   27003187dd029113 0000000000000000
0x00007fff5a2833d0:   40905da2e8ff7fca 00007fb2bcfbbe40
0x00007fff5a2833e0:   00007fff5a283410 00007fff8944b4c0
0x00007fff5a2833f0:   0000000000000000 0000000121e32430
0x00007fff5a283400:   00007fb2bcfbb3f0 00007fb2bcfbbe40
0x00007fff5a283410:   00007fff5a283470 00007fff913a690f
0x00007fff5a283420:   0000017a00000004 0000000000000000
0x00007fff5a283430:   00007fb2bcfbb3f0 0000000000000000
0x00007fff5a283440:   40905da2e8ff7fca 00007fff8944b4c0
0x00007fff5a283450:   00007fb2bcfeca10 00007fb2bcfbb3f0
0x00007fff5a283460:   0000000000000004 0000000000000000
0x00007fff5a283470:   00007fff5a2834e0 00007fff913a64b9
0x00007fff5a283480:   3ff0000000000000 4084500000000000
0x00007fff5a283490:   4077a00000000000 0000000000000000
0x00007fff5a2834a0:   0000000000000000 4084500000000000
0x00007fff5a2834b0:   4077a00000000000 00007fff5a2835c0
0x00007fff5a2834c0:   0000000121e33fe8 00007fff92b53151
0x00007fff5a2834d0:   0000000000000001 0000000121e33f40
0x00007fff5a2834e0:   00007fff5a2845c0 00007fff9134c10d
0x00007fff5a2834f0:   00007fff5a2845c0 00007fff9134bfcf
0x00007fff5a283500:   0000000000000000 0000000126727ea0
0x00007fff5a283510:   0000000121e33fe8 0000000121e33fe8
0x00007fff5a283520:   0000000121e33f40 0000000000000000
0x00007fff5a283530:   00007fb2bc2e3a00 00007fff5a2834f0 

Instructions: (pc=0x0000000105d56ab6)
0x0000000105d56a96:   0e 48 8b 0b 49 8b 56 18 48 63 c0 48 89 0c c2 5b
0x0000000105d56aa6:   41 5e 5d c3 90 90 55 48 89 e5 41 56 53 48 8b 1f
0x0000000105d56ab6:   c7 83 70 02 00 00 05 00 00 00 48 8d 05 71 d2 75
0x0000000105d56ac6:   00 8b 00 83 f8 01 41 89 f6 75 0c 48 8d 0d be 39 

Register to memory mapping:

RAX=0x0000000000000000 is an unknown value
RBX=0x0000000000000000 is an unknown value
RCX=0x0000000105ef8431: jni_NewLocalRef+0 in /Library/Java/JavaVirtualMachines/jdk1.8.0_45.jdk/Contents/Home/jre/lib/server/libjvm.dylib at 0x0000000105bf2000
RDX=0x00007fb2bc1091f8 is an unknown value
RSP=0x00007fff5a283340 is an unknown value
RBP=0x00007fff5a283350 is an unknown value
RSI=0x0000000000000006 is an unknown value
RDI=0x00007fff5a283390 is an unknown value
R8 =0x0000000000000000 is an unknown value
R9 =0x0000000000000000 is an unknown value
R10=0x00007fb2bcff9200 is an unknown value
R11=0x000000011cd41b58: OBJC_CLASS_$_JNFJObjectWrapper+0 in /System/Library/Frameworks/JavaVM.framework/Versions/A/Frameworks/JavaNativeFoundation.framework/Versions/A/JavaNativeFoundation at 0x000000011cd35000
R12=0x00007fb2bc1091f8 is an unknown value
R13=0x0000000121e32430 is an unknown value
R14=0x00007fb2bc1091f8 is an unknown value
R15=0x0000000000000000 is an unknown value


Stack: [0x00007fff59a8a000,0x00007fff5a28a000],  sp=0x00007fff5a283340,  free space=8164k
Native frames: (J=compiled Java code, j=interpreted, Vv=VM code, C=native code)
V  [libjvm.dylib+0x164ab6]
V  [libjvm.dylib+0x306461]
C  [libawt_lwawt.dylib+0x19a3f]  -[CGLLayer drawInCGLContext:pixelFormat:forLayerTime:displayTime:]+0xee
C  [QuartzCore+0x6990f]  _ZL17CAOpenGLLayerDrawP13CAOpenGLLayerdPK11CVTimeStampj+0x2ca
C  [QuartzCore+0x694b9]  -[CAOpenGLLayer _display]+0x160
C  [QuartzCore+0xf10d]  _ZN2CA5Layer17display_if_neededEPNS_11TransactionE+0x25b
C  [QuartzCore+0xe78d]  _ZN2CA5Layer28layout_and_display_if_neededEPNS_11TransactionE+0x23
C  [QuartzCore+0xdcf1]  _ZN2CA7Context18commit_transactionEPNS_11TransactionE+0x115
C  [QuartzCore+0xda24]  _ZN2CA11Transaction6commitEv+0x1fc
C  [QuartzCore+0x1c917]  _ZN2CA11Transaction17observer_callbackEP19__CFRunLoopObservermPv+0x47
C  [CoreFoundation+0x7de37]  __CFRUNLOOP_IS_CALLING_OUT_TO_AN_OBSERVER_CALLBACK_FUNCTION__+0x17
C  [CoreFoundation+0x7dda7]  __CFRunLoopDoObservers+0x187
C  [CoreFoundation+0x6fa3a]  __CFRunLoopRun+0x49a
C  [CoreFoundation+0x6f338]  CFRunLoopRunSpecific+0x128
C  [java+0x6490]  CreateExecutionEnvironment+0x367
C  [java+0x221c]  JLI_Launch+0x7a0
C  [java+0x84ed]  main+0x65
C  [java+0x1a74]  start+0x34


---------------  P R O C E S S  ---------------

VM state:not at safepoint (normal execution)

VM Mutex/Monitor currently owned by a thread: None

Heap:
 PSYoungGen      total 38400K, used 32458K [0x0000000795580000, 0x0000000798000000, 0x00000007c0000000)
  eden space 33280K, 97% used [0x0000000795580000,0x0000000797532a60,0x0000000797600000)
  from space 5120K, 0% used [0x0000000797b00000,0x0000000797b00000,0x0000000798000000)
  to   space 5120K, 0% used [0x0000000797600000,0x0000000797600000,0x0000000797b00000)
 ParOldGen       total 51712K, used 9672K [0x0000000740000000, 0x0000000743280000, 0x0000000795580000)
  object space 51712K, 18% used [0x0000000740000000,0x0000000740972120,0x0000000743280000)
 Metaspace       used 31301K, capacity 32252K, committed 32560K, reserved 1077248K
  class space    used 4341K, capacity 4577K, committed 4656K, reserved 1048576K

Card table byte_map: [0x00000001167c0000,0x0000000116bc1000] byte_map_base: 0x0000000112dc0000

Marking Bits: (ParMarkBitMap*) 0x00000001064b47a0
 Begin Bits: [0x0000000116e6c000, 0x0000000118e6c000)
 End Bits:   [0x0000000118e6c000, 0x000000011ae6c000)

Polling page: 0x0000000106ba2000

CodeCache: size=245760Kb used=9897Kb max_used=9897Kb free=235862Kb
 bounds [0x0000000107400000, 0x0000000107dc0000, 0x0000000116400000]
 total_blobs=4160 nmethods=3312 adapters=760
 compilation: enabled

Compilation events (10 events):
Event: 25.795 Thread 0x00007fb2bb040800 3598       3       java.awt.Container::adjustDecendantsOnParent (16 bytes)
Event: 25.796 Thread 0x00007fb2bb040800 nmethod 3598 0x0000000107dad910 code [0x0000000107dada80, 0x0000000107dadde8]
Event: 25.796 Thread 0x00007fb2bb040800 3599       3       jdk.internal.org.objectweb.asm.ClassWriter::<init> (122 bytes)
Event: 25.797 Thread 0x00007fb2bb040800 nmethod 3599 0x0000000107dae810 code [0x0000000107daea20, 0x0000000107daf468]
Event: 25.797 Thread 0x00007fb2bb040800 3600       3       jdk.internal.org.objectweb.asm.ClassVisitor::<init> (7 bytes)
Event: 25.797 Thread 0x00007fb2bb040800 nmethod 3600 0x0000000107db4f10 code [0x0000000107db50a0, 0x0000000107db5408]
Event: 25.798 Thread 0x00007fb2bb040800 3589       1       java.awt.AlphaComposite::getRule (5 bytes)
Event: 25.798 Thread 0x00007fb2bb040800 nmethod 3589 0x0000000107dae550 code [0x0000000107dae6a0, 0x0000000107dae7b0]
Event: 25.798 Thread 0x00007fb2bb040800 3595       1       java.awt.Component::getGraphicsConfiguration_NoClientCode (5 bytes)
Event: 25.798 Thread 0x00007fb2bb040800 nmethod 3595 0x0000000107db4c50 code [0x0000000107db4da0, 0x0000000107db4eb0]

GC Heap History (6 events):
Event: 3.905 GC heap before
{Heap before GC invocations=1 (full 0):
 PSYoungGen      total 38400K, used 33280K [0x0000000795580000, 0x0000000798000000, 0x00000007c0000000)
  eden space 33280K, 100% used [0x0000000795580000,0x0000000797600000,0x0000000797600000)
  from space 5120K, 0% used [0x0000000797b00000,0x0000000797b00000,0x0000000798000000)
  to   space 5120K, 0% used [0x0000000797600000,0x0000000797600000,0x0000000797b00000)
 ParOldGen       total 87552K, used 0K [0x0000000740000000, 0x0000000745580000, 0x0000000795580000)
  object space 87552K, 0% used [0x0000000740000000,0x0000000740000000,0x0000000745580000)
 Metaspace       used 13483K, capacity 14064K, committed 14336K, reserved 1060864K
  class space    used 1812K, capacity 1993K, committed 2048K, reserved 1048576K
Event: 3.915 GC heap after
Heap after GC invocations=1 (full 0):
 PSYoungGen      total 38400K, used 4930K [0x0000000795580000, 0x0000000798000000, 0x00000007c0000000)
  eden space 33280K, 0% used [0x0000000795580000,0x0000000795580000,0x0000000797600000)
  from space 5120K, 96% used [0x0000000797600000,0x0000000797ad0ac8,0x0000000797b00000)
  to   space 5120K, 0% used [0x0000000797b00000,0x0000000797b00000,0x0000000798000000)
 ParOldGen       total 87552K, used 80K [0x0000000740000000, 0x0000000745580000, 0x0000000795580000)
  object space 87552K, 0% used [0x0000000740000000,0x0000000740014010,0x0000000745580000)
 Metaspace       used 13483K, capacity 14064K, committed 14336K, reserved 1060864K
  class space    used 1812K, capacity 1993K, committed 2048K, reserved 1048576K
}
Event: 10.719 GC heap before
{Heap before GC invocations=2 (full 0):
 PSYoungGen      total 38400K, used 35899K [0x0000000795580000, 0x0000000798000000, 0x00000007c0000000)
  eden space 33280K, 93% used [0x0000000795580000,0x00000007973be260,0x0000000797600000)
  from space 5120K, 96% used [0x0000000797600000,0x0000000797ad0ac8,0x0000000797b00000)
  to   space 5120K, 0% used [0x0000000797b00000,0x0000000797b00000,0x0000000798000000)
 ParOldGen       total 87552K, used 80K [0x0000000740000000, 0x0000000745580000, 0x0000000795580000)
  object space 87552K, 0% used [0x0000000740000000,0x0000000740014010,0x0000000745580000)
 Metaspace       used 20477K, capacity 21200K, committed 21296K, reserved 1067008K
  class space    used 2873K, capacity 3073K, committed 3120K, reserved 1048576K
Event: 10.732 GC heap after
Heap after GC invocations=2 (full 0):
 PSYoungGen      total 38400K, used 5117K [0x0000000795580000, 0x0000000798000000, 0x00000007c0000000)
  eden space 33280K, 0% used [0x0000000795580000,0x0000000795580000,0x0000000797600000)
  from space 5120K, 99% used [0x0000000797b00000,0x0000000797fff4c0,0x0000000798000000)
  to   space 5120K, 0% used [0x0000000797600000,0x0000000797600000,0x0000000797b00000)
 ParOldGen       total 87552K, used 6751K [0x0000000740000000, 0x0000000745580000, 0x0000000795580000)
  object space 87552K, 7% used [0x0000000740000000,0x0000000740697c10,0x0000000745580000)
 Metaspace       used 20477K, capacity 21200K, committed 21296K, reserved 1067008K
  class space    used 2873K, capacity 3073K, committed 3120K, reserved 1048576K
}
Event: 10.732 GC heap before
{Heap before GC invocations=3 (full 1):
 PSYoungGen      total 38400K, used 5117K [0x0000000795580000, 0x0000000798000000, 0x00000007c0000000)
  eden space 33280K, 0% used [0x0000000795580000,0x0000000795580000,0x0000000797600000)
  from space 5120K, 99% used [0x0000000797b00000,0x0000000797fff4c0,0x0000000798000000)
  to   space 5120K, 0% used [0x0000000797600000,0x0000000797600000,0x0000000797b00000)
 ParOldGen       total 87552K, used 6751K [0x0000000740000000, 0x0000000745580000, 0x0000000795580000)
  object space 87552K, 7% used [0x0000000740000000,0x0000000740697c10,0x0000000745580000)
 Metaspace       used 20477K, capacity 21200K, committed 21296K, reserved 1067008K
  class space    used 2873K, capacity 3073K, committed 3120K, reserved 1048576K
Event: 10.772 GC heap after
Heap after GC invocations=3 (full 1):
 PSYoungGen      total 38400K, used 0K [0x0000000795580000, 0x0000000798000000, 0x00000007c0000000)
  eden space 33280K, 0% used [0x0000000795580000,0x0000000795580000,0x0000000797600000)
  from space 5120K, 0% used [0x0000000797b00000,0x0000000797b00000,0x0000000798000000)
  to   space 5120K, 0% used [0x0000000797600000,0x0000000797600000,0x0000000797b00000)
 ParOldGen       total 51712K, used 9672K [0x0000000740000000, 0x0000000743280000, 0x0000000795580000)
  object space 51712K, 18% used [0x0000000740000000,0x0000000740972120,0x0000000743280000)
 Metaspace       used 20477K, capacity 21200K, committed 21296K, reserved 1067008K
  class space    used 2873K, capacity 3073K, committed 3120K, reserved 1048576K
}

Deoptimization events (10 events):
Event: 11.871 Thread 0x00007fb2ba875800 Uncommon trap: reason=bimorphic action=maybe_recompile pc=0x0000000107a0659c method=java.util.HashMap.putVal(ILjava/lang/Object;Ljava/lang/Object;ZZ)Ljava/lang/Object; @ 203
Event: 11.871 Thread 0x00007fb2ba875800 Uncommon trap: reason=bimorphic action=maybe_recompile pc=0x0000000107a0659c method=java.util.HashMap.putVal(ILjava/lang/Object;Ljava/lang/Object;ZZ)Ljava/lang/Object; @ 203
Event: 11.871 Thread 0x00007fb2ba875800 Uncommon trap: reason=bimorphic action=maybe_recompile pc=0x0000000107a0659c method=java.util.HashMap.putVal(ILjava/lang/Object;Ljava/lang/Object;ZZ)Ljava/lang/Object; @ 203
Event: 11.873 Thread 0x00007fb2ba875800 Uncommon trap: reason=bimorphic action=maybe_recompile pc=0x0000000107a0659c method=java.util.HashMap.putVal(ILjava/lang/Object;Ljava/lang/Object;ZZ)Ljava/lang/Object; @ 203
Event: 11.908 Thread 0x00007fb2ba875800 Uncommon trap: reason=unstable_if action=reinterpret pc=0x0000000107783cec method=java.lang.String.regionMatches(ZILjava/lang/String;II)Z @ 123
Event: 11.910 Thread 0x00007fb2ba875800 Uncommon trap: reason=unstable_if action=reinterpret pc=0x00000001078327ec method=java.io.ByteArrayInputStream.read()I @ 8
Event: 11.936 Thread 0x00007fb2ba875800 Uncommon trap: reason=unstable_if action=reinterpret pc=0x00000001079ee460 method=java.util.concurrent.ConcurrentHashMap.putVal(Ljava/lang/Object;Ljava/lang/Object;Z)Ljava/lang/Object; @ 181
Event: 12.402 Thread 0x00007fb2bc5b5000 Uncommon trap: reason=class_check action=maybe_recompile pc=0x000000010781d198 method=java.lang.Character.toUpperCase(I)I @ 5
Event: 15.807 Thread 0x00007fb2bc096800 Uncommon trap: reason=unstable_if action=reinterpret pc=0x0000000107c96998 method=com.sun.prism.es2.GLContext.updateActiveTextureUnit(I)V @ 5
Event: 16.914 Thread 0x00007fb2bc096800 Uncommon trap: reason=unstable_if action=reinterpret pc=0x0000000107ccb6cc method=com.sun.prism.es2.ES2Context.updateShaderTransform(Lcom/sun/prism/ps/Shader;Lcom/sun/javafx/geom/transform/BaseTransform;)V @ 48

Internal exceptions (10 events):
Event: 0.967 Thread 0x00007fb2bc109000 Exception <a 'java/lang/ArrayIndexOutOfBoundsException'> (0x0000000796b0a118) thrown at [/Users/java_re/workspace/8-2-build-macosx-x86_64/jdk8u45/3457/hotspot/src/share/vm/runtime/sharedRuntime.cpp, line 605]
Event: 9.768 Thread 0x00007fb2bc109000 Exception <a 'java/io/FileNotFoundException'> (0x000000079625f428) thrown at [/Users/java_re/workspace/8-2-build-macosx-x86_64/jdk8u45/3457/hotspot/src/share/vm/prims/jni.cpp, line 709]
Event: 9.940 Thread 0x00007fb2bc109000 Exception <a 'java/lang/NoClassDefFoundError': org/apache/log4j/Priority> (0x0000000797005b18) thrown at [/Users/java_re/workspace/8-2-build-macosx-x86_64/jdk8u45/3457/hotspot/src/share/vm/classfile/systemDictionary.cpp, line 199]
Event: 10.671 Thread 0x00007fb2bc109000 Exception <a 'java/io/FileNotFoundException'> (0x00000007972c6cf0) thrown at [/Users/java_re/workspace/8-2-build-macosx-x86_64/jdk8u45/3457/hotspot/src/share/vm/prims/jni.cpp, line 709]
Event: 10.671 Thread 0x00007fb2bc109000 Exception <a 'java/io/FileNotFoundException'> (0x00000007972c7940) thrown at [/Users/java_re/workspace/8-2-build-macosx-x86_64/jdk8u45/3457/hotspot/src/share/vm/prims/jni.cpp, line 709]
Event: 11.607 Thread 0x00007fb2bc109000 Implicit null exception at 0x000000010766da35 to 0x000000010766dd95
Event: 11.608 Thread 0x00007fb2bc109000 Implicit null exception at 0x000000010762c335 to 0x000000010762c689
Event: 11.751 Thread 0x00007fb2bc109000 Exception <a 'java/lang/ArrayIndexOutOfBoundsException'> (0x0000000795d6f8f0) thrown at [/Users/java_re/workspace/8-2-build-macosx-x86_64/jdk8u45/3457/hotspot/src/share/vm/runtime/sharedRuntime.cpp, line 605]
Event: 11.751 Thread 0x00007fb2bc109000 Exception <a 'java/lang/ArrayIndexOutOfBoundsException'> (0x0000000795d70ec0) thrown at [/Users/java_re/workspace/8-2-build-macosx-x86_64/jdk8u45/3457/hotspot/src/share/vm/runtime/sharedRuntime.cpp, line 605]
Event: 11.752 Thread 0x00007fb2bc109000 Exception <a 'java/lang/ArrayIndexOutOfBoundsException'> (0x0000000795d85d48) thrown at [/Users/java_re/workspace/8-2-build-macosx-x86_64/jdk8u45/3457/hotspot/src/share/vm/runtime/sharedRuntime.cpp, line 605]

Events (10 events):
Event: 25.793 loading class sun/lwawt/LWCursorManager$1 done
Event: 25.797 loading class com/sun/javafx/tk/quantum/QuantumRenderer
Event: 25.797 loading class com/sun/javafx/tk/quantum/QuantumRenderer done
Event: 25.797 loading class com/sun/javafx/tk/quantum/QuantumToolkit
Event: 25.797 loading class com/sun/javafx/tk/quantum/QuantumToolkit done
Event: 25.798 Thread 0x00007fb2bc096800 Thread exited: 0x00007fb2bc096800
Event: 25.798 Thread 0x00007fb2ba8d5800 Thread exited: 0x00007fb2ba8d5800
Event: 25.798 Thread 0x00007fb2bb005000 Thread exited: 0x00007fb2bb005000
Event: 25.798 Thread 0x00007fb2ba8d5800 Thread added: 0x00007fb2ba8d5800
Event: 25.798 Thread 0x00007fb2bc109000 Thread exited: 0x00007fb2bc109000


Dynamic libraries:
0x000000000203c000 	/System/Library/Frameworks/Cocoa.framework/Versions/A/Cocoa
0x000000000203c000 	/System/Library/Frameworks/Security.framework/Versions/A/Security
0x000000000203c000 	/System/Library/Frameworks/ApplicationServices.framework/Versions/A/ApplicationServices
0x000000000203c000 	/usr/lib/libz.1.dylib
0x000000000203c000 	/usr/lib/libSystem.B.dylib
0x000000000203c000 	/usr/lib/libobjc.A.dylib
0x000000000203c000 	/System/Library/Frameworks/CoreFoundation.framework/Versions/A/CoreFoundation
0x000000000203c000 	/System/Library/Frameworks/Foundation.framework/Versions/C/Foundation
0x000000000203c000 	/System/Library/Frameworks/AppKit.framework/Versions/C/AppKit
0x000000000203c000 	/System/Library/Frameworks/CoreData.framework/Versions/A/CoreData
0x000000000203c000 	/System/Library/PrivateFrameworks/RemoteViewServices.framework/Versions/A/RemoteViewServices
0x000000000203c000 	/System/Library/PrivateFrameworks/UIFoundation.framework/Versions/A/UIFoundation
0x000000000203c000 	/usr/lib/libScreenReader.dylib
0x000000000203c000 	/System/Library/Frameworks/Accelerate.framework/Versions/A/Accelerate
0x000000000203c000 	/System/Library/Frameworks/IOSurface.framework/Versions/A/IOSurface
0x000000000203c000 	/System/Library/Frameworks/AudioToolbox.framework/Versions/A/AudioToolbox
0x000000000203c000 	/System/Library/Frameworks/AudioUnit.framework/Versions/A/AudioUnit
0x000000000203c000 	/System/Library/PrivateFrameworks/DataDetectorsCore.framework/Versions/A/DataDetectorsCore
0x000000000203c000 	/System/Library/PrivateFrameworks/DesktopServicesPriv.framework/Versions/A/DesktopServicesPriv
0x000000000203c000 	/System/Library/Frameworks/Carbon.framework/Versions/A/Frameworks/HIToolbox.framework/Versions/A/HIToolbox
0x000000000203c000 	/System/Library/Frameworks/QuartzCore.framework/Versions/A/QuartzCore
0x000000000203c000 	/System/Library/Frameworks/Carbon.framework/Versions/A/Frameworks/SpeechRecognition.framework/Versions/A/SpeechRecognition
0x000000000203c000 	/usr/lib/libauto.dylib
0x000000000203c000 	/usr/lib/libicucore.A.dylib
0x000000000203c000 	/usr/lib/libxml2.2.dylib
0x000000000203c000 	/System/Library/PrivateFrameworks/CoreUI.framework/Versions/A/CoreUI
0x000000000203c000 	/System/Library/Frameworks/CoreAudio.framework/Versions/A/CoreAudio
0x000000000203c000 	/System/Library/Frameworks/DiskArbitration.framework/Versions/A/DiskArbitration
0x000000000203c000 	/usr/lib/liblangid.dylib
0x000000000203c000 	/System/Library/PrivateFrameworks/MultitouchSupport.framework/Versions/A/MultitouchSupport
0x000000000203c000 	/System/Library/Frameworks/IOKit.framework/Versions/A/IOKit
0x000000000203c000 	/usr/lib/libDiagnosticMessagesClient.dylib
0x000000000203c000 	/System/Library/Frameworks/CoreServices.framework/Versions/A/CoreServices
0x000000000203c000 	/System/Library/PrivateFrameworks/PerformanceAnalysis.framework/Versions/A/PerformanceAnalysis
0x000000000203c000 	/System/Library/PrivateFrameworks/GenerationalStorage.framework/Versions/A/GenerationalStorage
0x000000000203c000 	/System/Library/Frameworks/OpenGL.framework/Versions/A/OpenGL
0x000000000203c000 	/System/Library/PrivateFrameworks/Sharing.framework/Versions/A/Sharing
0x000000000203c000 	/System/Library/Frameworks/CoreGraphics.framework/Versions/A/CoreGraphics
0x000000000203c000 	/System/Library/Frameworks/CoreImage.framework/Versions/A/CoreImage
0x000000000203c000 	/System/Library/Frameworks/CoreText.framework/Versions/A/CoreText
0x000000000203c000 	/System/Library/Frameworks/ImageIO.framework/Versions/A/ImageIO
0x000000000203c000 	/System/Library/PrivateFrameworks/Backup.framework/Versions/A/Backup
0x000000000203c000 	/usr/lib/libextension.dylib
0x000000000203c000 	/usr/lib/libarchive.2.dylib
0x000000000203c000 	/System/Library/Frameworks/CFNetwork.framework/Versions/A/CFNetwork
0x000000000203c000 	/System/Library/Frameworks/SystemConfiguration.framework/Versions/A/SystemConfiguration
0x000000000203c000 	/usr/lib/libCRFSuite.dylib
0x000000000203c000 	/usr/lib/libc++.1.dylib
0x000000000203c000 	/usr/lib/libc++abi.dylib
0x000000000203c000 	/usr/lib/system/libcache.dylib
0x000000000203c000 	/usr/lib/system/libcommonCrypto.dylib
0x000000000203c000 	/usr/lib/system/libcompiler_rt.dylib
0x000000000203c000 	/usr/lib/system/libcopyfile.dylib
0x000000000203c000 	/usr/lib/system/libcorecrypto.dylib
0x000000000203c000 	/usr/lib/system/libdispatch.dylib
0x000000000203c000 	/usr/lib/system/libdyld.dylib
0x000000000203c000 	/usr/lib/system/libkeymgr.dylib
0x000000000203c000 	/usr/lib/system/liblaunch.dylib
0x000000000203c000 	/usr/lib/system/libmacho.dylib
0x000000000203c000 	/usr/lib/system/libquarantine.dylib
0x000000000203c000 	/usr/lib/system/libremovefile.dylib
0x000000000203c000 	/usr/lib/system/libsystem_asl.dylib
0x000000000203c000 	/usr/lib/system/libsystem_blocks.dylib
0x000000000203c000 	/usr/lib/system/libsystem_c.dylib
0x000000000203c000 	/usr/lib/system/libsystem_configuration.dylib
0x000000000203c000 	/usr/lib/system/libsystem_coreservices.dylib
0x000000000203c000 	/usr/lib/system/libsystem_coretls.dylib
0x000000000203c000 	/usr/lib/system/libsystem_dnssd.dylib
0x000000000203c000 	/usr/lib/system/libsystem_info.dylib
0x000000000203c000 	/usr/lib/system/libsystem_kernel.dylib
0x000000000203c000 	/usr/lib/system/libsystem_m.dylib
0x000000000203c000 	/usr/lib/system/libsystem_malloc.dylib
0x000000000203c000 	/usr/lib/system/libsystem_network.dylib
0x000000000203c000 	/usr/lib/system/libsystem_networkextension.dylib
0x000000000203c000 	/usr/lib/system/libsystem_notify.dylib
0x000000000203c000 	/usr/lib/system/libsystem_platform.dylib
0x000000000203c000 	/usr/lib/system/libsystem_pthread.dylib
0x000000000203c000 	/usr/lib/system/libsystem_sandbox.dylib
0x000000000203c000 	/usr/lib/system/libsystem_secinit.dylib
0x000000000203c000 	/usr/lib/system/libsystem_trace.dylib
0x000000000203c000 	/usr/lib/system/libunc.dylib
0x000000000203c000 	/usr/lib/system/libunwind.dylib
0x000000000203c000 	/usr/lib/system/libxpc.dylib
0x000000000203c000 	/usr/lib/libenergytrace.dylib
0x000000000203c000 	/usr/lib/libbsm.0.dylib
0x000000000203c000 	/usr/lib/system/libkxld.dylib
0x000000000203c000 	/usr/lib/libxar.1.dylib
0x000000000203c000 	/usr/lib/libsqlite3.dylib
0x000000000203c000 	/usr/lib/libpam.2.dylib
0x000000000203c000 	/usr/lib/libOpenScriptingUtil.dylib
0x000000000203c000 	/usr/lib/libbz2.1.0.dylib
0x000000000203c000 	/usr/lib/liblzma.5.dylib
0x000000000203c000 	/System/Library/Frameworks/CoreServices.framework/Versions/A/Frameworks/FSEvents.framework/Versions/A/FSEvents
0x000000000203c000 	/System/Library/Frameworks/CoreServices.framework/Versions/A/Frameworks/CarbonCore.framework/Versions/A/CarbonCore
0x000000000203c000 	/System/Library/Frameworks/CoreServices.framework/Versions/A/Frameworks/Metadata.framework/Versions/A/Metadata
0x000000000203c000 	/System/Library/Frameworks/CoreServices.framework/Versions/A/Frameworks/OSServices.framework/Versions/A/OSServices
0x000000000203c000 	/System/Library/Frameworks/CoreServices.framework/Versions/A/Frameworks/SearchKit.framework/Versions/A/SearchKit
0x000000000203c000 	/System/Library/Frameworks/CoreServices.framework/Versions/A/Frameworks/AE.framework/Versions/A/AE
0x000000000203c000 	/System/Library/Frameworks/CoreServices.framework/Versions/A/Frameworks/LaunchServices.framework/Versions/A/LaunchServices
0x000000000203c000 	/System/Library/Frameworks/CoreServices.framework/Versions/A/Frameworks/DictionaryServices.framework/Versions/A/DictionaryServices
0x000000000203c000 	/System/Library/Frameworks/CoreServices.framework/Versions/A/Frameworks/SharedFileList.framework/Versions/A/SharedFileList
0x000000000203c000 	/System/Library/Frameworks/NetFS.framework/Versions/A/NetFS
0x000000000203c000 	/System/Library/PrivateFrameworks/NetAuth.framework/Versions/A/NetAuth
0x000000000203c000 	/System/Library/PrivateFrameworks/login.framework/Versions/A/Frameworks/loginsupport.framework/Versions/A/loginsupport
0x000000000203c000 	/System/Library/PrivateFrameworks/TCC.framework/Versions/A/TCC
0x000000000203c000 	/usr/lib/libmecabra.dylib
0x000000000203c000 	/System/Library/Frameworks/ApplicationServices.framework/Versions/A/Frameworks/ATS.framework/Versions/A/ATS
0x000000000203c000 	/System/Library/Frameworks/ApplicationServices.framework/Versions/A/Frameworks/ColorSync.framework/Versions/A/ColorSync
0x000000000203c000 	/System/Library/Frameworks/ApplicationServices.framework/Versions/A/Frameworks/HIServices.framework/Versions/A/HIServices
0x000000000203c000 	/System/Library/Frameworks/ApplicationServices.framework/Versions/A/Frameworks/LangAnalysis.framework/Versions/A/LangAnalysis
0x000000000203c000 	/System/Library/Frameworks/ApplicationServices.framework/Versions/A/Frameworks/PrintCore.framework/Versions/A/PrintCore
0x000000000203c000 	/System/Library/Frameworks/ApplicationServices.framework/Versions/A/Frameworks/QD.framework/Versions/A/QD
0x000000000203c000 	/System/Library/Frameworks/ApplicationServices.framework/Versions/A/Frameworks/SpeechSynthesis.framework/Versions/A/SpeechSynthesis
0x000000000203c000 	/System/Library/Frameworks/Metal.framework/Versions/A/Metal
0x000000000203c000 	/System/Library/Frameworks/Accelerate.framework/Versions/A/Frameworks/vImage.framework/Versions/A/vImage
0x000000000203c000 	/System/Library/Frameworks/Accelerate.framework/Versions/A/Frameworks/vecLib.framework/Versions/A/vecLib
0x000000000203c000 	/System/Library/Frameworks/Accelerate.framework/Versions/A/Frameworks/vecLib.framework/Versions/A/libvDSP.dylib
0x000000000203c000 	/System/Library/Frameworks/Accelerate.framework/Versions/A/Frameworks/vecLib.framework/Versions/A/libvMisc.dylib
0x000000000203c000 	/System/Library/Frameworks/Accelerate.framework/Versions/A/Frameworks/vecLib.framework/Versions/A/libLAPACK.dylib
0x000000000203c000 	/System/Library/Frameworks/Accelerate.framework/Versions/A/Frameworks/vecLib.framework/Versions/A/libBLAS.dylib
0x000000000203c000 	/System/Library/Frameworks/Accelerate.framework/Versions/A/Frameworks/vecLib.framework/Versions/A/libLinearAlgebra.dylib
0x000000000203c000 	/System/Library/Frameworks/Accelerate.framework/Versions/A/Frameworks/vecLib.framework/Versions/A/libSparseBLAS.dylib
0x000000000203c000 	/System/Library/PrivateFrameworks/GPUCompiler.framework/libmetal_timestamp.dylib
0x000000000203c000 	/System/Library/Frameworks/OpenGL.framework/Versions/A/Libraries/libCoreFSCache.dylib
0x000000000203c000 	/System/Library/PrivateFrameworks/IOAccelerator.framework/Versions/A/IOAccelerator
0x000000000203c000 	/System/Library/Frameworks/ApplicationServices.framework/Versions/A/Frameworks/ATS.framework/Versions/A/Resources/libFontParser.dylib
0x000000000203c000 	/System/Library/Frameworks/ApplicationServices.framework/Versions/A/Frameworks/ATS.framework/Versions/A/Resources/libFontRegistry.dylib
0x000000000203c000 	/System/Library/PrivateFrameworks/AppleVPA.framework/Versions/A/AppleVPA
0x000000000203c000 	/System/Library/PrivateFrameworks/AppleJPEG.framework/Versions/A/AppleJPEG
0x000000000203c000 	/System/Library/Frameworks/ImageIO.framework/Versions/A/Resources/libJPEG.dylib
0x000000000203c000 	/System/Library/Frameworks/ImageIO.framework/Versions/A/Resources/libTIFF.dylib
0x000000000203c000 	/System/Library/Frameworks/ImageIO.framework/Versions/A/Resources/libPng.dylib
0x000000000203c000 	/System/Library/Frameworks/ImageIO.framework/Versions/A/Resources/libGIF.dylib
0x000000000203c000 	/System/Library/Frameworks/ImageIO.framework/Versions/A/Resources/libJP2.dylib
0x000000000203c000 	/System/Library/Frameworks/ImageIO.framework/Versions/A/Resources/libRadiance.dylib
0x000000000203c000 	/System/Library/Frameworks/CoreVideo.framework/Versions/A/CoreVideo
0x000000000203c000 	/System/Library/Frameworks/OpenGL.framework/Versions/A/Libraries/libGLU.dylib
0x000000000203c000 	/System/Library/Frameworks/OpenGL.framework/Versions/A/Libraries/libGFXShared.dylib
0x000000000203c000 	/System/Library/Frameworks/OpenGL.framework/Versions/A/Libraries/libGL.dylib
0x000000000203c000 	/System/Library/Frameworks/OpenGL.framework/Versions/A/Libraries/libGLImage.dylib
0x000000000203c000 	/System/Library/Frameworks/OpenGL.framework/Versions/A/Libraries/libCVMSPluginSupport.dylib
0x000000000203c000 	/System/Library/Frameworks/OpenGL.framework/Versions/A/Libraries/libCoreVMClient.dylib
0x000000000203c000 	/usr/lib/libcups.2.dylib
0x000000000203c000 	/System/Library/Frameworks/Kerberos.framework/Versions/A/Kerberos
0x000000000203c000 	/System/Library/Frameworks/GSS.framework/Versions/A/GSS
0x000000000203c000 	/usr/lib/libresolv.9.dylib
0x000000000203c000 	/usr/lib/libiconv.2.dylib
0x000000000203c000 	/System/Library/PrivateFrameworks/Heimdal.framework/Versions/A/Heimdal
0x000000000203c000 	/usr/lib/libheimdal-asn1.dylib
0x000000000203c000 	/System/Library/Frameworks/OpenDirectory.framework/Versions/A/OpenDirectory
0x000000000203c000 	/System/Library/PrivateFrameworks/CommonAuth.framework/Versions/A/CommonAuth
0x000000000203c000 	/System/Library/Frameworks/OpenDirectory.framework/Versions/A/Frameworks/CFOpenDirectory.framework/Versions/A/CFOpenDirectory
0x000000000203c000 	/System/Library/Frameworks/SecurityFoundation.framework/Versions/A/SecurityFoundation
0x000000000203c000 	/System/Library/PrivateFrameworks/LanguageModeling.framework/Versions/A/LanguageModeling
0x000000000203c000 	/usr/lib/libmarisa.dylib
0x000000000203c000 	/usr/lib/libChineseTokenizer.dylib
0x000000000203c000 	/usr/lib/libcmph.dylib
0x000000000203c000 	/usr/lib/libcompression.dylib
0x000000000203c000 	/System/Library/Frameworks/ServiceManagement.framework/Versions/A/ServiceManagement
0x000000000203c000 	/usr/lib/libxslt.1.dylib
0x000000000203c000 	/System/Library/Frameworks/Carbon.framework/Versions/A/Frameworks/Ink.framework/Versions/A/Ink
0x000000000203c000 	/usr/lib/libFosl_dynamic.dylib
0x000000000203c000 	/System/Library/PrivateFrameworks/FaceCore.framework/Versions/A/FaceCore
0x000000000203c000 	/System/Library/Frameworks/OpenCL.framework/Versions/A/OpenCL
0x000000000203c000 	/System/Library/PrivateFrameworks/CrashReporterSupport.framework/Versions/A/CrashReporterSupport
0x000000000203c000 	/System/Library/PrivateFrameworks/IconServices.framework/Versions/A/IconServices
0x000000000203c000 	/System/Library/PrivateFrameworks/Apple80211.framework/Versions/A/Apple80211
0x000000000203c000 	/System/Library/Frameworks/CoreWLAN.framework/Versions/A/CoreWLAN
0x000000000203c000 	/System/Library/Frameworks/IOBluetooth.framework/Versions/A/IOBluetooth
0x000000000203c000 	/System/Library/PrivateFrameworks/CoreWiFi.framework/Versions/A/CoreWiFi
0x000000000203c000 	/System/Library/Frameworks/CoreBluetooth.framework/Versions/A/CoreBluetooth
0x000000000203c000 	/System/Library/PrivateFrameworks/ChunkingLibrary.framework/Versions/A/ChunkingLibrary
0x000000000203c000 	/System/Library/PrivateFrameworks/DebugSymbols.framework/Versions/A/DebugSymbols
0x000000000203c000 	/System/Library/PrivateFrameworks/CoreSymbolication.framework/Versions/A/CoreSymbolication
0x000000000203c000 	/System/Library/PrivateFrameworks/Symbolication.framework/Versions/A/Symbolication
0x000000000203c000 	/System/Library/PrivateFrameworks/SpeechRecognitionCore.framework/Versions/A/SpeechRecognitionCore
0x0000000105bf2000 	/Library/Java/JavaVirtualMachines/jdk1.8.0_45.jdk/Contents/Home/jre/lib/server/libjvm.dylib
0x000000000203c000 	/usr/lib/libstdc++.6.dylib
0x0000000106b5f000 	/Library/Java/JavaVirtualMachines/jdk1.8.0_45.jdk/Contents/Home/jre/lib/libverify.dylib
0x0000000106b6d000 	/Library/Java/JavaVirtualMachines/jdk1.8.0_45.jdk/Contents/Home/jre/lib/libjava.dylib
0x0000000106bac000 	/Library/Java/JavaVirtualMachines/jdk1.8.0_45.jdk/Contents/Home/jre/lib/libzip.dylib
0x000000011cd1a000 	/System/Library/Frameworks/JavaVM.framework/Frameworks/JavaRuntimeSupport.framework/JavaRuntimeSupport
0x000000011cd35000 	/System/Library/Frameworks/JavaVM.framework/Versions/A/Frameworks/JavaNativeFoundation.framework/Versions/A/JavaNativeFoundation
0x000000011cd4a000 	/System/Library/Frameworks/JavaVM.framework/Versions/A/JavaVM
0x000000000203c000 	/System/Library/Frameworks/Carbon.framework/Versions/A/Carbon
0x000000011cd57000 	/System/Library/PrivateFrameworks/JavaLaunching.framework/Versions/A/JavaLaunching
0x000000000203c000 	/System/Library/Frameworks/Carbon.framework/Versions/A/Frameworks/CommonPanels.framework/Versions/A/CommonPanels
0x000000000203c000 	/System/Library/Frameworks/Carbon.framework/Versions/A/Frameworks/Help.framework/Versions/A/Help
0x000000000203c000 	/System/Library/Frameworks/Carbon.framework/Versions/A/Frameworks/ImageCapture.framework/Versions/A/ImageCapture
0x000000000203c000 	/System/Library/Frameworks/Carbon.framework/Versions/A/Frameworks/OpenScripting.framework/Versions/A/OpenScripting
0x000000000203c000 	/System/Library/Frameworks/Carbon.framework/Versions/A/Frameworks/Print.framework/Versions/A/Print
0x000000000203c000 	/System/Library/Frameworks/Carbon.framework/Versions/A/Frameworks/SecurityHI.framework/Versions/A/SecurityHI
0x000000011e748000 	/Library/Java/JavaVirtualMachines/jdk1.8.0_45.jdk/Contents/Home/jre/lib/libprism_es2.dylib
0x000000000203c000 	/System/Library/Frameworks/OpenGL.framework/Versions/A/Resources/GLEngine.bundle/GLEngine
0x000000000203c000 	/System/Library/Frameworks/OpenGL.framework/Versions/A/Libraries/libGLProgrammability.dylib
0x000000011e7ca000 	/System/Library/Extensions/AppleIntelHD3000GraphicsGLDriver.bundle/Contents/MacOS/AppleIntelHD3000GraphicsGLDriver
0x000000000203c000 	/System/Library/PrivateFrameworks/GPUSupport.framework/Versions/A/Libraries/libGPUSupport.dylib
0x000000000203c000 	/System/Library/Frameworks/OpenGL.framework/Versions/A/Resources/GLRendererFloat.bundle/GLRendererFloat
0x000000000203c000 	/System/Library/Frameworks/OpenCL.framework/Versions/A/Libraries/libcldcpuengine.dylib
0x000000000203c000 	/System/Library/PrivateFrameworks/DiskImages.framework/Versions/A/DiskImages
0x000000000203c000 	/System/Library/Frameworks/DiscRecording.framework/Versions/A/DiscRecording
0x000000000203c000 	/usr/lib/libcsfde.dylib
0x000000000203c000 	/usr/lib/libcurl.4.dylib
0x000000000203c000 	/System/Library/PrivateFrameworks/MediaKit.framework/Versions/A/MediaKit
0x000000000203c000 	/System/Library/PrivateFrameworks/ProtectedCloudStorage.framework/Versions/A/ProtectedCloudStorage
0x000000000203c000 	/usr/lib/libCoreStorage.dylib
0x000000000203c000 	/System/Library/PrivateFrameworks/EFILogin.framework/Versions/A/EFILogin
0x000000000203c000 	/usr/lib/libutil.dylib
0x000000000203c000 	/System/Library/PrivateFrameworks/FindMyDevice.framework/Versions/A/FindMyDevice
0x000000000203c000 	/System/Library/Frameworks/LDAP.framework/Versions/A/LDAP
0x000000000203c000 	/usr/lib/libsasl2.2.dylib
0x000000000203c000 	/System/Library/PrivateFrameworks/CoreDaemon.framework/Versions/B/CoreDaemon
0x000000000203c000 	/usr/lib/libcrypto.0.9.8.dylib
0x000000000203c000 	/System/Library/PrivateFrameworks/AppleSRP.framework/Versions/A/AppleSRP
0x000000000203c000 	/System/Library/PrivateFrameworks/TrustEvaluationAgent.framework/Versions/A/TrustEvaluationAgent
0x000000011ee4a000 	/Library/Java/JavaVirtualMachines/jdk1.8.0_45.jdk/Contents/Home/jre/lib/libglass.dylib
0x000000000203c000 	/System/Library/PrivateFrameworks/CoreServicesInternal.framework/Versions/A/CoreServicesInternal
0x000000000203c000 	/System/Library/CoreServices/RawCamera.bundle/Contents/MacOS/RawCamera
0x000000000203c000 	/System/Library/Frameworks/CoreGraphics.framework/Versions/A/Resources/libRIP.A.dylib
0x000000000203c000 	/System/Library/Frameworks/Accelerate.framework/Versions/A/Frameworks/vImage.framework/Versions/A/Libraries/libCGInterfaces.dylib
0x000000000203c000 	/System/Library/PrivateFrameworks/FamilyControls.framework/Versions/A/FamilyControls
0x000000000203c000 	/System/Library/PrivateFrameworks/CommerceKit.framework/Versions/A/Frameworks/CommerceCore.framework/Versions/A/CommerceCore
0x000000000203c000 	/System/Library/PrivateFrameworks/SystemAdministration.framework/Versions/A/SystemAdministration
0x000000000203c000 	/System/Library/PrivateFrameworks/AppContainer.framework/Versions/A/AppContainer
0x000000000203c000 	/System/Library/PrivateFrameworks/SecCodeWrapper.framework/Versions/A/SecCodeWrapper
0x000000000203c000 	/System/Library/Frameworks/DirectoryService.framework/Versions/A/DirectoryService
0x000000000203c000 	/System/Library/PrivateFrameworks/LoginUIKit.framework/Versions/A/Frameworks/LoginUICore.framework/Versions/A/LoginUICore
0x000000000203c000 	/usr/lib/libodfde.dylib
0x0000000121b6b000 	/Library/Java/JavaVirtualMachines/jdk1.8.0_45.jdk/Contents/Home/jre/lib/libjavafx_font.dylib
0x000000000203c000 	/System/Library/Frameworks/CoreGraphics.framework/Versions/A/Resources/libCGXType.A.dylib
0x0000000123596000 	cl_kernels
0x000000000203c000 	/System/Library/Frameworks/OpenCL.framework/Versions/A/Libraries/ImageFormats/unorm8_bgra.dylib
0x000000000203c000 	/System/Library/Frameworks/OpenCL.framework/Versions/A/Libraries/ImageFormats/unorm8_rgba.dylib
0x00000001235b4000 	/Library/Java/JavaVirtualMachines/jdk1.8.0_45.jdk/Contents/Home/jre/lib/libprism_common.dylib
0x000000012285d000 	/Library/Java/JavaVirtualMachines/jdk1.8.0_45.jdk/Contents/Home/jre/lib/libnet.dylib
0x0000000123959000 	/Library/Java/JavaVirtualMachines/jdk1.8.0_45.jdk/Contents/Home/jre/lib/libawt.dylib
0x00000001250d2000 	/Library/Java/JavaVirtualMachines/jdk1.8.0_45.jdk/Contents/Home/jre/lib/./libmlib_image.dylib
0x000000012519e000 	/Library/Java/JavaVirtualMachines/jdk1.8.0_45.jdk/Contents/Home/jre/lib/libawt_lwawt.dylib
0x000000012315a000 	/Library/Java/JavaVirtualMachines/jdk1.8.0_45.jdk/Contents/Home/jre/lib/./libosxapp.dylib
0x000000000203c000 	/System/Library/Frameworks/ExceptionHandling.framework/Versions/A/ExceptionHandling
0x0000000123a01000 	/Library/Java/JavaVirtualMachines/jdk1.8.0_45.jdk/Contents/Home/jre/lib/libfontmanager.dylib
0x000000012345c000 	/Library/Java/JavaVirtualMachines/jdk1.8.0_45.jdk/Contents/Home/jre/lib/libosxui.dylib
0x0000000123604000 	/Library/Java/JavaVirtualMachines/jdk1.8.0_45.jdk/Contents/Home/jre/lib/libnio.dylib
0x00000001268ac000 	/Library/Java/JavaVirtualMachines/jdk1.8.0_45.jdk/Contents/Home/jre/lib/libsunec.dylib

VM Arguments:
jvm_args: -Dfile.encoding=UTF-8 
java_command: main.Main
java_class_path (initial): /Users/aitor/Documents/workspace/Bluegram/bin:/Users/aitor/.p2/pool/plugins/org.eclipse.fx.ide.css.jfx8_2.1.0.201508240705.jar:/Volumes/Almacenamiento/librerias java/xmpp/XMPP jars/commons-codec-1.9.jar:/Volumes/Almacenamiento/librerias java/xmpp/XMPP jars/commons-logging-1.2-javadoc.jar:/Volumes/Almacenamiento/librerias java/xmpp/XMPP jars/commons-logging-1.2.jar:/Volumes/Almacenamiento/librerias java/xmpp/XMPP jars/fluent-hc-4.5.1.jar:/Volumes/Almacenamiento/librerias java/xmpp/XMPP jars/httpclient-4.5.1.jar:/Volumes/Almacenamiento/librerias java/xmpp/XMPP jars/httpclient-cache-4.5.1.jar:/Volumes/Almacenamiento/librerias java/xmpp/XMPP jars/httpclient-win-4.5.1.jar:/Volumes/Almacenamiento/librerias java/xmpp/XMPP jars/httpcore-4.4.3.jar:/Volumes/Almacenamiento/librerias java/xmpp/XMPP jars/httpmime-4.5.1.jar:/Volumes/Almacenamiento/librerias java/xmpp/XMPP jars/jna-4.1.0.jar:/Volumes/Almacenamiento/librerias java/xmpp/XMPP jars/jna-platform-4.1.0.jar:/Volumes/Almacenamiento/librerias java/xmpp/XMPP jars/jxmpp-core-0.4.1.jar:/Volumes/Almacenamiento/librerias java/xmpp/XMPP jars/jxmpp-util-cache-0.5.0-alpha2.jar:/Volumes/Almacenamiento/librerias java/xmpp/XMPP jars/minidns-0.1.3.jar:/Volumes/Almacenamiento/librerias java/xmpp/XMPP jars/smack-android-4.1.5-javadoc.jar:/Volumes/Almacenamiento/librerias java/xmpp/XMPP jars/smack-android-4.1.5-sources.jar:/Volumes/Almacenamiento/librerias java/xmpp/XMPP jars/smack-android-4.1.5.jar:/Volumes/Almacenamiento/librerias java/xmpp/XMPP jars/smack-android-extensions-4.1.5-javadoc.jar:/Volumes/Almacenamiento/librerias java/xmpp/XMPP jars/smack-android-extensions-4.1.5-sources.jar:/Volumes/Almacenamiento/librerias java/xmpp/XMPP jars/smack-android-extensions-4.1.5.jar:/Volumes/Almacenamiento/librerias java/xmpp/XMPP jars/smack-bosh-4.1.5-javadoc.jar:/Volumes/Almacenamiento/librerias java/xmpp/XMPP jars/smack-bosh-4.1.5-sources.jar:/Volumes/Almacenamiento/librerias java/xmpp/XMPP jars/smack-bosh-4.1.5
Launcher Type: SUN_STANDARD

Environment Variables:
PATH=/usr/bin:/bin:/usr/sbin:/sbin
SHELL=/bin/bash
DISPLAY=/private/tmp/com.apple.launchd.946JPo55r6/org.macosforge.xquartz:0

Signal Handlers:
SIGSEGV: [libjvm.dylib+0x58ef95], sa_mask[0]=11111111011111110111111111111111, sa_flags=SA_ONSTACK|SA_RESTART|SA_SIGINFO
SIGBUS: [libjvm.dylib+0x58ef95], sa_mask[0]=11111111011111110111111111111111, sa_flags=SA_RESTART|SA_SIGINFO
SIGFPE: [libjvm.dylib+0x46c108], sa_mask[0]=11111111011111110111111111111111, sa_flags=SA_RESTART|SA_SIGINFO
SIGPIPE: [libjvm.dylib+0x46c108], sa_mask[0]=11111111011111110111111111111111, sa_flags=SA_RESTART|SA_SIGINFO
SIGXFSZ: [libjvm.dylib+0x46c108], sa_mask[0]=11111111011111110111111111111111, sa_flags=SA_RESTART|SA_SIGINFO
SIGILL: [libjvm.dylib+0x46c108], sa_mask[0]=11111111011111110111111111111111, sa_flags=SA_RESTART|SA_SIGINFO
SIGUSR1: SIG_DFL, sa_mask[0]=00000000000000000000000000000000, sa_flags=none
SIGUSR2: [libjvm.dylib+0x46bc26], sa_mask[0]=00100000000000000000000000000000, sa_flags=SA_RESTART|SA_SIGINFO
SIGHUP: [libjvm.dylib+0x46a1f9], sa_mask[0]=11111111011111110111111111111111, sa_flags=SA_RESTART|SA_SIGINFO
SIGINT: [libjvm.dylib+0x46a1f9], sa_mask[0]=11111111011111110111111111111111, sa_flags=SA_RESTART|SA_SIGINFO
SIGTERM: [libjvm.dylib+0x46a1f9], sa_mask[0]=11111111011111110111111111111111, sa_flags=SA_RESTART|SA_SIGINFO
SIGQUIT: [libjvm.dylib+0x46a1f9], sa_mask[0]=11111111011111110111111111111111, sa_flags=SA_RESTART|SA_SIGINFO


---------------  S Y S T E M  ---------------

OS:Bsduname:Darwin 15.3.0 Darwin Kernel Version 15.3.0: Thu Dec 10 18:40:58 PST 2015; root:xnu-3248.30.4~1/RELEASE_X86_64 x86_64
rlimit: STACK 8192k, CORE 0k, NPROC 709, NOFILE 10240, AS infinity
load average:2.76 2.58 2.70

CPU:total 4 (2 cores per cpu, 2 threads per core) family 6 model 42 stepping 7, cmov, cx8, fxsr, mmx, sse, sse2, sse3, ssse3, sse4.1, sse4.2, popcnt, avx, aes, clmul, ht, tsc, tscinvbit

Memory: 4k page, physical 8388608k(668236k free)

/proc/meminfo:


vm_info: Java HotSpot(TM) 64-Bit Server VM (25.45-b02) for bsd-amd64 JRE (1.8.0_45-b14), built on Apr 10 2015 10:46:38 by "java_re" with gcc 4.2.1 (Based on Apple Inc. build 5658) (LLVM build 2336.11.00)

time: Wed Mar 23 18:37:09 2016
elapsed time: 25 seconds (0d 0h 0m 25s)

