#
# A fatal error has been detected by the Java Runtime Environment:
#
#  SIGSEGV (0xb) at pc=0x0000000101364ab6, pid=922, tid=2571
#
# JRE version: Java(TM) SE Runtime Environment (8.0_45-b14) (build 1.8.0_45-b14)
# Java VM: Java HotSpot(TM) 64-Bit Server VM (25.45-b02 mixed mode bsd-amd64 compressed oops)
# Problematic frame:
# V  [libjvm.dylib+0x164ab6]
#
# Failed to write core dump. Core dumps have been disabled. To enable core dumping, try "ulimit -c unlimited" before starting Java again
#
# If you would like to submit a bug report, please visit:
#   http://bugreport.java.com/bugreport/crash.jsp
#

---------------  T H R E A D  ---------------

Current thread is native thread

siginfo: si_signo: 11 (SIGSEGV), si_code: 1 (SEGV_MAPERR), si_addr: 0x0000000000000270

Registers:
RAX=0x0000000000000000, RBX=0x0000000000000000, RCX=0x0000000101506431, RDX=0x00007ff49a8891f8
RSP=0x00007fff5f4b5340, RBP=0x00007fff5f4b5350, RSI=0x0000000000000006, RDI=0x00007fff5f4b5390
R8 =0x0000000000000000, R9 =0x0000000000000000, R10=0x00007ff499ef6470, R11=0x00000001009f2b58
R12=0x00007ff49a8891f8, R13=0x000000011cde4eb0, R14=0x00007ff49a8891f8, R15=0x0000000000000000
RIP=0x0000000101364ab6, EFLAGS=0x0000000000010246, ERR=0x0000000000000006
  TRAPNO=0x000000000000000e

Top of Stack: (sp=0x00007fff5f4b5340)
0x00007fff5f4b5340:   00007ff49f010770 00007ff49a8891f8
0x00007fff5f4b5350:   00007fff5f4b53b0 0000000101506461
0x00007fff5f4b5360:   4b0090a116b3b6d4 0000000000000000
0x00007fff5f4b5370:   00007ff49bf9c800 00007ff499ee3bb0
0x00007fff5f4b5380:   00007fff5f4b53b0 000000011cbb3769
0x00007fff5f4b5390:   0000000000000000 00007ff49c4120f0
0x00007fff5f4b53a0:   00007ff49bf9c800 00007ff499ee3bb0
0x00007fff5f4b53b0:   00007fff5f4b5410 0000000120340a3f
0x00007fff5f4b53c0:   4b0090a116b3b6d4 0000000000000000
0x00007fff5f4b53d0:   40b798f82b1d2d40 00007ff49c44bc20
0x00007fff5f4b53e0:   00007fff5f4b5410 00007fff87b794c0
0x00007fff5f4b53f0:   0000000000000000 000000011cde4eb0
0x00007fff5f4b5400:   00007ff499ee3bb0 00007ff49c44bc20
0x00007fff5f4b5410:   00007fff5f4b5470 00007fff8fad490f
0x00007fff5f4b5420:   0000017a00000004 0000000000000000
0x00007fff5f4b5430:   00007ff499ee3bb0 0000000000000000
0x00007fff5f4b5440:   40b798f82b1d2d40 00007fff87b794c0
0x00007fff5f4b5450:   00007ff49c64eb60 00007ff499ee3bb0
0x00007fff5f4b5460:   0000000000000004 0000000000000000
0x00007fff5f4b5470:   00007fff5f4b54e0 00007fff8fad44b9
0x00007fff5f4b5480:   3ff0000000000000 4084500000000000
0x00007fff5f4b5490:   4077a00000000000 0000000000000000
0x00007fff5f4b54a0:   0000000000000000 4084500000000000
0x00007fff5f4b54b0:   4077a00000000000 00007fff5f4b55c0
0x00007fff5f4b54c0:   000000011cde59e8 00007fff91281151
0x00007fff5f4b54d0:   0000000000000001 000000011cde5940
0x00007fff5f4b54e0:   00007fff5f4b65c0 00007fff8fa7a10d
0x00007fff5f4b54f0:   00007fff5f4b65c0 00007fff8fa79fcf
0x00007fff5f4b5500:   0000000000000000 0000000121a707c0
0x00007fff5f4b5510:   000000011cde59e8 000000011cde59e8
0x00007fff5f4b5520:   000000011cde5940 0000000000000000
0x00007fff5f4b5530:   00007ff49ab3de00 00007fff5f4b54f0 

Instructions: (pc=0x0000000101364ab6)
0x0000000101364a96:   0e 48 8b 0b 49 8b 56 18 48 63 c0 48 89 0c c2 5b
0x0000000101364aa6:   41 5e 5d c3 90 90 55 48 89 e5 41 56 53 48 8b 1f
0x0000000101364ab6:   c7 83 70 02 00 00 05 00 00 00 48 8d 05 71 d2 75
0x0000000101364ac6:   00 8b 00 83 f8 01 41 89 f6 75 0c 48 8d 0d be 39 

Register to memory mapping:

RAX=0x0000000000000000 is an unknown value
RBX=0x0000000000000000 is an unknown value
RCX=0x0000000101506431: jni_NewLocalRef+0 in /Library/Java/JavaVirtualMachines/jdk1.8.0_45.jdk/Contents/Home/jre/lib/server/libjvm.dylib at 0x0000000101200000
RDX=0x00007ff49a8891f8 is an unknown value
RSP=0x00007fff5f4b5340 is an unknown value
RBP=0x00007fff5f4b5350 is an unknown value
RSI=0x0000000000000006 is an unknown value
RDI=0x00007fff5f4b5390 is an unknown value
R8 =0x0000000000000000 is an unknown value
R9 =0x0000000000000000 is an unknown value
R10=0x00007ff499ef6470 is an unknown value
R11=0x00000001009f2b58: OBJC_CLASS_$_JNFJObjectWrapper+0 in /System/Library/Frameworks/JavaVM.framework/Versions/A/Frameworks/JavaNativeFoundation.framework/Versions/A/JavaNativeFoundation at 0x00000001009e6000
R12=0x00007ff49a8891f8 is an unknown value
R13=0x000000011cde4eb0 is an unknown value
R14=0x00007ff49a8891f8 is an unknown value
R15=0x0000000000000000 is an unknown value


Stack: [0x00007fff5ecbc000,0x00007fff5f4bc000],  sp=0x00007fff5f4b5340,  free space=8164k
Native frames: (J=compiled Java code, j=interpreted, Vv=VM code, C=native code)
V  [libjvm.dylib+0x164ab6]
V  [libjvm.dylib+0x306461]
C  [libawt_lwawt.dylib+0x19a3f]  -[CGLLayer drawInCGLContext:pixelFormat:forLayerTime:displayTime:]+0xee
C  [QuartzCore+0x6990f]  _ZL17CAOpenGLLayerDrawP13CAOpenGLLayerdPK11CVTimeStampj+0x2ca
C  [QuartzCore+0x694b9]  -[CAOpenGLLayer _display]+0x160
C  [QuartzCore+0xf10d]  _ZN2CA5Layer17display_if_neededEPNS_11TransactionE+0x25b
C  [QuartzCore+0xe78d]  _ZN2CA5Layer28layout_and_display_if_neededEPNS_11TransactionE+0x23
C  [QuartzCore+0xdcf1]  _ZN2CA7Context18commit_transactionEPNS_11TransactionE+0x115
C  [QuartzCore+0xda24]  _ZN2CA11Transaction6commitEv+0x1fc
C  [QuartzCore+0x1c917]  _ZN2CA11Transaction17observer_callbackEP19__CFRunLoopObservermPv+0x47
C  [CoreFoundation+0x7de37]  __CFRUNLOOP_IS_CALLING_OUT_TO_AN_OBSERVER_CALLBACK_FUNCTION__+0x17
C  [CoreFoundation+0x7dda7]  __CFRunLoopDoObservers+0x187
C  [CoreFoundation+0x6fa3a]  __CFRunLoopRun+0x49a
C  [CoreFoundation+0x6f338]  CFRunLoopRunSpecific+0x128
C  [java+0x6490]  CreateExecutionEnvironment+0x367
C  [java+0x221c]  JLI_Launch+0x7a0
C  [java+0x84ed]  main+0x65
C  [java+0x1a74]  start+0x34


---------------  P R O C E S S  ---------------

VM state:not at safepoint (normal execution)

VM Mutex/Monitor currently owned by a thread: None

Heap:
 PSYoungGen      total 38400K, used 7116K [0x0000000795580000, 0x0000000798000000, 0x00000007c0000000)
  eden space 33280K, 6% used [0x0000000795580000,0x00000007957761d8,0x0000000797600000)
  from space 5120K, 99% used [0x0000000797600000,0x0000000797afcea0,0x0000000797b00000)
  to   space 5120K, 0% used [0x0000000797b00000,0x0000000797b00000,0x0000000798000000)
 ParOldGen       total 49152K, used 11140K [0x0000000740000000, 0x0000000743000000, 0x0000000795580000)
  object space 49152K, 22% used [0x0000000740000000,0x0000000740ae12c8,0x0000000743000000)
 Metaspace       used 31726K, capacity 32866K, committed 33152K, reserved 1077248K
  class space    used 4449K, capacity 4680K, committed 4736K, reserved 1048576K

Card table byte_map: [0x000000011155e000,0x000000011195f000] byte_map_base: 0x000000010db5e000

Marking Bits: (ParMarkBitMap*) 0x0000000101ac27a0
 Begin Bits: [0x0000000111c0a000, 0x0000000113c0a000)
 End Bits:   [0x0000000113c0a000, 0x0000000115c0a000)

Polling page: 0x00000001009d2000

CodeCache: size=245760Kb used=9223Kb max_used=9223Kb free=236536Kb
 bounds [0x000000010219e000, 0x0000000102aae000, 0x000000011119e000]
 total_blobs=3946 nmethods=3094 adapters=763
 compilation: enabled

Compilation events (10 events):
Event: 14.644 Thread 0x00007ff49a069000 nmethod 3374 0x0000000102a98e10 code [0x0000000102a98f60, 0x0000000102a99070]
Event: 14.644 Thread 0x00007ff49a069000 3376       1       javax.swing.JList::getDropLocation (5 bytes)
Event: 14.644 Thread 0x00007ff49a069000 nmethod 3376 0x0000000102a9bd10 code [0x0000000102a9be60, 0x0000000102a9bf70]
Event: 14.644 Thread 0x00007ff49a069000 3377       3       sun.java2d.pipe.Region::<init> (26 bytes)
Event: 14.645 Thread 0x00007ff49a069000 nmethod 3377 0x0000000102a9bfd0 code [0x0000000102a9c140, 0x0000000102a9c2f0]
Event: 14.645 Thread 0x00007ff49a069000 3378   !   3       sun.java2d.SunGraphics2D::validateCompClip (224 bytes)
Event: 14.647 Thread 0x00007ff49a069000 nmethod 3378 0x0000000102a9c3d0 code [0x0000000102a9c720, 0x0000000102a9e808]
Event: 14.647 Thread 0x00007ff49a069000 3379       3       sun.java2d.pipe.RenderQueue::ensureAlignment (28 bytes)
Event: 14.647 Thread 0x00007ff49a069000 nmethod 3379 0x0000000102a9f510 code [0x0000000102a9f680, 0x0000000102a9fa10]
Event: 14.647 Thread 0x00007ff49a069000 3381       3       java.awt.Component::isMixingNeeded (269 bytes)

GC Heap History (8 events):
Event: 2.180 GC heap before
{Heap before GC invocations=1 (full 0):
 PSYoungGen      total 38400K, used 33280K [0x0000000795580000, 0x0000000798000000, 0x00000007c0000000)
  eden space 33280K, 100% used [0x0000000795580000,0x0000000797600000,0x0000000797600000)
  from space 5120K, 0% used [0x0000000797b00000,0x0000000797b00000,0x0000000798000000)
  to   space 5120K, 0% used [0x0000000797600000,0x0000000797600000,0x0000000797b00000)
 ParOldGen       total 87552K, used 0K [0x0000000740000000, 0x0000000745580000, 0x0000000795580000)
  object space 87552K, 0% used [0x0000000740000000,0x0000000740000000,0x0000000745580000)
 Metaspace       used 13493K, capacity 14060K, committed 14336K, reserved 1060864K
  class space    used 1809K, capacity 1993K, committed 2048K, reserved 1048576K
Event: 2.191 GC heap after
Heap after GC invocations=1 (full 0):
 PSYoungGen      total 38400K, used 4938K [0x0000000795580000, 0x0000000798000000, 0x00000007c0000000)
  eden space 33280K, 0% used [0x0000000795580000,0x0000000795580000,0x0000000797600000)
  from space 5120K, 96% used [0x0000000797600000,0x0000000797ad2b30,0x0000000797b00000)
  to   space 5120K, 0% used [0x0000000797b00000,0x0000000797b00000,0x0000000798000000)
 ParOldGen       total 87552K, used 80K [0x0000000740000000, 0x0000000745580000, 0x0000000795580000)
  object space 87552K, 0% used [0x0000000740000000,0x0000000740014010,0x0000000745580000)
 Metaspace       used 13493K, capacity 14060K, committed 14336K, reserved 1060864K
  class space    used 1809K, capacity 1993K, committed 2048K, reserved 1048576K
}
Event: 8.181 GC heap before
{Heap before GC invocations=2 (full 0):
 PSYoungGen      total 38400K, used 37015K [0x0000000795580000, 0x0000000798000000, 0x00000007c0000000)
  eden space 33280K, 96% used [0x0000000795580000,0x00000007974d3168,0x0000000797600000)
  from space 5120K, 96% used [0x0000000797600000,0x0000000797ad2b30,0x0000000797b00000)
  to   space 5120K, 0% used [0x0000000797b00000,0x0000000797b00000,0x0000000798000000)
 ParOldGen       total 87552K, used 80K [0x0000000740000000, 0x0000000745580000, 0x0000000795580000)
  object space 87552K, 0% used [0x0000000740000000,0x0000000740014010,0x0000000745580000)
 Metaspace       used 20477K, capacity 21172K, committed 21248K, reserved 1067008K
  class space    used 2844K, capacity 3045K, committed 3072K, reserved 1048576K
Event: 8.194 GC heap after
Heap after GC invocations=2 (full 0):
 PSYoungGen      total 38400K, used 5103K [0x0000000795580000, 0x0000000798000000, 0x00000007c0000000)
  eden space 33280K, 0% used [0x0000000795580000,0x0000000795580000,0x0000000797600000)
  from space 5120K, 99% used [0x0000000797b00000,0x0000000797ffbf40,0x0000000798000000)
  to   space 5120K, 0% used [0x0000000797600000,0x0000000797600000,0x0000000797b00000)
 ParOldGen       total 87552K, used 4688K [0x0000000740000000, 0x0000000745580000, 0x0000000795580000)
  object space 87552K, 5% used [0x0000000740000000,0x00000007404942c0,0x0000000745580000)
 Metaspace       used 20477K, capacity 21172K, committed 21248K, reserved 1067008K
  class space    used 2844K, capacity 3045K, committed 3072K, reserved 1048576K
}
Event: 8.194 GC heap before
{Heap before GC invocations=3 (full 1):
 PSYoungGen      total 38400K, used 5103K [0x0000000795580000, 0x0000000798000000, 0x00000007c0000000)
  eden space 33280K, 0% used [0x0000000795580000,0x0000000795580000,0x0000000797600000)
  from space 5120K, 99% used [0x0000000797b00000,0x0000000797ffbf40,0x0000000798000000)
  to   space 5120K, 0% used [0x0000000797600000,0x0000000797600000,0x0000000797b00000)
 ParOldGen       total 87552K, used 4688K [0x0000000740000000, 0x0000000745580000, 0x0000000795580000)
  object space 87552K, 5% used [0x0000000740000000,0x00000007404942c0,0x0000000745580000)
 Metaspace       used 20477K, capacity 21172K, committed 21248K, reserved 1067008K
  class space    used 2844K, capacity 3045K, committed 3072K, reserved 1048576K
Event: 8.242 GC heap after
Heap after GC invocations=3 (full 1):
 PSYoungGen      total 38400K, used 0K [0x0000000795580000, 0x0000000798000000, 0x00000007c0000000)
  eden space 33280K, 0% used [0x0000000795580000,0x0000000795580000,0x0000000797600000)
  from space 5120K, 0% used [0x0000000797b00000,0x0000000797b00000,0x0000000798000000)
  to   space 5120K, 0% used [0x0000000797600000,0x0000000797600000,0x0000000797b00000)
 ParOldGen       total 49152K, used 9634K [0x0000000740000000, 0x0000000743000000, 0x0000000795580000)
  object space 49152K, 19% used [0x0000000740000000,0x00000007409689e8,0x0000000743000000)
 Metaspace       used 20477K, capacity 21172K, committed 21248K, reserved 1067008K
  class space    used 2844K, capacity 3045K, committed 3072K, reserved 1048576K
}
Event: 10.019 GC heap before
{Heap before GC invocations=4 (full 1):
 PSYoungGen      total 38400K, used 33280K [0x0000000795580000, 0x0000000798000000, 0x00000007c0000000)
  eden space 33280K, 100% used [0x0000000795580000,0x0000000797600000,0x0000000797600000)
  from space 5120K, 0% used [0x0000000797b00000,0x0000000797b00000,0x0000000798000000)
  to   space 5120K, 0% used [0x0000000797600000,0x0000000797600000,0x0000000797b00000)
 ParOldGen       total 49152K, used 9634K [0x0000000740000000, 0x0000000743000000, 0x0000000795580000)
  object space 49152K, 19% used [0x0000000740000000,0x00000007409689e8,0x0000000743000000)
 Metaspace       used 31615K, capacity 32770K, committed 32896K, reserved 1077248K
  class space    used 4443K, capacity 4672K, committed 4736K, reserved 1048576K
Event: 10.028 GC heap after
Heap after GC invocations=4 (full 1):
 PSYoungGen      total 38400K, used 5107K [0x0000000795580000, 0x0000000798000000, 0x00000007c0000000)
  eden space 33280K, 0% used [0x0000000795580000,0x0000000795580000,0x0000000797600000)
  from space 5120K, 99% used [0x0000000797600000,0x0000000797afcea0,0x0000000797b00000)
  to   space 5120K, 0% used [0x0000000797b00000,0x0000000797b00000,0x0000000798000000)
 ParOldGen       total 49152K, used 11140K [0x0000000740000000, 0x0000000743000000, 0x0000000795580000)
  object space 49152K, 22% used [0x0000000740000000,0x0000000740ae12c8,0x0000000743000000)
 Metaspace       used 31615K, capacity 32770K, committed 32896K, reserved 1077248K
  class space    used 4443K, capacity 4672K, committed 4736K, reserved 1048576K
}

Deoptimization events (10 events):
Event: 9.473 Thread 0x00007ff49e86b000 Uncommon trap: reason=bimorphic action=maybe_recompile pc=0x0000000102860ec0 method=java.util.HashMap.putVal(ILjava/lang/Object;Ljava/lang/Object;ZZ)Ljava/lang/Object; @ 203
Event: 9.474 Thread 0x00007ff49e86b000 Uncommon trap: reason=bimorphic action=maybe_recompile pc=0x0000000102860ec0 method=java.util.HashMap.putVal(ILjava/lang/Object;Ljava/lang/Object;ZZ)Ljava/lang/Object; @ 203
Event: 9.474 Thread 0x00007ff49e86b000 Uncommon trap: reason=bimorphic action=maybe_recompile pc=0x0000000102860ec0 method=java.util.HashMap.putVal(ILjava/lang/Object;Ljava/lang/Object;ZZ)Ljava/lang/Object; @ 203
Event: 9.477 Thread 0x00007ff49e86b000 Uncommon trap: reason=bimorphic action=maybe_recompile pc=0x0000000102860ec0 method=java.util.HashMap.putVal(ILjava/lang/Object;Ljava/lang/Object;ZZ)Ljava/lang/Object; @ 203
Event: 9.516 Thread 0x00007ff49e86b000 Uncommon trap: reason=unstable_if action=reinterpret pc=0x0000000102538a2c method=java.lang.String.regionMatches(ZILjava/lang/String;II)Z @ 123
Event: 9.531 Thread 0x00007ff49e86b000 Uncommon trap: reason=unstable_if action=reinterpret pc=0x00000001022fe62c method=java.io.ByteArrayInputStream.read()I @ 8
Event: 9.550 Thread 0x00007ff49e86b000 Uncommon trap: reason=unstable_if action=reinterpret pc=0x00000001028185a0 method=java.util.concurrent.ConcurrentHashMap.putVal(Ljava/lang/Object;Ljava/lang/Object;Z)Ljava/lang/Object; @ 181
Event: 9.938 Thread 0x00007ff49a889000 Uncommon trap: reason=unstable_if action=reinterpret pc=0x0000000102354cc8 method=java.lang.StrictMath.floorOrCeil(DDDD)D @ 38
Event: 9.938 Thread 0x00007ff49a889000 Uncommon trap: reason=unstable_if action=reinterpret pc=0x00000001028d9474 method=java.lang.StrictMath.floorOrCeil(DDDD)D @ 38
Event: 9.958 Thread 0x00007ff49a889000 Uncommon trap: reason=unstable_if action=reinterpret pc=0x000000010298dbf0 method=javafx.scene.Node.getLocalBounds(Lcom/sun/javafx/geom/BaseBounds;Lcom/sun/javafx/geom/transform/BaseTransform;)Lcom/sun/javafx/geom/BaseBounds; @ 4

Internal exceptions (10 events):
Event: 8.170 Thread 0x00007ff49be28000 Exception <a 'java/io/FileNotFoundException'> (0x00000007974b92f0) thrown at [/Users/java_re/workspace/8-2-build-macosx-x86_64/jdk8u45/3457/hotspot/src/share/vm/prims/jni.cpp, line 709]
Event: 9.139 Thread 0x00007ff49be28000 Implicit null exception at 0x000000010245bdf5 to 0x000000010245c155
Event: 9.140 Thread 0x00007ff49be28000 Implicit null exception at 0x00000001023ce3b5 to 0x00000001023ce709
Event: 9.319 Thread 0x00007ff49be28000 Exception <a 'java/lang/ArrayIndexOutOfBoundsException'> (0x0000000795f80838) thrown at [/Users/java_re/workspace/8-2-build-macosx-x86_64/jdk8u45/3457/hotspot/src/share/vm/runtime/sharedRuntime.cpp, line 605]
Event: 9.320 Thread 0x00007ff49be28000 Exception <a 'java/lang/ArrayIndexOutOfBoundsException'> (0x0000000795f81c78) thrown at [/Users/java_re/workspace/8-2-build-macosx-x86_64/jdk8u45/3457/hotspot/src/share/vm/runtime/sharedRuntime.cpp, line 605]
Event: 9.321 Thread 0x00007ff49be28000 Exception <a 'java/lang/ArrayIndexOutOfBoundsException'> (0x0000000795f967e0) thrown at [/Users/java_re/workspace/8-2-build-macosx-x86_64/jdk8u45/3457/hotspot/src/share/vm/runtime/sharedRuntime.cpp, line 605]
Event: 9.746 Thread 0x00007ff49a889000 Exception <a 'java/lang/ArrayIndexOutOfBoundsException'> (0x0000000796ea6690) thrown at [/Users/java_re/workspace/8-2-build-macosx-x86_64/jdk8u45/3457/hotspot/src/share/vm/runtime/sharedRuntime.cpp, line 605]
Event: 9.761 Thread 0x00007ff49a889000 Exception <a 'java/lang/ArrayIndexOutOfBoundsException'> (0x0000000797004b40) thrown at [/Users/java_re/workspace/8-2-build-macosx-x86_64/jdk8u45/3457/hotspot/src/share/vm/runtime/sharedRuntime.cpp, line 605]
Event: 9.761 Thread 0x00007ff49a889000 Exception <a 'java/lang/ArrayIndexOutOfBoundsException'> (0x00000007970085b0) thrown at [/Users/java_re/workspace/8-2-build-macosx-x86_64/jdk8u45/3457/hotspot/src/share/vm/runtime/sharedRuntime.cpp, line 605]
Event: 10.030 Thread 0x00007ff49b820800 Exception <a 'java/lang/NullPointerException'> (0x00000007955bdfb8) thrown at [/Users/java_re/workspace/8-2-build-macosx-x86_64/jdk8u45/3457/hotspot/src/share/vm/interpreter/linkResolver.cpp, line 1178]

Events (10 events):
Event: 14.637 loading class sun/lwawt/macosx/CCustomCursor done
Event: 14.638 loading class com/sun/javafx/tk/quantum/QuantumRenderer
Event: 14.638 loading class com/sun/javafx/tk/quantum/QuantumRenderer done
Event: 14.639 loading class com/sun/javafx/tk/quantum/QuantumToolkit
Event: 14.639 loading class com/sun/javafx/tk/quantum/QuantumToolkit done
Event: 14.639 Thread 0x00007ff49a86c000 Thread exited: 0x00007ff49a86c000
Event: 14.640 Thread 0x00007ff49a8a5800 Thread exited: 0x00007ff49a8a5800
Event: 14.640 Thread 0x00007ff49a010000 Thread exited: 0x00007ff49a010000
Event: 14.640 Thread 0x00007ff49a889000 Thread exited: 0x00007ff49a889000
Event: 14.640 Thread 0x00007ff49b3b2800 Thread added: 0x00007ff49b3b2800


Dynamic libraries:
0x000000000076a000 	/System/Library/Frameworks/Cocoa.framework/Versions/A/Cocoa
0x000000000076a000 	/System/Library/Frameworks/Security.framework/Versions/A/Security
0x000000000076a000 	/System/Library/Frameworks/ApplicationServices.framework/Versions/A/ApplicationServices
0x000000000076a000 	/usr/lib/libz.1.dylib
0x000000000076a000 	/usr/lib/libSystem.B.dylib
0x000000000076a000 	/usr/lib/libobjc.A.dylib
0x000000000076a000 	/System/Library/Frameworks/CoreFoundation.framework/Versions/A/CoreFoundation
0x000000000076a000 	/System/Library/Frameworks/Foundation.framework/Versions/C/Foundation
0x000000000076a000 	/System/Library/Frameworks/AppKit.framework/Versions/C/AppKit
0x000000000076a000 	/System/Library/Frameworks/CoreData.framework/Versions/A/CoreData
0x000000000076a000 	/System/Library/PrivateFrameworks/RemoteViewServices.framework/Versions/A/RemoteViewServices
0x000000000076a000 	/System/Library/PrivateFrameworks/UIFoundation.framework/Versions/A/UIFoundation
0x000000000076a000 	/usr/lib/libScreenReader.dylib
0x000000000076a000 	/System/Library/Frameworks/Accelerate.framework/Versions/A/Accelerate
0x000000000076a000 	/System/Library/Frameworks/IOSurface.framework/Versions/A/IOSurface
0x000000000076a000 	/System/Library/Frameworks/AudioToolbox.framework/Versions/A/AudioToolbox
0x000000000076a000 	/System/Library/Frameworks/AudioUnit.framework/Versions/A/AudioUnit
0x000000000076a000 	/System/Library/PrivateFrameworks/DataDetectorsCore.framework/Versions/A/DataDetectorsCore
0x000000000076a000 	/System/Library/PrivateFrameworks/DesktopServicesPriv.framework/Versions/A/DesktopServicesPriv
0x000000000076a000 	/System/Library/Frameworks/Carbon.framework/Versions/A/Frameworks/HIToolbox.framework/Versions/A/HIToolbox
0x000000000076a000 	/System/Library/Frameworks/QuartzCore.framework/Versions/A/QuartzCore
0x000000000076a000 	/System/Library/Frameworks/Carbon.framework/Versions/A/Frameworks/SpeechRecognition.framework/Versions/A/SpeechRecognition
0x000000000076a000 	/usr/lib/libauto.dylib
0x000000000076a000 	/usr/lib/libicucore.A.dylib
0x000000000076a000 	/usr/lib/libxml2.2.dylib
0x000000000076a000 	/System/Library/PrivateFrameworks/CoreUI.framework/Versions/A/CoreUI
0x000000000076a000 	/System/Library/Frameworks/CoreAudio.framework/Versions/A/CoreAudio
0x000000000076a000 	/System/Library/Frameworks/DiskArbitration.framework/Versions/A/DiskArbitration
0x000000000076a000 	/usr/lib/liblangid.dylib
0x000000000076a000 	/System/Library/PrivateFrameworks/MultitouchSupport.framework/Versions/A/MultitouchSupport
0x000000000076a000 	/System/Library/Frameworks/IOKit.framework/Versions/A/IOKit
0x000000000076a000 	/usr/lib/libDiagnosticMessagesClient.dylib
0x000000000076a000 	/System/Library/Frameworks/CoreServices.framework/Versions/A/CoreServices
0x000000000076a000 	/System/Library/PrivateFrameworks/PerformanceAnalysis.framework/Versions/A/PerformanceAnalysis
0x000000000076a000 	/System/Library/PrivateFrameworks/GenerationalStorage.framework/Versions/A/GenerationalStorage
0x000000000076a000 	/System/Library/Frameworks/OpenGL.framework/Versions/A/OpenGL
0x000000000076a000 	/System/Library/PrivateFrameworks/Sharing.framework/Versions/A/Sharing
0x000000000076a000 	/System/Library/Frameworks/CoreGraphics.framework/Versions/A/CoreGraphics
0x000000000076a000 	/System/Library/Frameworks/CoreImage.framework/Versions/A/CoreImage
0x000000000076a000 	/System/Library/Frameworks/CoreText.framework/Versions/A/CoreText
0x000000000076a000 	/System/Library/Frameworks/ImageIO.framework/Versions/A/ImageIO
0x000000000076a000 	/System/Library/PrivateFrameworks/Backup.framework/Versions/A/Backup
0x000000000076a000 	/usr/lib/libextension.dylib
0x000000000076a000 	/usr/lib/libarchive.2.dylib
0x000000000076a000 	/System/Library/Frameworks/CFNetwork.framework/Versions/A/CFNetwork
0x000000000076a000 	/System/Library/Frameworks/SystemConfiguration.framework/Versions/A/SystemConfiguration
0x000000000076a000 	/usr/lib/libCRFSuite.dylib
0x000000000076a000 	/usr/lib/libc++.1.dylib
0x000000000076a000 	/usr/lib/libc++abi.dylib
0x000000000076a000 	/usr/lib/system/libcache.dylib
0x000000000076a000 	/usr/lib/system/libcommonCrypto.dylib
0x000000000076a000 	/usr/lib/system/libcompiler_rt.dylib
0x000000000076a000 	/usr/lib/system/libcopyfile.dylib
0x000000000076a000 	/usr/lib/system/libcorecrypto.dylib
0x000000000076a000 	/usr/lib/system/libdispatch.dylib
0x000000000076a000 	/usr/lib/system/libdyld.dylib
0x000000000076a000 	/usr/lib/system/libkeymgr.dylib
0x000000000076a000 	/usr/lib/system/liblaunch.dylib
0x000000000076a000 	/usr/lib/system/libmacho.dylib
0x000000000076a000 	/usr/lib/system/libquarantine.dylib
0x000000000076a000 	/usr/lib/system/libremovefile.dylib
0x000000000076a000 	/usr/lib/system/libsystem_asl.dylib
0x000000000076a000 	/usr/lib/system/libsystem_blocks.dylib
0x000000000076a000 	/usr/lib/system/libsystem_c.dylib
0x000000000076a000 	/usr/lib/system/libsystem_configuration.dylib
0x000000000076a000 	/usr/lib/system/libsystem_coreservices.dylib
0x000000000076a000 	/usr/lib/system/libsystem_coretls.dylib
0x000000000076a000 	/usr/lib/system/libsystem_dnssd.dylib
0x000000000076a000 	/usr/lib/system/libsystem_info.dylib
0x000000000076a000 	/usr/lib/system/libsystem_kernel.dylib
0x000000000076a000 	/usr/lib/system/libsystem_m.dylib
0x000000000076a000 	/usr/lib/system/libsystem_malloc.dylib
0x000000000076a000 	/usr/lib/system/libsystem_network.dylib
0x000000000076a000 	/usr/lib/system/libsystem_networkextension.dylib
0x000000000076a000 	/usr/lib/system/libsystem_notify.dylib
0x000000000076a000 	/usr/lib/system/libsystem_platform.dylib
0x000000000076a000 	/usr/lib/system/libsystem_pthread.dylib
0x000000000076a000 	/usr/lib/system/libsystem_sandbox.dylib
0x000000000076a000 	/usr/lib/system/libsystem_secinit.dylib
0x000000000076a000 	/usr/lib/system/libsystem_trace.dylib
0x000000000076a000 	/usr/lib/system/libunc.dylib
0x000000000076a000 	/usr/lib/system/libunwind.dylib
0x000000000076a000 	/usr/lib/system/libxpc.dylib
0x000000000076a000 	/usr/lib/libenergytrace.dylib
0x000000000076a000 	/usr/lib/libbsm.0.dylib
0x000000000076a000 	/usr/lib/system/libkxld.dylib
0x000000000076a000 	/usr/lib/libxar.1.dylib
0x000000000076a000 	/usr/lib/libsqlite3.dylib
0x000000000076a000 	/usr/lib/libpam.2.dylib
0x000000000076a000 	/usr/lib/libOpenScriptingUtil.dylib
0x000000000076a000 	/usr/lib/libbz2.1.0.dylib
0x000000000076a000 	/usr/lib/liblzma.5.dylib
0x000000000076a000 	/System/Library/Frameworks/CoreServices.framework/Versions/A/Frameworks/FSEvents.framework/Versions/A/FSEvents
0x000000000076a000 	/System/Library/Frameworks/CoreServices.framework/Versions/A/Frameworks/CarbonCore.framework/Versions/A/CarbonCore
0x000000000076a000 	/System/Library/Frameworks/CoreServices.framework/Versions/A/Frameworks/Metadata.framework/Versions/A/Metadata
0x000000000076a000 	/System/Library/Frameworks/CoreServices.framework/Versions/A/Frameworks/OSServices.framework/Versions/A/OSServices
0x000000000076a000 	/System/Library/Frameworks/CoreServices.framework/Versions/A/Frameworks/SearchKit.framework/Versions/A/SearchKit
0x000000000076a000 	/System/Library/Frameworks/CoreServices.framework/Versions/A/Frameworks/AE.framework/Versions/A/AE
0x000000000076a000 	/System/Library/Frameworks/CoreServices.framework/Versions/A/Frameworks/LaunchServices.framework/Versions/A/LaunchServices
0x000000000076a000 	/System/Library/Frameworks/CoreServices.framework/Versions/A/Frameworks/DictionaryServices.framework/Versions/A/DictionaryServices
0x000000000076a000 	/System/Library/Frameworks/CoreServices.framework/Versions/A/Frameworks/SharedFileList.framework/Versions/A/SharedFileList
0x000000000076a000 	/System/Library/Frameworks/NetFS.framework/Versions/A/NetFS
0x000000000076a000 	/System/Library/PrivateFrameworks/NetAuth.framework/Versions/A/NetAuth
0x000000000076a000 	/System/Library/PrivateFrameworks/login.framework/Versions/A/Frameworks/loginsupport.framework/Versions/A/loginsupport
0x000000000076a000 	/System/Library/PrivateFrameworks/TCC.framework/Versions/A/TCC
0x000000000076a000 	/usr/lib/libmecabra.dylib
0x000000000076a000 	/System/Library/Frameworks/ApplicationServices.framework/Versions/A/Frameworks/ATS.framework/Versions/A/ATS
0x000000000076a000 	/System/Library/Frameworks/ApplicationServices.framework/Versions/A/Frameworks/ColorSync.framework/Versions/A/ColorSync
0x000000000076a000 	/System/Library/Frameworks/ApplicationServices.framework/Versions/A/Frameworks/HIServices.framework/Versions/A/HIServices
0x000000000076a000 	/System/Library/Frameworks/ApplicationServices.framework/Versions/A/Frameworks/LangAnalysis.framework/Versions/A/LangAnalysis
0x000000000076a000 	/System/Library/Frameworks/ApplicationServices.framework/Versions/A/Frameworks/PrintCore.framework/Versions/A/PrintCore
0x000000000076a000 	/System/Library/Frameworks/ApplicationServices.framework/Versions/A/Frameworks/QD.framework/Versions/A/QD
0x000000000076a000 	/System/Library/Frameworks/ApplicationServices.framework/Versions/A/Frameworks/SpeechSynthesis.framework/Versions/A/SpeechSynthesis
0x000000000076a000 	/System/Library/Frameworks/Metal.framework/Versions/A/Metal
0x000000000076a000 	/System/Library/Frameworks/Accelerate.framework/Versions/A/Frameworks/vImage.framework/Versions/A/vImage
0x000000000076a000 	/System/Library/Frameworks/Accelerate.framework/Versions/A/Frameworks/vecLib.framework/Versions/A/vecLib
0x000000000076a000 	/System/Library/Frameworks/Accelerate.framework/Versions/A/Frameworks/vecLib.framework/Versions/A/libvDSP.dylib
0x000000000076a000 	/System/Library/Frameworks/Accelerate.framework/Versions/A/Frameworks/vecLib.framework/Versions/A/libvMisc.dylib
0x000000000076a000 	/System/Library/Frameworks/Accelerate.framework/Versions/A/Frameworks/vecLib.framework/Versions/A/libLAPACK.dylib
0x000000000076a000 	/System/Library/Frameworks/Accelerate.framework/Versions/A/Frameworks/vecLib.framework/Versions/A/libBLAS.dylib
0x000000000076a000 	/System/Library/Frameworks/Accelerate.framework/Versions/A/Frameworks/vecLib.framework/Versions/A/libLinearAlgebra.dylib
0x000000000076a000 	/System/Library/Frameworks/Accelerate.framework/Versions/A/Frameworks/vecLib.framework/Versions/A/libSparseBLAS.dylib
0x000000000076a000 	/System/Library/PrivateFrameworks/GPUCompiler.framework/libmetal_timestamp.dylib
0x000000000076a000 	/System/Library/Frameworks/OpenGL.framework/Versions/A/Libraries/libCoreFSCache.dylib
0x000000000076a000 	/System/Library/PrivateFrameworks/IOAccelerator.framework/Versions/A/IOAccelerator
0x000000000076a000 	/System/Library/Frameworks/ApplicationServices.framework/Versions/A/Frameworks/ATS.framework/Versions/A/Resources/libFontParser.dylib
0x000000000076a000 	/System/Library/Frameworks/ApplicationServices.framework/Versions/A/Frameworks/ATS.framework/Versions/A/Resources/libFontRegistry.dylib
0x000000000076a000 	/System/Library/PrivateFrameworks/AppleVPA.framework/Versions/A/AppleVPA
0x000000000076a000 	/System/Library/PrivateFrameworks/AppleJPEG.framework/Versions/A/AppleJPEG
0x000000000076a000 	/System/Library/Frameworks/ImageIO.framework/Versions/A/Resources/libJPEG.dylib
0x000000000076a000 	/System/Library/Frameworks/ImageIO.framework/Versions/A/Resources/libTIFF.dylib
0x000000000076a000 	/System/Library/Frameworks/ImageIO.framework/Versions/A/Resources/libPng.dylib
0x000000000076a000 	/System/Library/Frameworks/ImageIO.framework/Versions/A/Resources/libGIF.dylib
0x000000000076a000 	/System/Library/Frameworks/ImageIO.framework/Versions/A/Resources/libJP2.dylib
0x000000000076a000 	/System/Library/Frameworks/ImageIO.framework/Versions/A/Resources/libRadiance.dylib
0x000000000076a000 	/System/Library/Frameworks/CoreVideo.framework/Versions/A/CoreVideo
0x000000000076a000 	/System/Library/Frameworks/OpenGL.framework/Versions/A/Libraries/libGLU.dylib
0x000000000076a000 	/System/Library/Frameworks/OpenGL.framework/Versions/A/Libraries/libGFXShared.dylib
0x000000000076a000 	/System/Library/Frameworks/OpenGL.framework/Versions/A/Libraries/libGL.dylib
0x000000000076a000 	/System/Library/Frameworks/OpenGL.framework/Versions/A/Libraries/libGLImage.dylib
0x000000000076a000 	/System/Library/Frameworks/OpenGL.framework/Versions/A/Libraries/libCVMSPluginSupport.dylib
0x000000000076a000 	/System/Library/Frameworks/OpenGL.framework/Versions/A/Libraries/libCoreVMClient.dylib
0x000000000076a000 	/usr/lib/libcups.2.dylib
0x000000000076a000 	/System/Library/Frameworks/Kerberos.framework/Versions/A/Kerberos
0x000000000076a000 	/System/Library/Frameworks/GSS.framework/Versions/A/GSS
0x000000000076a000 	/usr/lib/libresolv.9.dylib
0x000000000076a000 	/usr/lib/libiconv.2.dylib
0x000000000076a000 	/System/Library/PrivateFrameworks/Heimdal.framework/Versions/A/Heimdal
0x000000000076a000 	/usr/lib/libheimdal-asn1.dylib
0x000000000076a000 	/System/Library/Frameworks/OpenDirectory.framework/Versions/A/OpenDirectory
0x000000000076a000 	/System/Library/PrivateFrameworks/CommonAuth.framework/Versions/A/CommonAuth
0x000000000076a000 	/System/Library/Frameworks/OpenDirectory.framework/Versions/A/Frameworks/CFOpenDirectory.framework/Versions/A/CFOpenDirectory
0x000000000076a000 	/System/Library/Frameworks/SecurityFoundation.framework/Versions/A/SecurityFoundation
0x000000000076a000 	/System/Library/PrivateFrameworks/LanguageModeling.framework/Versions/A/LanguageModeling
0x000000000076a000 	/usr/lib/libmarisa.dylib
0x000000000076a000 	/usr/lib/libChineseTokenizer.dylib
0x000000000076a000 	/usr/lib/libcmph.dylib
0x000000000076a000 	/usr/lib/libcompression.dylib
0x000000000076a000 	/System/Library/Frameworks/ServiceManagement.framework/Versions/A/ServiceManagement
0x000000000076a000 	/usr/lib/libxslt.1.dylib
0x000000000076a000 	/System/Library/Frameworks/Carbon.framework/Versions/A/Frameworks/Ink.framework/Versions/A/Ink
0x000000000076a000 	/usr/lib/libFosl_dynamic.dylib
0x000000000076a000 	/System/Library/PrivateFrameworks/FaceCore.framework/Versions/A/FaceCore
0x000000000076a000 	/System/Library/Frameworks/OpenCL.framework/Versions/A/OpenCL
0x000000000076a000 	/System/Library/PrivateFrameworks/CrashReporterSupport.framework/Versions/A/CrashReporterSupport
0x000000000076a000 	/System/Library/PrivateFrameworks/IconServices.framework/Versions/A/IconServices
0x000000000076a000 	/System/Library/PrivateFrameworks/Apple80211.framework/Versions/A/Apple80211
0x000000000076a000 	/System/Library/Frameworks/CoreWLAN.framework/Versions/A/CoreWLAN
0x000000000076a000 	/System/Library/Frameworks/IOBluetooth.framework/Versions/A/IOBluetooth
0x000000000076a000 	/System/Library/PrivateFrameworks/CoreWiFi.framework/Versions/A/CoreWiFi
0x000000000076a000 	/System/Library/Frameworks/CoreBluetooth.framework/Versions/A/CoreBluetooth
0x000000000076a000 	/System/Library/PrivateFrameworks/ChunkingLibrary.framework/Versions/A/ChunkingLibrary
0x000000000076a000 	/System/Library/PrivateFrameworks/DebugSymbols.framework/Versions/A/DebugSymbols
0x000000000076a000 	/System/Library/PrivateFrameworks/CoreSymbolication.framework/Versions/A/CoreSymbolication
0x000000000076a000 	/System/Library/PrivateFrameworks/Symbolication.framework/Versions/A/Symbolication
0x000000000076a000 	/System/Library/PrivateFrameworks/SpeechRecognitionCore.framework/Versions/A/SpeechRecognitionCore
0x0000000101200000 	/Library/Java/JavaVirtualMachines/jdk1.8.0_45.jdk/Contents/Home/jre/lib/server/libjvm.dylib
0x000000000076a000 	/usr/lib/libstdc++.6.dylib
0x00000001009c4000 	/Library/Java/JavaVirtualMachines/jdk1.8.0_45.jdk/Contents/Home/jre/lib/libverify.dylib
0x0000000102169000 	/Library/Java/JavaVirtualMachines/jdk1.8.0_45.jdk/Contents/Home/jre/lib/libjava.dylib
0x00000001009dc000 	/Library/Java/JavaVirtualMachines/jdk1.8.0_45.jdk/Contents/Home/jre/lib/libzip.dylib
0x0000000117b00000 	/System/Library/Frameworks/JavaVM.framework/Frameworks/JavaRuntimeSupport.framework/JavaRuntimeSupport
0x00000001009e6000 	/System/Library/Frameworks/JavaVM.framework/Versions/A/Frameworks/JavaNativeFoundation.framework/Versions/A/JavaNativeFoundation
0x0000000117b1b000 	/System/Library/Frameworks/JavaVM.framework/Versions/A/JavaVM
0x000000000076a000 	/System/Library/Frameworks/Carbon.framework/Versions/A/Carbon
0x0000000117b28000 	/System/Library/PrivateFrameworks/JavaLaunching.framework/Versions/A/JavaLaunching
0x000000000076a000 	/System/Library/Frameworks/Carbon.framework/Versions/A/Frameworks/CommonPanels.framework/Versions/A/CommonPanels
0x000000000076a000 	/System/Library/Frameworks/Carbon.framework/Versions/A/Frameworks/Help.framework/Versions/A/Help
0x000000000076a000 	/System/Library/Frameworks/Carbon.framework/Versions/A/Frameworks/ImageCapture.framework/Versions/A/ImageCapture
0x000000000076a000 	/System/Library/Frameworks/Carbon.framework/Versions/A/Frameworks/OpenScripting.framework/Versions/A/OpenScripting
0x000000000076a000 	/System/Library/Frameworks/Carbon.framework/Versions/A/Frameworks/Print.framework/Versions/A/Print
0x000000000076a000 	/System/Library/Frameworks/Carbon.framework/Versions/A/Frameworks/SecurityHI.framework/Versions/A/SecurityHI
0x0000000119516000 	/Library/Java/JavaVirtualMachines/jdk1.8.0_45.jdk/Contents/Home/jre/lib/libprism_es2.dylib
0x000000000076a000 	/System/Library/Frameworks/OpenGL.framework/Versions/A/Resources/GLEngine.bundle/GLEngine
0x000000000076a000 	/System/Library/Frameworks/OpenGL.framework/Versions/A/Libraries/libGLProgrammability.dylib
0x0000000119598000 	/System/Library/Extensions/AppleIntelHD3000GraphicsGLDriver.bundle/Contents/MacOS/AppleIntelHD3000GraphicsGLDriver
0x000000000076a000 	/System/Library/PrivateFrameworks/GPUSupport.framework/Versions/A/Libraries/libGPUSupport.dylib
0x000000000076a000 	/System/Library/Frameworks/OpenGL.framework/Versions/A/Resources/GLRendererFloat.bundle/GLRendererFloat
0x000000000076a000 	/System/Library/Frameworks/OpenCL.framework/Versions/A/Libraries/libcldcpuengine.dylib
0x000000000076a000 	/System/Library/PrivateFrameworks/DiskImages.framework/Versions/A/DiskImages
0x000000000076a000 	/System/Library/Frameworks/DiscRecording.framework/Versions/A/DiscRecording
0x000000000076a000 	/usr/lib/libcsfde.dylib
0x000000000076a000 	/usr/lib/libcurl.4.dylib
0x000000000076a000 	/System/Library/PrivateFrameworks/MediaKit.framework/Versions/A/MediaKit
0x000000000076a000 	/System/Library/PrivateFrameworks/ProtectedCloudStorage.framework/Versions/A/ProtectedCloudStorage
0x000000000076a000 	/usr/lib/libCoreStorage.dylib
0x000000000076a000 	/System/Library/PrivateFrameworks/EFILogin.framework/Versions/A/EFILogin
0x000000000076a000 	/usr/lib/libutil.dylib
0x000000000076a000 	/System/Library/PrivateFrameworks/FindMyDevice.framework/Versions/A/FindMyDevice
0x000000000076a000 	/System/Library/Frameworks/LDAP.framework/Versions/A/LDAP
0x000000000076a000 	/usr/lib/libsasl2.2.dylib
0x000000000076a000 	/System/Library/PrivateFrameworks/CoreDaemon.framework/Versions/B/CoreDaemon
0x000000000076a000 	/usr/lib/libcrypto.0.9.8.dylib
0x000000000076a000 	/System/Library/PrivateFrameworks/AppleSRP.framework/Versions/A/AppleSRP
0x000000000076a000 	/System/Library/PrivateFrameworks/TrustEvaluationAgent.framework/Versions/A/TrustEvaluationAgent
0x0000000119c18000 	/Library/Java/JavaVirtualMachines/jdk1.8.0_45.jdk/Contents/Home/jre/lib/libglass.dylib
0x000000000076a000 	/System/Library/PrivateFrameworks/CoreServicesInternal.framework/Versions/A/CoreServicesInternal
0x000000000076a000 	/System/Library/CoreServices/RawCamera.bundle/Contents/MacOS/RawCamera
0x000000000076a000 	/System/Library/Frameworks/CoreGraphics.framework/Versions/A/Resources/libRIP.A.dylib
0x000000000076a000 	/System/Library/Frameworks/Accelerate.framework/Versions/A/Frameworks/vImage.framework/Versions/A/Libraries/libCGInterfaces.dylib
0x000000000076a000 	/System/Library/PrivateFrameworks/FamilyControls.framework/Versions/A/FamilyControls
0x000000000076a000 	/System/Library/PrivateFrameworks/CommerceKit.framework/Versions/A/Frameworks/CommerceCore.framework/Versions/A/CommerceCore
0x000000000076a000 	/System/Library/PrivateFrameworks/SystemAdministration.framework/Versions/A/SystemAdministration
0x000000000076a000 	/System/Library/PrivateFrameworks/AppContainer.framework/Versions/A/AppContainer
0x000000000076a000 	/System/Library/PrivateFrameworks/SecCodeWrapper.framework/Versions/A/SecCodeWrapper
0x000000000076a000 	/System/Library/Frameworks/DirectoryService.framework/Versions/A/DirectoryService
0x000000000076a000 	/System/Library/PrivateFrameworks/LoginUIKit.framework/Versions/A/Frameworks/LoginUICore.framework/Versions/A/LoginUICore
0x000000000076a000 	/usr/lib/libodfde.dylib
0x000000011c939000 	/Library/Java/JavaVirtualMachines/jdk1.8.0_45.jdk/Contents/Home/jre/lib/libjavafx_font.dylib
0x000000000076a000 	/System/Library/Frameworks/CoreGraphics.framework/Versions/A/Resources/libCGXType.A.dylib
0x000000011a6ce000 	cl_kernels
0x000000000076a000 	/System/Library/Frameworks/OpenCL.framework/Versions/A/Libraries/ImageFormats/unorm8_bgra.dylib
0x000000000076a000 	/System/Library/Frameworks/OpenCL.framework/Versions/A/Libraries/ImageFormats/unorm8_rgba.dylib
0x000000011aaa5000 	/Library/Java/JavaVirtualMachines/jdk1.8.0_45.jdk/Contents/Home/jre/lib/libprism_common.dylib
0x000000011cb6e000 	/Library/Java/JavaVirtualMachines/jdk1.8.0_45.jdk/Contents/Home/jre/lib/libnet.dylib
0x00000001201b3000 	/Library/Java/JavaVirtualMachines/jdk1.8.0_45.jdk/Contents/Home/jre/lib/libawt.dylib
0x000000012025b000 	/Library/Java/JavaVirtualMachines/jdk1.8.0_45.jdk/Contents/Home/jre/lib/./libmlib_image.dylib
0x0000000120327000 	/Library/Java/JavaVirtualMachines/jdk1.8.0_45.jdk/Contents/Home/jre/lib/libawt_lwawt.dylib
0x000000011cbaf000 	/Library/Java/JavaVirtualMachines/jdk1.8.0_45.jdk/Contents/Home/jre/lib/./libosxapp.dylib
0x000000000076a000 	/System/Library/Frameworks/ExceptionHandling.framework/Versions/A/ExceptionHandling
0x00000001203db000 	/Library/Java/JavaVirtualMachines/jdk1.8.0_45.jdk/Contents/Home/jre/lib/libfontmanager.dylib
0x000000011df2c000 	/Library/Java/JavaVirtualMachines/jdk1.8.0_45.jdk/Contents/Home/jre/lib/libosxui.dylib
0x000000011e225000 	/Library/Java/JavaVirtualMachines/jdk1.8.0_45.jdk/Contents/Home/jre/lib/libnio.dylib
0x00000001230a2000 	/Library/Java/JavaVirtualMachines/jdk1.8.0_45.jdk/Contents/Home/jre/lib/libsunec.dylib

VM Arguments:
jvm_args: -Dfile.encoding=UTF-8 
java_command: main.Main
java_class_path (initial): /Users/aitor/Documents/workspace/Bluegram/bin:/Users/aitor/.p2/pool/plugins/org.eclipse.fx.ide.css.jfx8_2.1.0.201508240705.jar:/Volumes/Almacenamiento/librerias java/xmpp/XMPP jars/commons-codec-1.9.jar:/Volumes/Almacenamiento/librerias java/xmpp/XMPP jars/commons-logging-1.2-javadoc.jar:/Volumes/Almacenamiento/librerias java/xmpp/XMPP jars/commons-logging-1.2.jar:/Volumes/Almacenamiento/librerias java/xmpp/XMPP jars/fluent-hc-4.5.1.jar:/Volumes/Almacenamiento/librerias java/xmpp/XMPP jars/httpclient-4.5.1.jar:/Volumes/Almacenamiento/librerias java/xmpp/XMPP jars/httpclient-cache-4.5.1.jar:/Volumes/Almacenamiento/librerias java/xmpp/XMPP jars/httpclient-win-4.5.1.jar:/Volumes/Almacenamiento/librerias java/xmpp/XMPP jars/httpcore-4.4.3.jar:/Volumes/Almacenamiento/librerias java/xmpp/XMPP jars/httpmime-4.5.1.jar:/Volumes/Almacenamiento/librerias java/xmpp/XMPP jars/jna-4.1.0.jar:/Volumes/Almacenamiento/librerias java/xmpp/XMPP jars/jna-platform-4.1.0.jar:/Volumes/Almacenamiento/librerias java/xmpp/XMPP jars/jxmpp-core-0.4.1.jar:/Volumes/Almacenamiento/librerias java/xmpp/XMPP jars/jxmpp-util-cache-0.5.0-alpha2.jar:/Volumes/Almacenamiento/librerias java/xmpp/XMPP jars/minidns-0.1.3.jar:/Volumes/Almacenamiento/librerias java/xmpp/XMPP jars/smack-android-4.1.5-javadoc.jar:/Volumes/Almacenamiento/librerias java/xmpp/XMPP jars/smack-android-4.1.5-sources.jar:/Volumes/Almacenamiento/librerias java/xmpp/XMPP jars/smack-android-4.1.5.jar:/Volumes/Almacenamiento/librerias java/xmpp/XMPP jars/smack-android-extensions-4.1.5-javadoc.jar:/Volumes/Almacenamiento/librerias java/xmpp/XMPP jars/smack-android-extensions-4.1.5-sources.jar:/Volumes/Almacenamiento/librerias java/xmpp/XMPP jars/smack-android-extensions-4.1.5.jar:/Volumes/Almacenamiento/librerias java/xmpp/XMPP jars/smack-bosh-4.1.5-javadoc.jar:/Volumes/Almacenamiento/librerias java/xmpp/XMPP jars/smack-bosh-4.1.5-sources.jar:/Volumes/Almacenamiento/librerias java/xmpp/XMPP jars/smack-bosh-4.1.5
Launcher Type: SUN_STANDARD

Environment Variables:
PATH=/usr/bin:/bin:/usr/sbin:/sbin
SHELL=/bin/bash
DISPLAY=/private/tmp/com.apple.launchd.9JtLCfty85/org.macosforge.xquartz:0

Signal Handlers:
SIGSEGV: [libjvm.dylib+0x58ef95], sa_mask[0]=11111111011111110111111111111111, sa_flags=SA_ONSTACK|SA_RESTART|SA_SIGINFO
SIGBUS: [libjvm.dylib+0x58ef95], sa_mask[0]=11111111011111110111111111111111, sa_flags=SA_RESTART|SA_SIGINFO
SIGFPE: [libjvm.dylib+0x46c108], sa_mask[0]=11111111011111110111111111111111, sa_flags=SA_RESTART|SA_SIGINFO
SIGPIPE: [libjvm.dylib+0x46c108], sa_mask[0]=11111111011111110111111111111111, sa_flags=SA_RESTART|SA_SIGINFO
SIGXFSZ: [libjvm.dylib+0x46c108], sa_mask[0]=11111111011111110111111111111111, sa_flags=SA_RESTART|SA_SIGINFO
SIGILL: [libjvm.dylib+0x46c108], sa_mask[0]=11111111011111110111111111111111, sa_flags=SA_RESTART|SA_SIGINFO
SIGUSR1: SIG_DFL, sa_mask[0]=00000000000000000000000000000000, sa_flags=none
SIGUSR2: [libjvm.dylib+0x46bc26], sa_mask[0]=00100000000000000000000000000000, sa_flags=SA_RESTART|SA_SIGINFO
SIGHUP: [libjvm.dylib+0x46a1f9], sa_mask[0]=11111111011111110111111111111111, sa_flags=SA_RESTART|SA_SIGINFO
SIGINT: [libjvm.dylib+0x46a1f9], sa_mask[0]=11111111011111110111111111111111, sa_flags=SA_RESTART|SA_SIGINFO
SIGTERM: [libjvm.dylib+0x46a1f9], sa_mask[0]=11111111011111110111111111111111, sa_flags=SA_RESTART|SA_SIGINFO
SIGQUIT: [libjvm.dylib+0x46a1f9], sa_mask[0]=11111111011111110111111111111111, sa_flags=SA_RESTART|SA_SIGINFO


---------------  S Y S T E M  ---------------

OS:Bsduname:Darwin 15.3.0 Darwin Kernel Version 15.3.0: Thu Dec 10 18:40:58 PST 2015; root:xnu-3248.30.4~1/RELEASE_X86_64 x86_64
rlimit: STACK 8192k, CORE 0k, NPROC 709, NOFILE 10240, AS infinity
load average:1.86 1.89 1.95

CPU:total 4 (2 cores per cpu, 2 threads per core) family 6 model 42 stepping 7, cmov, cx8, fxsr, mmx, sse, sse2, sse3, ssse3, sse4.1, sse4.2, popcnt, avx, aes, clmul, ht, tsc, tscinvbit

Memory: 4k page, physical 8388608k(347152k free)

/proc/meminfo:


vm_info: Java HotSpot(TM) 64-Bit Server VM (25.45-b02) for bsd-amd64 JRE (1.8.0_45-b14), built on Apr 10 2015 10:46:38 by "java_re" with gcc 4.2.1 (Based on Apple Inc. build 5658) (LLVM build 2336.11.00)

time: Thu Mar 24 18:36:28 2016
elapsed time: 14 seconds (0d 0h 0m 14s)

