#
# A fatal error has been detected by the Java Runtime Environment:
#
#  SIGSEGV (0xb) at pc=0x000000010cfcfab6, pid=715, tid=2571
#
# JRE version: Java(TM) SE Runtime Environment (8.0_45-b14) (build 1.8.0_45-b14)
# Java VM: Java HotSpot(TM) 64-Bit Server VM (25.45-b02 mixed mode bsd-amd64 compressed oops)
# Problematic frame:
# V  [libjvm.dylib+0x164ab6]
#
# Failed to write core dump. Core dumps have been disabled. To enable core dumping, try "ulimit -c unlimited" before starting Java again
#
# If you would like to submit a bug report, please visit:
#   http://bugreport.java.com/bugreport/crash.jsp
#

---------------  T H R E A D  ---------------

Current thread is native thread

siginfo: si_signo: 11 (SIGSEGV), si_code: 1 (SEGV_MAPERR), si_addr: 0x0000000000000270

Registers:
RAX=0x0000000000000000, RBX=0x0000000000000000, RCX=0x000000010d171431, RDX=0x00007fc1240db1f8
RSP=0x00007fff5300a340, RBP=0x00007fff5300a350, RSI=0x0000000000000006, RDI=0x00007fff5300a390
R8 =0x0000000000000000, R9 =0x0000000000000000, R10=0x00007fc12665df90, R11=0x0000000123fbcb58
R12=0x00007fc1240db1f8, R13=0x00000001291b1120, R14=0x00007fc1240db1f8, R15=0x0000000000000000
RIP=0x000000010cfcfab6, EFLAGS=0x0000000000010246, ERR=0x0000000000000006
  TRAPNO=0x000000000000000e

Top of Stack: (sp=0x00007fff5300a340)
0x00007fff5300a340:   00007fc123d1a630 00007fc1240db1f8
0x00007fff5300a350:   00007fff5300a3b0 000000010d171461
0x00007fff5300a360:   15003e722b1221c0 0000000000000000
0x00007fff5300a370:   00007fc12570e200 00007fc126786560
0x00007fff5300a380:   00007fff5300a3b0 000000012a836769
0x00007fff5300a390:   0000000000000000 00007fc12671f0a0
0x00007fff5300a3a0:   00007fc12570e200 00007fc126786560
0x00007fff5300a3b0:   00007fff5300a410 000000012d068a3f
0x00007fff5300a3c0:   15003e722b1221c0 0000000000000000
0x00007fff5300a3d0:   40b685081a0a7e70 00007fc123cef3f0
0x00007fff5300a3e0:   00007fff5300a410 00007fff9a9264c0
0x00007fff5300a3f0:   0000000000000000 00000001291b1120
0x00007fff5300a400:   00007fc126786560 00007fc123cef3f0
0x00007fff5300a410:   00007fff5300a470 00007fff8bcf0793
0x00007fff5300a420:   0000017a00000004 0000000000000000
0x00007fff5300a430:   00007fc126786560 0000000000000000
0x00007fff5300a440:   40b685081a0a7e70 00007fff9a9264c0
0x00007fff5300a450:   00007fc126788d70 00007fc126786560
0x00007fff5300a460:   0000000000000004 0000000000000000
0x00007fff5300a470:   00007fff5300a4e0 00007fff8bcf033d
0x00007fff5300a480:   3ff0000000000000 4084500000000000
0x00007fff5300a490:   4077a00000000000 0000000000000000
0x00007fff5300a4a0:   0000000000000000 4084500000000000
0x00007fff5300a4b0:   4077a00000000000 00007fff5300a5c0
0x00007fff5300a4c0:   00000001291b29e8 00007fff88f4d6b2
0x00007fff5300a4d0:   0000000000000001 00000001291b2940
0x00007fff5300a4e0:   00007fff5300b5c0 00007fff8bc944a5
0x00007fff5300a4f0:   00007fff5300b5c0 00007fff8bc94367
0x00007fff5300a500:   0000000000000000 000000012e923640
0x00007fff5300a510:   00000001291b29e8 00000001291b29e8
0x00007fff5300a520:   00000001291b2940 0000000000000000
0x00007fff5300a530:   00007fc1241c2400 00007fff5300a4f0 

Instructions: (pc=0x000000010cfcfab6)
0x000000010cfcfa96:   0e 48 8b 0b 49 8b 56 18 48 63 c0 48 89 0c c2 5b
0x000000010cfcfaa6:   41 5e 5d c3 90 90 55 48 89 e5 41 56 53 48 8b 1f
0x000000010cfcfab6:   c7 83 70 02 00 00 05 00 00 00 48 8d 05 71 d2 75
0x000000010cfcfac6:   00 8b 00 83 f8 01 41 89 f6 75 0c 48 8d 0d be 39 

Register to memory mapping:

RAX=0x0000000000000000 is an unknown value
RBX=0x0000000000000000 is an unknown value
RCX=0x000000010d171431: jni_NewLocalRef+0 in /Library/Java/JavaVirtualMachines/jdk1.8.0_45.jdk/Contents/Home/jre/lib/server/libjvm.dylib at 0x000000010ce6b000
RDX=0x00007fc1240db1f8 is an unknown value
RSP=0x00007fff5300a340 is an unknown value
RBP=0x00007fff5300a350 is an unknown value
RSI=0x0000000000000006 is an unknown value
RDI=0x00007fff5300a390 is an unknown value
R8 =0x0000000000000000 is an unknown value
R9 =0x0000000000000000 is an unknown value
R10=0x00007fc12665df90 is an unknown value
R11=0x0000000123fbcb58: OBJC_CLASS_$_JNFJObjectWrapper+0 in /System/Library/Frameworks/JavaVM.framework/Versions/A/Frameworks/JavaNativeFoundation.framework/Versions/A/JavaNativeFoundation at 0x0000000123fb0000
R12=0x00007fc1240db1f8 is an unknown value
R13=0x00000001291b1120 is an unknown value
R14=0x00007fc1240db1f8 is an unknown value
R15=0x0000000000000000 is an unknown value


Stack: [0x00007fff52811000,0x00007fff53011000],  sp=0x00007fff5300a340,  free space=8164k
Native frames: (J=compiled Java code, j=interpreted, Vv=VM code, C=native code)
V  [libjvm.dylib+0x164ab6]
V  [libjvm.dylib+0x306461]
C  [libawt_lwawt.dylib+0x19a3f]  -[CGLLayer drawInCGLContext:pixelFormat:forLayerTime:displayTime:]+0xee
C  [QuartzCore+0x6d793]  _ZL17CAOpenGLLayerDrawP13CAOpenGLLayerdPK11CVTimeStampj+0x2ca
C  [QuartzCore+0x6d33d]  -[CAOpenGLLayer _display]+0x160
C  [QuartzCore+0x114a5]  _ZN2CA5Layer17display_if_neededEPNS_11TransactionE+0x25b
C  [QuartzCore+0x10fcd]  _ZN2CA5Layer28layout_and_display_if_neededEPNS_11TransactionE+0x23
C  [QuartzCore+0x104a1]  _ZN2CA7Context18commit_transactionEPNS_11TransactionE+0x115
C  [QuartzCore+0x100ec]  _ZN2CA11Transaction6commitEv+0x1fc
C  [QuartzCore+0x1b977]  _ZN2CA11Transaction17observer_callbackEP19__CFRunLoopObservermPv+0x47
C  [CoreFoundation+0xaa067]  __CFRUNLOOP_IS_CALLING_OUT_TO_AN_OBSERVER_CALLBACK_FUNCTION__+0x17
C  [CoreFoundation+0xa9fd7]  __CFRunLoopDoObservers+0x187
C  [CoreFoundation+0x895da]  __CFRunLoopRun+0x49a
C  [CoreFoundation+0x88ed8]  CFRunLoopRunSpecific+0x128
C  [java+0x6490]  CreateExecutionEnvironment+0x367
C  [java+0x221c]  JLI_Launch+0x7a0
C  [java+0x84ed]  main+0x65
C  [java+0x1a74]  start+0x34


---------------  P R O C E S S  ---------------

VM state:not at safepoint (normal execution)

VM Mutex/Monitor currently owned by a thread: None

Heap:
 PSYoungGen      total 38400K, used 22548K [0x0000000795580000, 0x0000000798000000, 0x00000007c0000000)
  eden space 33280K, 67% used [0x0000000795580000,0x0000000796b853e0,0x0000000797600000)
  from space 5120K, 0% used [0x0000000797b00000,0x0000000797b00000,0x0000000798000000)
  to   space 5120K, 0% used [0x0000000797600000,0x0000000797600000,0x0000000797b00000)
 ParOldGen       total 51712K, used 9692K [0x0000000740000000, 0x0000000743280000, 0x0000000795580000)
  object space 51712K, 18% used [0x0000000740000000,0x0000000740977038,0x0000000743280000)
 Metaspace       used 29919K, capacity 30816K, committed 31104K, reserved 1075200K
  class space    used 4131K, capacity 4385K, committed 4480K, reserved 1048576K

Card table byte_map: [0x000000011dbc0000,0x000000011dfc1000] byte_map_base: 0x000000011a1c0000

Marking Bits: (ParMarkBitMap*) 0x000000010d72d7a0
 Begin Bits: [0x000000011e26c000, 0x000000012026c000)
 End Bits:   [0x000000012026c000, 0x000000012226c000)

Polling page: 0x000000010de1b000

CodeCache: size=245760Kb used=9100Kb max_used=9100Kb free=236659Kb
 bounds [0x000000010e800000, 0x000000010f0f0000, 0x000000011d800000]
 total_blobs=3919 nmethods=3077 adapters=754
 compilation: enabled

Compilation events (10 events):
Event: 25.391 Thread 0x00007fc12400d800 3382       4       java.awt.Component::getParent (5 bytes)
Event: 25.391 Thread 0x00007fc125844800 nmethod 3379 0x000000010f0e6450 code [0x000000010f0e6680, 0x000000010f0e74e8]
Event: 25.391 Thread 0x00007fc125844800 3380       3       java.awt.Rectangle::setBounds (10 bytes)
Event: 25.392 Thread 0x00007fc125844800 nmethod 3380 0x000000010f0e7850 code [0x000000010f0e79c0, 0x000000010f0e7bf0]
Event: 25.392 Thread 0x00007fc125844800 3381       1       javax.swing.RepaintManager::isDoubleBufferingEnabled (5 bytes)
Event: 25.392 Thread 0x00007fc125844800 nmethod 3381 0x000000010f0e91d0 code [0x000000010f0e9320, 0x000000010f0e9430]
Event: 25.392 Thread 0x00007fc125844800 3383       3       sun.java2d.pipe.Region::getIntersectionXYXY (108 bytes)
Event: 25.392 Thread 0x00007fc12400d800 nmethod 3382 0x000000010ecbff50 code [0x000000010ecc00a0, 0x000000010ecc0118]
Event: 25.393 Thread 0x00007fc125844800 nmethod 3383 0x000000010f0e8210 code [0x000000010f0e8420, 0x000000010f0e8e18]
Event: 25.393 Thread 0x00007fc125844800 3384       3       sun.java2d.pipe.Region::isInsideXYXY (39 bytes)

GC Heap History (6 events):
Event: 2.181 GC heap before
{Heap before GC invocations=1 (full 0):
 PSYoungGen      total 38400K, used 33280K [0x0000000795580000, 0x0000000798000000, 0x00000007c0000000)
  eden space 33280K, 100% used [0x0000000795580000,0x0000000797600000,0x0000000797600000)
  from space 5120K, 0% used [0x0000000797b00000,0x0000000797b00000,0x0000000798000000)
  to   space 5120K, 0% used [0x0000000797600000,0x0000000797600000,0x0000000797b00000)
 ParOldGen       total 87552K, used 0K [0x0000000740000000, 0x0000000745580000, 0x0000000795580000)
  object space 87552K, 0% used [0x0000000740000000,0x0000000740000000,0x0000000745580000)
 Metaspace       used 13497K, capacity 14068K, committed 14336K, reserved 1060864K
  class space    used 1806K, capacity 1993K, committed 2048K, reserved 1048576K
Event: 2.190 GC heap after
Heap after GC invocations=1 (full 0):
 PSYoungGen      total 38400K, used 4962K [0x0000000795580000, 0x0000000798000000, 0x00000007c0000000)
  eden space 33280K, 0% used [0x0000000795580000,0x0000000795580000,0x0000000797600000)
  from space 5120K, 96% used [0x0000000797600000,0x0000000797ad8ac8,0x0000000797b00000)
  to   space 5120K, 0% used [0x0000000797b00000,0x0000000797b00000,0x0000000798000000)
 ParOldGen       total 87552K, used 80K [0x0000000740000000, 0x0000000745580000, 0x0000000795580000)
  object space 87552K, 0% used [0x0000000740000000,0x0000000740014010,0x0000000745580000)
 Metaspace       used 13497K, capacity 14068K, committed 14336K, reserved 1060864K
  class space    used 1806K, capacity 1993K, committed 2048K, reserved 1048576K
}
Event: 10.183 GC heap before
{Heap before GC invocations=2 (full 0):
 PSYoungGen      total 38400K, used 38159K [0x0000000795580000, 0x0000000798000000, 0x00000007c0000000)
  eden space 33280K, 99% used [0x0000000795580000,0x00000007975eb4c0,0x0000000797600000)
  from space 5120K, 96% used [0x0000000797600000,0x0000000797ad8ac8,0x0000000797b00000)
  to   space 5120K, 0% used [0x0000000797b00000,0x0000000797b00000,0x0000000798000000)
 ParOldGen       total 87552K, used 80K [0x0000000740000000, 0x0000000745580000, 0x0000000795580000)
  object space 87552K, 0% used [0x0000000740000000,0x0000000740014010,0x0000000745580000)
 Metaspace       used 20427K, capacity 21120K, committed 21248K, reserved 1067008K
  class space    used 2838K, capacity 3023K, committed 3072K, reserved 1048576K
Event: 10.199 GC heap after
Heap after GC invocations=2 (full 0):
 PSYoungGen      total 38400K, used 5088K [0x0000000795580000, 0x0000000798000000, 0x00000007c0000000)
  eden space 33280K, 0% used [0x0000000795580000,0x0000000795580000,0x0000000797600000)
  from space 5120K, 99% used [0x0000000797b00000,0x0000000797ff80a0,0x0000000798000000)
  to   space 5120K, 0% used [0x0000000797600000,0x0000000797600000,0x0000000797b00000)
 ParOldGen       total 87552K, used 6868K [0x0000000740000000, 0x0000000745580000, 0x0000000795580000)
  object space 87552K, 7% used [0x0000000740000000,0x00000007406b5358,0x0000000745580000)
 Metaspace       used 20427K, capacity 21120K, committed 21248K, reserved 1067008K
  class space    used 2838K, capacity 3023K, committed 3072K, reserved 1048576K
}
Event: 10.199 GC heap before
{Heap before GC invocations=3 (full 1):
 PSYoungGen      total 38400K, used 5088K [0x0000000795580000, 0x0000000798000000, 0x00000007c0000000)
  eden space 33280K, 0% used [0x0000000795580000,0x0000000795580000,0x0000000797600000)
  from space 5120K, 99% used [0x0000000797b00000,0x0000000797ff80a0,0x0000000798000000)
  to   space 5120K, 0% used [0x0000000797600000,0x0000000797600000,0x0000000797b00000)
 ParOldGen       total 87552K, used 6868K [0x0000000740000000, 0x0000000745580000, 0x0000000795580000)
  object space 87552K, 7% used [0x0000000740000000,0x00000007406b5358,0x0000000745580000)
 Metaspace       used 20427K, capacity 21120K, committed 21248K, reserved 1067008K
  class space    used 2838K, capacity 3023K, committed 3072K, reserved 1048576K
Event: 10.245 GC heap after
Heap after GC invocations=3 (full 1):
 PSYoungGen      total 38400K, used 0K [0x0000000795580000, 0x0000000798000000, 0x00000007c0000000)
  eden space 33280K, 0% used [0x0000000795580000,0x0000000795580000,0x0000000797600000)
  from space 5120K, 0% used [0x0000000797b00000,0x0000000797b00000,0x0000000798000000)
  to   space 5120K, 0% used [0x0000000797600000,0x0000000797600000,0x0000000797b00000)
 ParOldGen       total 51712K, used 9692K [0x0000000740000000, 0x0000000743280000, 0x0000000795580000)
  object space 51712K, 18% used [0x0000000740000000,0x0000000740977038,0x0000000743280000)
 Metaspace       used 20427K, capacity 21120K, committed 21248K, reserved 1067008K
  class space    used 2838K, capacity 3023K, committed 3072K, reserved 1048576K
}

Deoptimization events (10 events):
Event: 11.767 Thread 0x00007fc1254c5000 Uncommon trap: reason=bimorphic action=maybe_recompile pc=0x000000010ef64fd4 method=java.util.HashMap.putVal(ILjava/lang/Object;Ljava/lang/Object;ZZ)Ljava/lang/Object; @ 203
Event: 11.770 Thread 0x00007fc1254c5000 Uncommon trap: reason=bimorphic action=maybe_recompile pc=0x000000010ef64fd4 method=java.util.HashMap.putVal(ILjava/lang/Object;Ljava/lang/Object;ZZ)Ljava/lang/Object; @ 203
Event: 11.776 Thread 0x00007fc1254c5000 Uncommon trap: reason=bimorphic action=maybe_recompile pc=0x000000010ef64fd4 method=java.util.HashMap.putVal(ILjava/lang/Object;Ljava/lang/Object;ZZ)Ljava/lang/Object; @ 203
Event: 11.828 Thread 0x00007fc1254c5000 Uncommon trap: reason=unstable_if action=reinterpret pc=0x000000010ec629ac method=java.lang.String.regionMatches(ZILjava/lang/String;II)Z @ 123
Event: 11.843 Thread 0x00007fc1254c5000 Uncommon trap: reason=unstable_if action=reinterpret pc=0x000000010e9f19ec method=java.io.ByteArrayInputStream.read()I @ 8
Event: 11.867 Thread 0x00007fc1254c5000 Uncommon trap: reason=unstable_if action=reinterpret pc=0x000000010ef03110 method=java.util.concurrent.ConcurrentHashMap.putVal(Ljava/lang/Object;Ljava/lang/Object;Z)Ljava/lang/Object; @ 181
Event: 11.871 Thread 0x00007fc1254c5000 Uncommon trap: reason=class_check action=maybe_recompile pc=0x000000010e941e54 method=java.util.jar.JarFile.getJarEntry(Ljava/lang/String;)Ljava/util/jar/JarEntry; @ 2
Event: 11.873 Thread 0x00007fc1254c5000 Uncommon trap: reason=class_check action=maybe_recompile pc=0x000000010e941e54 method=java.util.jar.JarFile.getJarEntry(Ljava/lang/String;)Ljava/util/jar/JarEntry; @ 2
Event: 11.873 Thread 0x00007fc1254c5000 Uncommon trap: reason=class_check action=maybe_recompile pc=0x000000010e941e54 method=java.util.jar.JarFile.getJarEntry(Ljava/lang/String;)Ljava/util/jar/JarEntry; @ 2
Event: 11.873 Thread 0x00007fc1254c5000 Uncommon trap: reason=class_check action=maybe_recompile pc=0x000000010e941e54 method=java.util.jar.JarFile.getJarEntry(Ljava/lang/String;)Ljava/util/jar/JarEntry; @ 2

Internal exceptions (10 events):
Event: 0.956 Thread 0x00007fc1240db000 Exception <a 'java/lang/ArrayIndexOutOfBoundsException'> (0x0000000796b0a6f0) thrown at [/Users/java_re/workspace/8-2-build-macosx-x86_64/jdk8u45/3457/hotspot/src/share/vm/runtime/sharedRuntime.cpp, line 605]
Event: 9.779 Thread 0x00007fc1242dc800 Exception <a 'java/io/FileNotFoundException'> (0x0000000796592a68) thrown at [/Users/java_re/workspace/8-2-build-macosx-x86_64/jdk8u45/3457/hotspot/src/share/vm/prims/jni.cpp, line 709]
Event: 10.063 Thread 0x00007fc1242dc800 Exception <a 'java/lang/NoClassDefFoundError': org/apache/log4j/Priority> (0x000000079731ea80) thrown at [/Users/java_re/workspace/8-2-build-macosx-x86_64/jdk8u45/3457/hotspot/src/share/vm/classfile/systemDictionary.cpp, line 199]
Event: 10.176 Thread 0x00007fc1242dc800 Exception <a 'java/io/FileNotFoundException'> (0x00000007975da630) thrown at [/Users/java_re/workspace/8-2-build-macosx-x86_64/jdk8u45/3457/hotspot/src/share/vm/prims/jni.cpp, line 709]
Event: 10.176 Thread 0x00007fc1242dc800 Exception <a 'java/io/FileNotFoundException'> (0x00000007975db280) thrown at [/Users/java_re/workspace/8-2-build-macosx-x86_64/jdk8u45/3457/hotspot/src/share/vm/prims/jni.cpp, line 709]
Event: 11.403 Thread 0x00007fc1242dc800 Implicit null exception at 0x000000010eac1975 to 0x000000010eac1ccd
Event: 11.404 Thread 0x00007fc1242dc800 Implicit null exception at 0x000000010ea31275 to 0x000000010ea315c9
Event: 11.599 Thread 0x00007fc1242dc800 Exception <a 'java/lang/ArrayIndexOutOfBoundsException'> (0x0000000795f44638) thrown at [/Users/java_re/workspace/8-2-build-macosx-x86_64/jdk8u45/3457/hotspot/src/share/vm/runtime/sharedRuntime.cpp, line 605]
Event: 11.599 Thread 0x00007fc1242dc800 Exception <a 'java/lang/ArrayIndexOutOfBoundsException'> (0x0000000795f45a78) thrown at [/Users/java_re/workspace/8-2-build-macosx-x86_64/jdk8u45/3457/hotspot/src/share/vm/runtime/sharedRuntime.cpp, line 605]
Event: 11.600 Thread 0x00007fc1242dc800 Exception <a 'java/lang/ArrayIndexOutOfBoundsException'> (0x0000000795f7bb08) thrown at [/Users/java_re/workspace/8-2-build-macosx-x86_64/jdk8u45/3457/hotspot/src/share/vm/runtime/sharedRuntime.cpp, line 605]

Events (10 events):
Event: 25.382 loading class sun/lwawt/LWCursorManager$1 done
Event: 25.387 loading class com/sun/javafx/tk/quantum/QuantumRenderer
Event: 25.388 loading class com/sun/javafx/tk/quantum/QuantumRenderer done
Event: 25.388 loading class com/sun/javafx/tk/quantum/QuantumToolkit
Event: 25.388 loading class com/sun/javafx/tk/quantum/QuantumToolkit done
Event: 25.389 Thread 0x00007fc1251cd800 Thread exited: 0x00007fc1251cd800
Event: 25.389 Thread 0x00007fc1240db000 Thread exited: 0x00007fc1240db000
Event: 25.389 Thread 0x00007fc124802800 Thread exited: 0x00007fc124802800
Event: 25.389 Thread 0x00007fc125004000 Thread exited: 0x00007fc125004000
Event: 25.389 Thread 0x00007fc125004000 Thread added: 0x00007fc125004000


Dynamic libraries:
0x00000000077f8000 	/System/Library/Frameworks/Cocoa.framework/Versions/A/Cocoa
0x00000000077f8000 	/System/Library/Frameworks/Security.framework/Versions/A/Security
0x00000000077f8000 	/System/Library/Frameworks/ApplicationServices.framework/Versions/A/ApplicationServices
0x00000000077f8000 	/usr/lib/libz.1.dylib
0x00000000077f8000 	/usr/lib/libSystem.B.dylib
0x00000000077f8000 	/usr/lib/libobjc.A.dylib
0x00000000077f8000 	/System/Library/Frameworks/CoreFoundation.framework/Versions/A/CoreFoundation
0x00000000077f8000 	/System/Library/Frameworks/Foundation.framework/Versions/C/Foundation
0x00000000077f8000 	/System/Library/Frameworks/AppKit.framework/Versions/C/AppKit
0x00000000077f8000 	/System/Library/Frameworks/CoreData.framework/Versions/A/CoreData
0x00000000077f8000 	/System/Library/PrivateFrameworks/RemoteViewServices.framework/Versions/A/RemoteViewServices
0x00000000077f8000 	/System/Library/PrivateFrameworks/UIFoundation.framework/Versions/A/UIFoundation
0x00000000077f8000 	/usr/lib/libScreenReader.dylib
0x00000000077f8000 	/System/Library/Frameworks/Accelerate.framework/Versions/A/Accelerate
0x00000000077f8000 	/System/Library/Frameworks/IOSurface.framework/Versions/A/IOSurface
0x00000000077f8000 	/System/Library/Frameworks/AudioToolbox.framework/Versions/A/AudioToolbox
0x00000000077f8000 	/System/Library/Frameworks/AudioUnit.framework/Versions/A/AudioUnit
0x00000000077f8000 	/System/Library/PrivateFrameworks/DataDetectorsCore.framework/Versions/A/DataDetectorsCore
0x00000000077f8000 	/System/Library/PrivateFrameworks/DesktopServicesPriv.framework/Versions/A/DesktopServicesPriv
0x00000000077f8000 	/System/Library/Frameworks/Carbon.framework/Versions/A/Frameworks/HIToolbox.framework/Versions/A/HIToolbox
0x00000000077f8000 	/System/Library/Frameworks/QuartzCore.framework/Versions/A/QuartzCore
0x00000000077f8000 	/System/Library/Frameworks/Carbon.framework/Versions/A/Frameworks/SpeechRecognition.framework/Versions/A/SpeechRecognition
0x00000000077f8000 	/usr/lib/libauto.dylib
0x00000000077f8000 	/usr/lib/libicucore.A.dylib
0x00000000077f8000 	/usr/lib/libxml2.2.dylib
0x00000000077f8000 	/System/Library/PrivateFrameworks/CoreUI.framework/Versions/A/CoreUI
0x00000000077f8000 	/System/Library/Frameworks/CoreAudio.framework/Versions/A/CoreAudio
0x00000000077f8000 	/System/Library/Frameworks/DiskArbitration.framework/Versions/A/DiskArbitration
0x00000000077f8000 	/usr/lib/liblangid.dylib
0x00000000077f8000 	/System/Library/PrivateFrameworks/MultitouchSupport.framework/Versions/A/MultitouchSupport
0x00000000077f8000 	/System/Library/Frameworks/IOKit.framework/Versions/A/IOKit
0x00000000077f8000 	/usr/lib/libDiagnosticMessagesClient.dylib
0x00000000077f8000 	/System/Library/Frameworks/CoreServices.framework/Versions/A/CoreServices
0x00000000077f8000 	/System/Library/PrivateFrameworks/PerformanceAnalysis.framework/Versions/A/PerformanceAnalysis
0x00000000077f8000 	/System/Library/PrivateFrameworks/GenerationalStorage.framework/Versions/A/GenerationalStorage
0x00000000077f8000 	/System/Library/Frameworks/OpenGL.framework/Versions/A/OpenGL
0x00000000077f8000 	/System/Library/PrivateFrameworks/Sharing.framework/Versions/A/Sharing
0x00000000077f8000 	/System/Library/Frameworks/CoreGraphics.framework/Versions/A/CoreGraphics
0x00000000077f8000 	/System/Library/Frameworks/CoreImage.framework/Versions/A/CoreImage
0x00000000077f8000 	/System/Library/Frameworks/CoreText.framework/Versions/A/CoreText
0x00000000077f8000 	/System/Library/Frameworks/ImageIO.framework/Versions/A/ImageIO
0x00000000077f8000 	/System/Library/PrivateFrameworks/Backup.framework/Versions/A/Backup
0x00000000077f8000 	/usr/lib/libextension.dylib
0x00000000077f8000 	/usr/lib/libarchive.2.dylib
0x00000000077f8000 	/System/Library/Frameworks/CFNetwork.framework/Versions/A/CFNetwork
0x00000000077f8000 	/System/Library/Frameworks/SystemConfiguration.framework/Versions/A/SystemConfiguration
0x00000000077f8000 	/usr/lib/libCRFSuite.dylib
0x00000000077f8000 	/usr/lib/libc++.1.dylib
0x00000000077f8000 	/usr/lib/libc++abi.dylib
0x00000000077f8000 	/usr/lib/system/libcache.dylib
0x00000000077f8000 	/usr/lib/system/libcommonCrypto.dylib
0x00000000077f8000 	/usr/lib/system/libcompiler_rt.dylib
0x00000000077f8000 	/usr/lib/system/libcopyfile.dylib
0x00000000077f8000 	/usr/lib/system/libcorecrypto.dylib
0x00000000077f8000 	/usr/lib/system/libdispatch.dylib
0x00000000077f8000 	/usr/lib/system/libdyld.dylib
0x00000000077f8000 	/usr/lib/system/libkeymgr.dylib
0x00000000077f8000 	/usr/lib/system/liblaunch.dylib
0x00000000077f8000 	/usr/lib/system/libmacho.dylib
0x00000000077f8000 	/usr/lib/system/libquarantine.dylib
0x00000000077f8000 	/usr/lib/system/libremovefile.dylib
0x00000000077f8000 	/usr/lib/system/libsystem_asl.dylib
0x00000000077f8000 	/usr/lib/system/libsystem_blocks.dylib
0x00000000077f8000 	/usr/lib/system/libsystem_c.dylib
0x00000000077f8000 	/usr/lib/system/libsystem_configuration.dylib
0x00000000077f8000 	/usr/lib/system/libsystem_coreservices.dylib
0x00000000077f8000 	/usr/lib/system/libsystem_coretls.dylib
0x00000000077f8000 	/usr/lib/system/libsystem_dnssd.dylib
0x00000000077f8000 	/usr/lib/system/libsystem_info.dylib
0x00000000077f8000 	/usr/lib/system/libsystem_kernel.dylib
0x00000000077f8000 	/usr/lib/system/libsystem_m.dylib
0x00000000077f8000 	/usr/lib/system/libsystem_malloc.dylib
0x00000000077f8000 	/usr/lib/system/libsystem_network.dylib
0x00000000077f8000 	/usr/lib/system/libsystem_networkextension.dylib
0x00000000077f8000 	/usr/lib/system/libsystem_notify.dylib
0x00000000077f8000 	/usr/lib/system/libsystem_platform.dylib
0x00000000077f8000 	/usr/lib/system/libsystem_pthread.dylib
0x00000000077f8000 	/usr/lib/system/libsystem_sandbox.dylib
0x00000000077f8000 	/usr/lib/system/libsystem_secinit.dylib
0x00000000077f8000 	/usr/lib/system/libsystem_trace.dylib
0x00000000077f8000 	/usr/lib/system/libunc.dylib
0x00000000077f8000 	/usr/lib/system/libunwind.dylib
0x00000000077f8000 	/usr/lib/system/libxpc.dylib
0x00000000077f8000 	/usr/lib/libenergytrace.dylib
0x00000000077f8000 	/usr/lib/libbsm.0.dylib
0x00000000077f8000 	/usr/lib/system/libkxld.dylib
0x00000000077f8000 	/usr/lib/libxar.1.dylib
0x00000000077f8000 	/usr/lib/libsqlite3.dylib
0x00000000077f8000 	/usr/lib/libpam.2.dylib
0x00000000077f8000 	/usr/lib/libOpenScriptingUtil.dylib
0x00000000077f8000 	/usr/lib/libbz2.1.0.dylib
0x00000000077f8000 	/usr/lib/liblzma.5.dylib
0x00000000077f8000 	/System/Library/Frameworks/CoreServices.framework/Versions/A/Frameworks/FSEvents.framework/Versions/A/FSEvents
0x00000000077f8000 	/System/Library/Frameworks/CoreServices.framework/Versions/A/Frameworks/CarbonCore.framework/Versions/A/CarbonCore
0x00000000077f8000 	/System/Library/Frameworks/CoreServices.framework/Versions/A/Frameworks/Metadata.framework/Versions/A/Metadata
0x00000000077f8000 	/System/Library/Frameworks/CoreServices.framework/Versions/A/Frameworks/OSServices.framework/Versions/A/OSServices
0x00000000077f8000 	/System/Library/Frameworks/CoreServices.framework/Versions/A/Frameworks/SearchKit.framework/Versions/A/SearchKit
0x00000000077f8000 	/System/Library/Frameworks/CoreServices.framework/Versions/A/Frameworks/AE.framework/Versions/A/AE
0x00000000077f8000 	/System/Library/Frameworks/CoreServices.framework/Versions/A/Frameworks/LaunchServices.framework/Versions/A/LaunchServices
0x00000000077f8000 	/System/Library/Frameworks/CoreServices.framework/Versions/A/Frameworks/DictionaryServices.framework/Versions/A/DictionaryServices
0x00000000077f8000 	/System/Library/Frameworks/CoreServices.framework/Versions/A/Frameworks/SharedFileList.framework/Versions/A/SharedFileList
0x00000000077f8000 	/System/Library/Frameworks/NetFS.framework/Versions/A/NetFS
0x00000000077f8000 	/System/Library/PrivateFrameworks/NetAuth.framework/Versions/A/NetAuth
0x00000000077f8000 	/System/Library/PrivateFrameworks/login.framework/Versions/A/Frameworks/loginsupport.framework/Versions/A/loginsupport
0x00000000077f8000 	/System/Library/PrivateFrameworks/TCC.framework/Versions/A/TCC
0x00000000077f8000 	/usr/lib/libmecabra.dylib
0x00000000077f8000 	/System/Library/Frameworks/ApplicationServices.framework/Versions/A/Frameworks/ATS.framework/Versions/A/ATS
0x00000000077f8000 	/System/Library/Frameworks/ApplicationServices.framework/Versions/A/Frameworks/ColorSync.framework/Versions/A/ColorSync
0x00000000077f8000 	/System/Library/Frameworks/ApplicationServices.framework/Versions/A/Frameworks/HIServices.framework/Versions/A/HIServices
0x00000000077f8000 	/System/Library/Frameworks/ApplicationServices.framework/Versions/A/Frameworks/LangAnalysis.framework/Versions/A/LangAnalysis
0x00000000077f8000 	/System/Library/Frameworks/ApplicationServices.framework/Versions/A/Frameworks/PrintCore.framework/Versions/A/PrintCore
0x00000000077f8000 	/System/Library/Frameworks/ApplicationServices.framework/Versions/A/Frameworks/QD.framework/Versions/A/QD
0x00000000077f8000 	/System/Library/Frameworks/ApplicationServices.framework/Versions/A/Frameworks/SpeechSynthesis.framework/Versions/A/SpeechSynthesis
0x00000000077f8000 	/System/Library/Frameworks/Metal.framework/Versions/A/Metal
0x00000000077f8000 	/System/Library/Frameworks/Accelerate.framework/Versions/A/Frameworks/vImage.framework/Versions/A/vImage
0x00000000077f8000 	/System/Library/Frameworks/Accelerate.framework/Versions/A/Frameworks/vecLib.framework/Versions/A/vecLib
0x00000000077f8000 	/System/Library/Frameworks/Accelerate.framework/Versions/A/Frameworks/vecLib.framework/Versions/A/libvDSP.dylib
0x00000000077f8000 	/System/Library/Frameworks/Accelerate.framework/Versions/A/Frameworks/vecLib.framework/Versions/A/libvMisc.dylib
0x00000000077f8000 	/System/Library/Frameworks/Accelerate.framework/Versions/A/Frameworks/vecLib.framework/Versions/A/libLAPACK.dylib
0x00000000077f8000 	/System/Library/Frameworks/Accelerate.framework/Versions/A/Frameworks/vecLib.framework/Versions/A/libBLAS.dylib
0x00000000077f8000 	/System/Library/Frameworks/Accelerate.framework/Versions/A/Frameworks/vecLib.framework/Versions/A/libLinearAlgebra.dylib
0x00000000077f8000 	/System/Library/Frameworks/Accelerate.framework/Versions/A/Frameworks/vecLib.framework/Versions/A/libSparseBLAS.dylib
0x00000000077f8000 	/System/Library/PrivateFrameworks/GPUCompiler.framework/libmetal_timestamp.dylib
0x00000000077f8000 	/System/Library/Frameworks/OpenGL.framework/Versions/A/Libraries/libCoreFSCache.dylib
0x00000000077f8000 	/System/Library/PrivateFrameworks/IOAccelerator.framework/Versions/A/IOAccelerator
0x00000000077f8000 	/System/Library/Frameworks/ApplicationServices.framework/Versions/A/Frameworks/ATS.framework/Versions/A/Resources/libFontParser.dylib
0x00000000077f8000 	/System/Library/Frameworks/ApplicationServices.framework/Versions/A/Frameworks/ATS.framework/Versions/A/Resources/libFontRegistry.dylib
0x00000000077f8000 	/System/Library/PrivateFrameworks/AppleVPA.framework/Versions/A/AppleVPA
0x00000000077f8000 	/System/Library/PrivateFrameworks/AppleJPEG.framework/Versions/A/AppleJPEG
0x00000000077f8000 	/System/Library/Frameworks/ImageIO.framework/Versions/A/Resources/libJPEG.dylib
0x00000000077f8000 	/System/Library/Frameworks/ImageIO.framework/Versions/A/Resources/libTIFF.dylib
0x00000000077f8000 	/System/Library/Frameworks/ImageIO.framework/Versions/A/Resources/libPng.dylib
0x00000000077f8000 	/System/Library/Frameworks/ImageIO.framework/Versions/A/Resources/libGIF.dylib
0x00000000077f8000 	/System/Library/Frameworks/ImageIO.framework/Versions/A/Resources/libJP2.dylib
0x00000000077f8000 	/System/Library/Frameworks/ImageIO.framework/Versions/A/Resources/libRadiance.dylib
0x00000000077f8000 	/System/Library/Frameworks/CoreVideo.framework/Versions/A/CoreVideo
0x00000000077f8000 	/System/Library/Frameworks/OpenGL.framework/Versions/A/Libraries/libGLU.dylib
0x00000000077f8000 	/System/Library/Frameworks/OpenGL.framework/Versions/A/Libraries/libGFXShared.dylib
0x00000000077f8000 	/System/Library/Frameworks/OpenGL.framework/Versions/A/Libraries/libGL.dylib
0x00000000077f8000 	/System/Library/Frameworks/OpenGL.framework/Versions/A/Libraries/libGLImage.dylib
0x00000000077f8000 	/System/Library/Frameworks/OpenGL.framework/Versions/A/Libraries/libCVMSPluginSupport.dylib
0x00000000077f8000 	/System/Library/Frameworks/OpenGL.framework/Versions/A/Libraries/libCoreVMClient.dylib
0x00000000077f8000 	/usr/lib/libcups.2.dylib
0x00000000077f8000 	/System/Library/Frameworks/Kerberos.framework/Versions/A/Kerberos
0x00000000077f8000 	/System/Library/Frameworks/GSS.framework/Versions/A/GSS
0x00000000077f8000 	/usr/lib/libresolv.9.dylib
0x00000000077f8000 	/usr/lib/libiconv.2.dylib
0x00000000077f8000 	/System/Library/PrivateFrameworks/Heimdal.framework/Versions/A/Heimdal
0x00000000077f8000 	/usr/lib/libheimdal-asn1.dylib
0x00000000077f8000 	/System/Library/Frameworks/OpenDirectory.framework/Versions/A/OpenDirectory
0x00000000077f8000 	/System/Library/PrivateFrameworks/CommonAuth.framework/Versions/A/CommonAuth
0x00000000077f8000 	/System/Library/Frameworks/OpenDirectory.framework/Versions/A/Frameworks/CFOpenDirectory.framework/Versions/A/CFOpenDirectory
0x00000000077f8000 	/System/Library/Frameworks/SecurityFoundation.framework/Versions/A/SecurityFoundation
0x00000000077f8000 	/System/Library/PrivateFrameworks/LanguageModeling.framework/Versions/A/LanguageModeling
0x00000000077f8000 	/usr/lib/libmarisa.dylib
0x00000000077f8000 	/usr/lib/libChineseTokenizer.dylib
0x00000000077f8000 	/usr/lib/libcmph.dylib
0x00000000077f8000 	/usr/lib/libcompression.dylib
0x00000000077f8000 	/System/Library/Frameworks/ServiceManagement.framework/Versions/A/ServiceManagement
0x00000000077f8000 	/usr/lib/libxslt.1.dylib
0x00000000077f8000 	/System/Library/Frameworks/Carbon.framework/Versions/A/Frameworks/Ink.framework/Versions/A/Ink
0x00000000077f8000 	/usr/lib/libFosl_dynamic.dylib
0x00000000077f8000 	/System/Library/PrivateFrameworks/FaceCore.framework/Versions/A/FaceCore
0x00000000077f8000 	/System/Library/Frameworks/OpenCL.framework/Versions/A/OpenCL
0x00000000077f8000 	/System/Library/PrivateFrameworks/CrashReporterSupport.framework/Versions/A/CrashReporterSupport
0x00000000077f8000 	/System/Library/PrivateFrameworks/IconServices.framework/Versions/A/IconServices
0x00000000077f8000 	/System/Library/PrivateFrameworks/Apple80211.framework/Versions/A/Apple80211
0x00000000077f8000 	/System/Library/Frameworks/CoreWLAN.framework/Versions/A/CoreWLAN
0x00000000077f8000 	/System/Library/Frameworks/IOBluetooth.framework/Versions/A/IOBluetooth
0x00000000077f8000 	/System/Library/PrivateFrameworks/CoreWiFi.framework/Versions/A/CoreWiFi
0x00000000077f8000 	/System/Library/Frameworks/CoreBluetooth.framework/Versions/A/CoreBluetooth
0x00000000077f8000 	/System/Library/PrivateFrameworks/ChunkingLibrary.framework/Versions/A/ChunkingLibrary
0x00000000077f8000 	/System/Library/PrivateFrameworks/DebugSymbols.framework/Versions/A/DebugSymbols
0x00000000077f8000 	/System/Library/PrivateFrameworks/CoreSymbolication.framework/Versions/A/CoreSymbolication
0x00000000077f8000 	/System/Library/PrivateFrameworks/Symbolication.framework/Versions/A/Symbolication
0x00000000077f8000 	/System/Library/PrivateFrameworks/SpeechRecognitionCore.framework/Versions/A/SpeechRecognitionCore
0x000000010ce6b000 	/Library/Java/JavaVirtualMachines/jdk1.8.0_45.jdk/Contents/Home/jre/lib/server/libjvm.dylib
0x00000000077f8000 	/usr/lib/libstdc++.6.dylib
0x000000010ddd4000 	/Library/Java/JavaVirtualMachines/jdk1.8.0_45.jdk/Contents/Home/jre/lib/libverify.dylib
0x000000010dde2000 	/Library/Java/JavaVirtualMachines/jdk1.8.0_45.jdk/Contents/Home/jre/lib/libjava.dylib
0x000000010de25000 	/Library/Java/JavaVirtualMachines/jdk1.8.0_45.jdk/Contents/Home/jre/lib/libzip.dylib
0x000000010dfe1000 	/System/Library/Frameworks/JavaVM.framework/Frameworks/JavaRuntimeSupport.framework/JavaRuntimeSupport
0x0000000123fb0000 	/System/Library/Frameworks/JavaVM.framework/Versions/A/Frameworks/JavaNativeFoundation.framework/Versions/A/JavaNativeFoundation
0x0000000123fc5000 	/System/Library/Frameworks/JavaVM.framework/Versions/A/JavaVM
0x00000000077f8000 	/System/Library/Frameworks/Carbon.framework/Versions/A/Carbon
0x0000000123fd2000 	/System/Library/PrivateFrameworks/JavaLaunching.framework/Versions/A/JavaLaunching
0x00000000077f8000 	/System/Library/Frameworks/Carbon.framework/Versions/A/Frameworks/CommonPanels.framework/Versions/A/CommonPanels
0x00000000077f8000 	/System/Library/Frameworks/Carbon.framework/Versions/A/Frameworks/Help.framework/Versions/A/Help
0x00000000077f8000 	/System/Library/Frameworks/Carbon.framework/Versions/A/Frameworks/ImageCapture.framework/Versions/A/ImageCapture
0x00000000077f8000 	/System/Library/Frameworks/Carbon.framework/Versions/A/Frameworks/OpenScripting.framework/Versions/A/OpenScripting
0x00000000077f8000 	/System/Library/Frameworks/Carbon.framework/Versions/A/Frameworks/Print.framework/Versions/A/Print
0x00000000077f8000 	/System/Library/Frameworks/Carbon.framework/Versions/A/Frameworks/SecurityHI.framework/Versions/A/SecurityHI
0x00000001259c2000 	/Library/Java/JavaVirtualMachines/jdk1.8.0_45.jdk/Contents/Home/jre/lib/libprism_es2.dylib
0x00000000077f8000 	/System/Library/Frameworks/OpenGL.framework/Versions/A/Resources/GLEngine.bundle/GLEngine
0x00000000077f8000 	/System/Library/Frameworks/OpenGL.framework/Versions/A/Libraries/libGLProgrammability.dylib
0x0000000125a44000 	/System/Library/Extensions/AppleIntelHD3000GraphicsGLDriver.bundle/Contents/MacOS/AppleIntelHD3000GraphicsGLDriver
0x00000000077f8000 	/System/Library/PrivateFrameworks/GPUSupport.framework/Versions/A/Libraries/libGPUSupport.dylib
0x00000000077f8000 	/System/Library/Frameworks/OpenGL.framework/Versions/A/Resources/GLRendererFloat.bundle/GLRendererFloat
0x00000000077f8000 	/System/Library/Frameworks/OpenCL.framework/Versions/A/Libraries/libcldcpuengine.dylib
0x00000000077f8000 	/System/Library/PrivateFrameworks/DiskImages.framework/Versions/A/DiskImages
0x00000000077f8000 	/System/Library/Frameworks/DiscRecording.framework/Versions/A/DiscRecording
0x00000000077f8000 	/usr/lib/libcsfde.dylib
0x00000000077f8000 	/usr/lib/libcurl.4.dylib
0x00000000077f8000 	/System/Library/PrivateFrameworks/MediaKit.framework/Versions/A/MediaKit
0x00000000077f8000 	/System/Library/PrivateFrameworks/ProtectedCloudStorage.framework/Versions/A/ProtectedCloudStorage
0x00000000077f8000 	/usr/lib/libCoreStorage.dylib
0x00000000077f8000 	/System/Library/PrivateFrameworks/EFILogin.framework/Versions/A/EFILogin
0x00000000077f8000 	/usr/lib/libutil.dylib
0x00000000077f8000 	/System/Library/PrivateFrameworks/FindMyDevice.framework/Versions/A/FindMyDevice
0x00000000077f8000 	/System/Library/Frameworks/LDAP.framework/Versions/A/LDAP
0x00000000077f8000 	/usr/lib/libsasl2.2.dylib
0x00000000077f8000 	/System/Library/PrivateFrameworks/CoreDaemon.framework/Versions/B/CoreDaemon
0x00000000077f8000 	/usr/lib/libcrypto.0.9.8.dylib
0x00000000077f8000 	/System/Library/PrivateFrameworks/AppleSRP.framework/Versions/A/AppleSRP
0x00000000077f8000 	/System/Library/PrivateFrameworks/TrustEvaluationAgent.framework/Versions/A/TrustEvaluationAgent
0x00000001260c4000 	/Library/Java/JavaVirtualMachines/jdk1.8.0_45.jdk/Contents/Home/jre/lib/libglass.dylib
0x00000000077f8000 	/System/Library/PrivateFrameworks/CoreServicesInternal.framework/Versions/A/CoreServicesInternal
0x00000000077f8000 	/System/Library/CoreServices/RawCamera.bundle/Contents/MacOS/RawCamera
0x00000000077f8000 	/System/Library/Frameworks/CoreGraphics.framework/Versions/A/Resources/libRIP.A.dylib
0x00000000077f8000 	/System/Library/Frameworks/Accelerate.framework/Versions/A/Frameworks/vImage.framework/Versions/A/Libraries/libCGInterfaces.dylib
0x00000000077f8000 	/System/Library/PrivateFrameworks/FamilyControls.framework/Versions/A/FamilyControls
0x00000000077f8000 	/System/Library/PrivateFrameworks/CommerceKit.framework/Versions/A/Frameworks/CommerceCore.framework/Versions/A/CommerceCore
0x00000000077f8000 	/System/Library/PrivateFrameworks/SystemAdministration.framework/Versions/A/SystemAdministration
0x00000000077f8000 	/System/Library/PrivateFrameworks/AppContainer.framework/Versions/A/AppContainer
0x00000000077f8000 	/System/Library/PrivateFrameworks/SecCodeWrapper.framework/Versions/A/SecCodeWrapper
0x00000000077f8000 	/System/Library/Frameworks/DirectoryService.framework/Versions/A/DirectoryService
0x00000000077f8000 	/System/Library/PrivateFrameworks/LoginUIKit.framework/Versions/A/Frameworks/LoginUICore.framework/Versions/A/LoginUICore
0x00000000077f8000 	/usr/lib/libodfde.dylib
0x0000000128d7e000 	/Library/Java/JavaVirtualMachines/jdk1.8.0_45.jdk/Contents/Home/jre/lib/libjavafx_font.dylib
0x00000000077f8000 	/System/Library/Frameworks/CoreGraphics.framework/Versions/A/Resources/libCGXType.A.dylib
0x000000012a5ae000 	cl_kernels
0x00000000077f8000 	/System/Library/Frameworks/OpenCL.framework/Versions/A/Libraries/ImageFormats/unorm8_bgra.dylib
0x00000000077f8000 	/System/Library/Frameworks/OpenCL.framework/Versions/A/Libraries/ImageFormats/unorm8_rgba.dylib
0x0000000126f02000 	/Library/Java/JavaVirtualMachines/jdk1.8.0_45.jdk/Contents/Home/jre/lib/libprism_common.dylib
0x000000012a39c000 	/Library/Java/JavaVirtualMachines/jdk1.8.0_45.jdk/Contents/Home/jre/lib/libnet.dylib
0x000000012cedb000 	/Library/Java/JavaVirtualMachines/jdk1.8.0_45.jdk/Contents/Home/jre/lib/libawt.dylib
0x000000012cf83000 	/Library/Java/JavaVirtualMachines/jdk1.8.0_45.jdk/Contents/Home/jre/lib/./libmlib_image.dylib
0x000000012d04f000 	/Library/Java/JavaVirtualMachines/jdk1.8.0_45.jdk/Contents/Home/jre/lib/libawt_lwawt.dylib
0x000000012a832000 	/Library/Java/JavaVirtualMachines/jdk1.8.0_45.jdk/Contents/Home/jre/lib/./libosxapp.dylib
0x00000000077f8000 	/System/Library/Frameworks/ExceptionHandling.framework/Versions/A/ExceptionHandling
0x000000012d103000 	/Library/Java/JavaVirtualMachines/jdk1.8.0_45.jdk/Contents/Home/jre/lib/libfontmanager.dylib
0x0000000129d38000 	/Library/Java/JavaVirtualMachines/jdk1.8.0_45.jdk/Contents/Home/jre/lib/libosxui.dylib
0x0000000128d3f000 	/Library/Java/JavaVirtualMachines/jdk1.8.0_45.jdk/Contents/Home/jre/lib/libnio.dylib
0x000000012a86e000 	/Library/Java/JavaVirtualMachines/jdk1.8.0_45.jdk/Contents/Home/jre/lib/libsunec.dylib

VM Arguments:
jvm_args: -Dfile.encoding=UTF-8 
java_command: main.Main
java_class_path (initial): /Users/aitor/Documents/workspace/Bluegram/bin:/Users/aitor/.p2/pool/plugins/org.eclipse.fx.ide.css.jfx8_2.1.0.201508240705.jar:/Volumes/Almacenamiento/librerias java/xmpp/XMPP jars/commons-codec-1.9.jar:/Volumes/Almacenamiento/librerias java/xmpp/XMPP jars/commons-logging-1.2-javadoc.jar:/Volumes/Almacenamiento/librerias java/xmpp/XMPP jars/commons-logging-1.2.jar:/Volumes/Almacenamiento/librerias java/xmpp/XMPP jars/fluent-hc-4.5.1.jar:/Volumes/Almacenamiento/librerias java/xmpp/XMPP jars/httpclient-4.5.1.jar:/Volumes/Almacenamiento/librerias java/xmpp/XMPP jars/httpclient-cache-4.5.1.jar:/Volumes/Almacenamiento/librerias java/xmpp/XMPP jars/httpclient-win-4.5.1.jar:/Volumes/Almacenamiento/librerias java/xmpp/XMPP jars/httpcore-4.4.3.jar:/Volumes/Almacenamiento/librerias java/xmpp/XMPP jars/httpmime-4.5.1.jar:/Volumes/Almacenamiento/librerias java/xmpp/XMPP jars/jna-4.1.0.jar:/Volumes/Almacenamiento/librerias java/xmpp/XMPP jars/jna-platform-4.1.0.jar:/Volumes/Almacenamiento/librerias java/xmpp/XMPP jars/jxmpp-core-0.4.1.jar:/Volumes/Almacenamiento/librerias java/xmpp/XMPP jars/jxmpp-util-cache-0.5.0-alpha2.jar:/Volumes/Almacenamiento/librerias java/xmpp/XMPP jars/minidns-0.1.3.jar:/Volumes/Almacenamiento/librerias java/xmpp/XMPP jars/smack-android-4.1.5-javadoc.jar:/Volumes/Almacenamiento/librerias java/xmpp/XMPP jars/smack-android-4.1.5-sources.jar:/Volumes/Almacenamiento/librerias java/xmpp/XMPP jars/smack-android-4.1.5.jar:/Volumes/Almacenamiento/librerias java/xmpp/XMPP jars/smack-android-extensions-4.1.5-javadoc.jar:/Volumes/Almacenamiento/librerias java/xmpp/XMPP jars/smack-android-extensions-4.1.5-sources.jar:/Volumes/Almacenamiento/librerias java/xmpp/XMPP jars/smack-android-extensions-4.1.5.jar:/Volumes/Almacenamiento/librerias java/xmpp/XMPP jars/smack-bosh-4.1.5-javadoc.jar:/Volumes/Almacenamiento/librerias java/xmpp/XMPP jars/smack-bosh-4.1.5-sources.jar:/Volumes/Almacenamiento/librerias java/xmpp/XMPP jars/smack-bosh-4.1.5
Launcher Type: SUN_STANDARD

Environment Variables:
PATH=/usr/bin:/bin:/usr/sbin:/sbin
SHELL=/bin/bash
DISPLAY=/private/tmp/com.apple.launchd.wvh4SNH1l7/org.macosforge.xquartz:0

Signal Handlers:
SIGSEGV: [libjvm.dylib+0x58ef95], sa_mask[0]=11111111011111110111111111111111, sa_flags=SA_ONSTACK|SA_RESTART|SA_SIGINFO
SIGBUS: [libjvm.dylib+0x58ef95], sa_mask[0]=11111111011111110111111111111111, sa_flags=SA_RESTART|SA_SIGINFO
SIGFPE: [libjvm.dylib+0x46c108], sa_mask[0]=11111111011111110111111111111111, sa_flags=SA_RESTART|SA_SIGINFO
SIGPIPE: [libjvm.dylib+0x46c108], sa_mask[0]=11111111011111110111111111111111, sa_flags=SA_RESTART|SA_SIGINFO
SIGXFSZ: [libjvm.dylib+0x46c108], sa_mask[0]=11111111011111110111111111111111, sa_flags=SA_RESTART|SA_SIGINFO
SIGILL: [libjvm.dylib+0x46c108], sa_mask[0]=11111111011111110111111111111111, sa_flags=SA_RESTART|SA_SIGINFO
SIGUSR1: SIG_DFL, sa_mask[0]=00000000000000000000000000000000, sa_flags=none
SIGUSR2: [libjvm.dylib+0x46bc26], sa_mask[0]=00100000000000000000000000000000, sa_flags=SA_RESTART|SA_SIGINFO
SIGHUP: [libjvm.dylib+0x46a1f9], sa_mask[0]=11111111011111110111111111111111, sa_flags=SA_RESTART|SA_SIGINFO
SIGINT: [libjvm.dylib+0x46a1f9], sa_mask[0]=11111111011111110111111111111111, sa_flags=SA_RESTART|SA_SIGINFO
SIGTERM: [libjvm.dylib+0x46a1f9], sa_mask[0]=11111111011111110111111111111111, sa_flags=SA_RESTART|SA_SIGINFO
SIGQUIT: [libjvm.dylib+0x46a1f9], sa_mask[0]=11111111011111110111111111111111, sa_flags=SA_RESTART|SA_SIGINFO


---------------  S Y S T E M  ---------------

OS:Bsduname:Darwin 15.4.0 Darwin Kernel Version 15.4.0: Fri Feb 26 22:08:05 PST 2016; root:xnu-3248.40.184~3/RELEASE_X86_64 x86_64
rlimit: STACK 8192k, CORE 0k, NPROC 709, NOFILE 10240, AS infinity
load average:2.37 2.42 2.32

CPU:total 4 (2 cores per cpu, 2 threads per core) family 6 model 42 stepping 7, cmov, cx8, fxsr, mmx, sse, sse2, sse3, ssse3, sse4.1, sse4.2, popcnt, avx, aes, clmul, ht, tsc, tscinvbit

Memory: 4k page, physical 8388608k(1561908k free)

/proc/meminfo:


vm_info: Java HotSpot(TM) 64-Bit Server VM (25.45-b02) for bsd-amd64 JRE (1.8.0_45-b14), built on Apr 10 2015 10:46:38 by "java_re" with gcc 4.2.1 (Based on Apple Inc. build 5658) (LLVM build 2336.11.00)

time: Wed Apr  6 22:30:02 2016
elapsed time: 25 seconds (0d 0h 0m 25s)

