#
# A fatal error has been detected by the Java Runtime Environment:
#
#  SIGSEGV (0xb) at pc=0x000000010af6bab6, pid=883, tid=2571
#
# JRE version: Java(TM) SE Runtime Environment (8.0_45-b14) (build 1.8.0_45-b14)
# Java VM: Java HotSpot(TM) 64-Bit Server VM (25.45-b02 mixed mode bsd-amd64 compressed oops)
# Problematic frame:
# V  [libjvm.dylib+0x164ab6]
#
# Failed to write core dump. Core dumps have been disabled. To enable core dumping, try "ulimit -c unlimited" before starting Java again
#
# If you would like to submit a bug report, please visit:
#   http://bugreport.java.com/bugreport/crash.jsp
#

---------------  T H R E A D  ---------------

Current thread is native thread

siginfo: si_signo: 11 (SIGSEGV), si_code: 1 (SEGV_MAPERR), si_addr: 0x0000000000000270

Registers:
RAX=0x0000000000000000, RBX=0x0000000000000000, RCX=0x000000010b10d431, RDX=0x00007f91d31b19f8
RSP=0x00007fff5506e340, RBP=0x00007fff5506e350, RSI=0x0000000000000006, RDI=0x00007fff5506e390
R8 =0x0000000000000000, R9 =0x0000000000000000, R10=0x00007f91d47c92d0, R11=0x0000000121f61b58
R12=0x00007f91d31b19f8, R13=0x000000012722bba0, R14=0x00007f91d31b19f8, R15=0x0000000000000000
RIP=0x000000010af6bab6, EFLAGS=0x0000000000010246, ERR=0x0000000000000006
  TRAPNO=0x000000000000000e

Top of Stack: (sp=0x00007fff5506e340)
0x00007fff5506e340:   00007f91d1e43d88 00007f91d31b19f8
0x00007fff5506e350:   00007fff5506e3b0 000000010b10d461
0x00007fff5506e360:   1d0048b212bcaf56 0000000000000000
0x00007fff5506e370:   00007f91d2526a00 00007f91d68cb7b0
0x00007fff5506e380:   00007fff5506e3b0 0000000126dfd769
0x00007fff5506e390:   0000000000000000 00007f91d44efa80
0x00007fff5506e3a0:   00007f91d2526a00 00007f91d68cb7b0
0x00007fff5506e3b0:   00007fff5506e410 000000012aa88a3f
0x00007fff5506e3c0:   1d0048b212bcaf56 0000000000000000
0x00007fff5506e3d0:   40b0ae86772cbf1d 00007f91d43b2080
0x00007fff5506e3e0:   00007fff5506e410 00007fff87b794c0
0x00007fff5506e3f0:   0000000000000000 000000012722bba0
0x00007fff5506e400:   00007f91d68cb7b0 00007f91d43b2080
0x00007fff5506e410:   00007fff5506e470 00007fff8fad490f
0x00007fff5506e420:   0000017a00000004 0000000000000000
0x00007fff5506e430:   00007f91d68cb7b0 0000000000000000
0x00007fff5506e440:   40b0ae86772cbf1d 00007fff87b794c0
0x00007fff5506e450:   00007f91d47b9010 00007f91d68cb7b0
0x00007fff5506e460:   0000000000000004 0000000000000000
0x00007fff5506e470:   00007fff5506e4e0 00007fff8fad44b9
0x00007fff5506e480:   3ff0000000000000 4084500000000000
0x00007fff5506e490:   4077a00000000000 0000000000000000
0x00007fff5506e4a0:   0000000000000000 4084500000000000
0x00007fff5506e4b0:   4077a00000000000 00007fff5506e5c0
0x00007fff5506e4c0:   000000012722c9e8 00007fff91281151
0x00007fff5506e4d0:   0000000000000001 000000012722c940
0x00007fff5506e4e0:   00007fff5506f5c0 00007fff8fa7a10d
0x00007fff5506e4f0:   00007fff5506f5c0 00007fff8fa79fcf
0x00007fff5506e500:   0000000000001001 0000000000000028
0x00007fff5506e510:   000000012722c9e8 000000012722c9e8
0x00007fff5506e520:   000000012722c940 0000000000000000
0x00007fff5506e530:   00007f91d229b800 00007fff5506e4f0 

Instructions: (pc=0x000000010af6bab6)
0x000000010af6ba96:   0e 48 8b 0b 49 8b 56 18 48 63 c0 48 89 0c c2 5b
0x000000010af6baa6:   41 5e 5d c3 90 90 55 48 89 e5 41 56 53 48 8b 1f
0x000000010af6bab6:   c7 83 70 02 00 00 05 00 00 00 48 8d 05 71 d2 75
0x000000010af6bac6:   00 8b 00 83 f8 01 41 89 f6 75 0c 48 8d 0d be 39 

Register to memory mapping:

RAX=0x0000000000000000 is an unknown value
RBX=0x0000000000000000 is an unknown value
RCX=0x000000010b10d431: jni_NewLocalRef+0 in /Library/Java/JavaVirtualMachines/jdk1.8.0_45.jdk/Contents/Home/jre/lib/server/libjvm.dylib at 0x000000010ae07000
RDX=0x00007f91d31b19f8 is an unknown value
RSP=0x00007fff5506e340 is an unknown value
RBP=0x00007fff5506e350 is an unknown value
RSI=0x0000000000000006 is an unknown value
RDI=0x00007fff5506e390 is an unknown value
R8 =0x0000000000000000 is an unknown value
R9 =0x0000000000000000 is an unknown value
R10=0x00007f91d47c92d0 is an unknown value
R11=0x0000000121f61b58: OBJC_CLASS_$_JNFJObjectWrapper+0 in /System/Library/Frameworks/JavaVM.framework/Versions/A/Frameworks/JavaNativeFoundation.framework/Versions/A/JavaNativeFoundation at 0x0000000121f55000
R12=0x00007f91d31b19f8 is an unknown value
R13=0x000000012722bba0 is an unknown value
R14=0x00007f91d31b19f8 is an unknown value
R15=0x0000000000000000 is an unknown value


Stack: [0x00007fff54875000,0x00007fff55075000],  sp=0x00007fff5506e340,  free space=8164k
Native frames: (J=compiled Java code, j=interpreted, Vv=VM code, C=native code)
V  [libjvm.dylib+0x164ab6]
V  [libjvm.dylib+0x306461]
C  [libawt_lwawt.dylib+0x19a3f]  -[CGLLayer drawInCGLContext:pixelFormat:forLayerTime:displayTime:]+0xee
C  [QuartzCore+0x6990f]  _ZL17CAOpenGLLayerDrawP13CAOpenGLLayerdPK11CVTimeStampj+0x2ca
C  [QuartzCore+0x694b9]  -[CAOpenGLLayer _display]+0x160
C  [QuartzCore+0xf10d]  _ZN2CA5Layer17display_if_neededEPNS_11TransactionE+0x25b
C  [QuartzCore+0xe78d]  _ZN2CA5Layer28layout_and_display_if_neededEPNS_11TransactionE+0x23
C  [QuartzCore+0xdcf1]  _ZN2CA7Context18commit_transactionEPNS_11TransactionE+0x115
C  [QuartzCore+0xda24]  _ZN2CA11Transaction6commitEv+0x1fc
C  [QuartzCore+0x1c917]  _ZN2CA11Transaction17observer_callbackEP19__CFRunLoopObservermPv+0x47
C  [CoreFoundation+0x7de37]  __CFRUNLOOP_IS_CALLING_OUT_TO_AN_OBSERVER_CALLBACK_FUNCTION__+0x17
C  [CoreFoundation+0x7dda7]  __CFRunLoopDoObservers+0x187
C  [CoreFoundation+0x6fa3a]  __CFRunLoopRun+0x49a
C  [CoreFoundation+0x6f338]  CFRunLoopRunSpecific+0x128
C  [java+0x6490]  CreateExecutionEnvironment+0x367
C  [java+0x221c]  JLI_Launch+0x7a0
C  [java+0x84ed]  main+0x65
C  [java+0x1a74]  start+0x34


---------------  P R O C E S S  ---------------

VM state:not at safepoint (normal execution)

VM Mutex/Monitor currently owned by a thread: None

Heap:
 PSYoungGen      total 38400K, used 28085K [0x0000000795580000, 0x0000000798000000, 0x00000007c0000000)
  eden space 33280K, 84% used [0x0000000795580000,0x00000007970ed4d8,0x0000000797600000)
  from space 5120K, 0% used [0x0000000797b00000,0x0000000797b00000,0x0000000798000000)
  to   space 5120K, 0% used [0x0000000797600000,0x0000000797600000,0x0000000797b00000)
 ParOldGen       total 51712K, used 9685K [0x0000000740000000, 0x0000000743280000, 0x0000000795580000)
  object space 51712K, 18% used [0x0000000740000000,0x0000000740975660,0x0000000743280000)
 Metaspace       used 30840K, capacity 31716K, committed 32128K, reserved 1077248K
  class space    used 4250K, capacity 4471K, committed 4480K, reserved 1048576K

Card table byte_map: [0x000000011b9c0000,0x000000011bdc1000] byte_map_base: 0x0000000117fc0000

Marking Bits: (ParMarkBitMap*) 0x000000010b6c97a0
 Begin Bits: [0x000000011c06c000, 0x000000011e06c000)
 End Bits:   [0x000000011e06c000, 0x000000012006c000)

Polling page: 0x000000010bdb3000

CodeCache: size=245760Kb used=8958Kb max_used=8958Kb free=236801Kb
 bounds [0x000000010c600000, 0x000000010ced0000, 0x000000011b600000]
 total_blobs=3877 nmethods=3035 adapters=755
 compilation: enabled

Compilation events (10 events):
Event: 18.990 Thread 0x00007f91d3045800 3319       3       sun.java2d.pipe.RenderBuffer::putFloat (26 bytes)
Event: 18.990 Thread 0x00007f91d3045800 nmethod 3319 0x000000010cec7450 code [0x000000010cec75c0, 0x000000010cec7750]
Event: 18.990 Thread 0x00007f91d3045800 3320       1       sun.awt.image.BufImgSurfaceManager::getPrimarySurfaceData (5 bytes)
Event: 18.991 Thread 0x00007f91d3045800 nmethod 3320 0x000000010cec7810 code [0x000000010cec7960, 0x000000010cec7a70]
Event: 18.991 Thread 0x00007f91d3045800 3321       3       sun.font.CFont::getMapper (24 bytes)
Event: 18.991 Thread 0x00007f91d3045800 nmethod 3321 0x000000010cec7ad0 code [0x000000010cec7c60, 0x000000010cec81b0]
Event: 18.992 Thread 0x00007f91d3045800 3322       3       java.awt.Container::insets (42 bytes)
Event: 18.992 Thread 0x00007f91d3045800 nmethod 3322 0x000000010cec8410 code [0x000000010cec85e0, 0x000000010cec8e48]
Event: 18.992 Thread 0x00007f91d3045800 3323       3       sun.java2d.SunGraphics2D::setFont (105 bytes)
Event: 18.993 Thread 0x00007f91d3045800 nmethod 3323 0x000000010cec9150 code [0x000000010cec9300, 0x000000010cec9bf8]

GC Heap History (6 events):
Event: 2.239 GC heap before
{Heap before GC invocations=1 (full 0):
 PSYoungGen      total 38400K, used 33280K [0x0000000795580000, 0x0000000798000000, 0x00000007c0000000)
  eden space 33280K, 100% used [0x0000000795580000,0x0000000797600000,0x0000000797600000)
  from space 5120K, 0% used [0x0000000797b00000,0x0000000797b00000,0x0000000798000000)
  to   space 5120K, 0% used [0x0000000797600000,0x0000000797600000,0x0000000797b00000)
 ParOldGen       total 87552K, used 0K [0x0000000740000000, 0x0000000745580000, 0x0000000795580000)
  object space 87552K, 0% used [0x0000000740000000,0x0000000740000000,0x0000000745580000)
 Metaspace       used 13523K, capacity 14068K, committed 14336K, reserved 1060864K
  class space    used 1806K, capacity 1993K, committed 2048K, reserved 1048576K
Event: 2.247 GC heap after
Heap after GC invocations=1 (full 0):
 PSYoungGen      total 38400K, used 4917K [0x0000000795580000, 0x0000000798000000, 0x00000007c0000000)
  eden space 33280K, 0% used [0x0000000795580000,0x0000000795580000,0x0000000797600000)
  from space 5120K, 96% used [0x0000000797600000,0x0000000797acd510,0x0000000797b00000)
  to   space 5120K, 0% used [0x0000000797b00000,0x0000000797b00000,0x0000000798000000)
 ParOldGen       total 87552K, used 80K [0x0000000740000000, 0x0000000745580000, 0x0000000795580000)
  object space 87552K, 0% used [0x0000000740000000,0x0000000740014010,0x0000000745580000)
 Metaspace       used 13523K, capacity 14068K, committed 14336K, reserved 1060864K
  class space    used 1806K, capacity 1993K, committed 2048K, reserved 1048576K
}
Event: 8.321 GC heap before
{Heap before GC invocations=2 (full 0):
 PSYoungGen      total 38400K, used 36012K [0x0000000795580000, 0x0000000798000000, 0x00000007c0000000)
  eden space 33280K, 93% used [0x0000000795580000,0x00000007973dddf8,0x0000000797600000)
  from space 5120K, 96% used [0x0000000797600000,0x0000000797acd510,0x0000000797b00000)
  to   space 5120K, 0% used [0x0000000797b00000,0x0000000797b00000,0x0000000798000000)
 ParOldGen       total 87552K, used 80K [0x0000000740000000, 0x0000000745580000, 0x0000000795580000)
  object space 87552K, 0% used [0x0000000740000000,0x0000000740014010,0x0000000745580000)
 Metaspace       used 20458K, capacity 21188K, committed 21248K, reserved 1067008K
  class space    used 2854K, capacity 3045K, committed 3072K, reserved 1048576K
Event: 8.334 GC heap after
Heap after GC invocations=2 (full 0):
 PSYoungGen      total 38400K, used 5117K [0x0000000795580000, 0x0000000798000000, 0x00000007c0000000)
  eden space 33280K, 0% used [0x0000000795580000,0x0000000795580000,0x0000000797600000)
  from space 5120K, 99% used [0x0000000797b00000,0x0000000797fff4e0,0x0000000798000000)
  to   space 5120K, 0% used [0x0000000797600000,0x0000000797600000,0x0000000797b00000)
 ParOldGen       total 87552K, used 6733K [0x0000000740000000, 0x0000000745580000, 0x0000000795580000)
  object space 87552K, 7% used [0x0000000740000000,0x0000000740693698,0x0000000745580000)
 Metaspace       used 20458K, capacity 21188K, committed 21248K, reserved 1067008K
  class space    used 2854K, capacity 3045K, committed 3072K, reserved 1048576K
}
Event: 8.334 GC heap before
{Heap before GC invocations=3 (full 1):
 PSYoungGen      total 38400K, used 5117K [0x0000000795580000, 0x0000000798000000, 0x00000007c0000000)
  eden space 33280K, 0% used [0x0000000795580000,0x0000000795580000,0x0000000797600000)
  from space 5120K, 99% used [0x0000000797b00000,0x0000000797fff4e0,0x0000000798000000)
  to   space 5120K, 0% used [0x0000000797600000,0x0000000797600000,0x0000000797b00000)
 ParOldGen       total 87552K, used 6733K [0x0000000740000000, 0x0000000745580000, 0x0000000795580000)
  object space 87552K, 7% used [0x0000000740000000,0x0000000740693698,0x0000000745580000)
 Metaspace       used 20458K, capacity 21188K, committed 21248K, reserved 1067008K
  class space    used 2854K, capacity 3045K, committed 3072K, reserved 1048576K
Event: 8.373 GC heap after
Heap after GC invocations=3 (full 1):
 PSYoungGen      total 38400K, used 0K [0x0000000795580000, 0x0000000798000000, 0x00000007c0000000)
  eden space 33280K, 0% used [0x0000000795580000,0x0000000795580000,0x0000000797600000)
  from space 5120K, 0% used [0x0000000797b00000,0x0000000797b00000,0x0000000798000000)
  to   space 5120K, 0% used [0x0000000797600000,0x0000000797600000,0x0000000797b00000)
 ParOldGen       total 51712K, used 9685K [0x0000000740000000, 0x0000000743280000, 0x0000000795580000)
  object space 51712K, 18% used [0x0000000740000000,0x0000000740975660,0x0000000743280000)
 Metaspace       used 20458K, capacity 21188K, committed 21248K, reserved 1067008K
  class space    used 2854K, capacity 3045K, committed 3072K, reserved 1048576K
}

Deoptimization events (10 events):
Event: 9.261 Thread 0x00007f91d23f6000 Uncommon trap: reason=unstable_if action=reinterpret pc=0x000000010c8231dc method=java.lang.AbstractStringBuilder.append(Ljava/lang/String;)Ljava/lang/AbstractStringBuilder; @ 1
Event: 9.569 Thread 0x00007f91d345b000 Uncommon trap: reason=unstable_if action=reinterpret pc=0x000000010caab410 method=java.lang.String.trim()Ljava/lang/String; @ 44
Event: 9.569 Thread 0x00007f91d345b000 Uncommon trap: reason=bimorphic action=maybe_recompile pc=0x000000010ccaf480 method=java.util.HashMap.putVal(ILjava/lang/Object;Ljava/lang/Object;ZZ)Ljava/lang/Object; @ 203
Event: 9.570 Thread 0x00007f91d345b000 Uncommon trap: reason=bimorphic action=maybe_recompile pc=0x000000010ccaf480 method=java.util.HashMap.putVal(ILjava/lang/Object;Ljava/lang/Object;ZZ)Ljava/lang/Object; @ 203
Event: 9.570 Thread 0x00007f91d345b000 Uncommon trap: reason=bimorphic action=maybe_recompile pc=0x000000010ccaf480 method=java.util.HashMap.putVal(ILjava/lang/Object;Ljava/lang/Object;ZZ)Ljava/lang/Object; @ 203
Event: 9.574 Thread 0x00007f91d345b000 Uncommon trap: reason=bimorphic action=maybe_recompile pc=0x000000010ccaf480 method=java.util.HashMap.putVal(ILjava/lang/Object;Ljava/lang/Object;ZZ)Ljava/lang/Object; @ 203
Event: 9.623 Thread 0x00007f91d345b000 Uncommon trap: reason=unstable_if action=reinterpret pc=0x000000010c9a40ec method=java.lang.String.regionMatches(ZILjava/lang/String;II)Z @ 123
Event: 9.625 Thread 0x00007f91d345b000 Uncommon trap: reason=unstable_if action=reinterpret pc=0x000000010c94e8ac method=java.io.ByteArrayInputStream.read()I @ 8
Event: 9.658 Thread 0x00007f91d345b000 Uncommon trap: reason=unstable_if action=reinterpret pc=0x000000010cc64920 method=java.util.concurrent.ConcurrentHashMap.putVal(Ljava/lang/Object;Ljava/lang/Object;Z)Ljava/lang/Object; @ 181
Event: 13.821 Thread 0x00007f91d31b1800 Uncommon trap: reason=unstable_if action=reinterpret pc=0x000000010cae2e08 method=java.util.WeakHashMap.expungeStaleEntries()V @ 9

Internal exceptions (10 events):
Event: 0.958 Thread 0x00007f91d31b1800 Exception <a 'java/lang/ArrayIndexOutOfBoundsException'> (0x0000000796b1ad78) thrown at [/Users/java_re/workspace/8-2-build-macosx-x86_64/jdk8u45/3457/hotspot/src/share/vm/runtime/sharedRuntime.cpp, line 605]
Event: 7.997 Thread 0x00007f91d23f6000 Exception <a 'java/io/FileNotFoundException'> (0x00000007962f1de0) thrown at [/Users/java_re/workspace/8-2-build-macosx-x86_64/jdk8u45/3457/hotspot/src/share/vm/prims/jni.cpp, line 709]
Event: 8.223 Thread 0x00007f91d23f6000 Exception <a 'java/lang/NoClassDefFoundError': org/apache/log4j/Priority> (0x00000007970d8a88) thrown at [/Users/java_re/workspace/8-2-build-macosx-x86_64/jdk8u45/3457/hotspot/src/share/vm/classfile/systemDictionary.cpp, line 199]
Event: 8.305 Thread 0x00007f91d23f6000 Exception <a 'java/io/FileNotFoundException'> (0x0000000797394d28) thrown at [/Users/java_re/workspace/8-2-build-macosx-x86_64/jdk8u45/3457/hotspot/src/share/vm/prims/jni.cpp, line 709]
Event: 8.305 Thread 0x00007f91d23f6000 Exception <a 'java/io/FileNotFoundException'> (0x0000000797395978) thrown at [/Users/java_re/workspace/8-2-build-macosx-x86_64/jdk8u45/3457/hotspot/src/share/vm/prims/jni.cpp, line 709]
Event: 9.261 Thread 0x00007f91d23f6000 Implicit null exception at 0x000000010c8bdcf5 to 0x000000010c8be055
Event: 9.261 Thread 0x00007f91d23f6000 Implicit null exception at 0x000000010c822e75 to 0x000000010c8231c9
Event: 9.439 Thread 0x00007f91d23f6000 Exception <a 'java/lang/ArrayIndexOutOfBoundsException'> (0x0000000795f2f048) thrown at [/Users/java_re/workspace/8-2-build-macosx-x86_64/jdk8u45/3457/hotspot/src/share/vm/runtime/sharedRuntime.cpp, line 605]
Event: 9.440 Thread 0x00007f91d23f6000 Exception <a 'java/lang/ArrayIndexOutOfBoundsException'> (0x0000000795f30488) thrown at [/Users/java_re/workspace/8-2-build-macosx-x86_64/jdk8u45/3457/hotspot/src/share/vm/runtime/sharedRuntime.cpp, line 605]
Event: 9.441 Thread 0x00007f91d23f6000 Exception <a 'java/lang/ArrayIndexOutOfBoundsException'> (0x0000000795f6e9c0) thrown at [/Users/java_re/workspace/8-2-build-macosx-x86_64/jdk8u45/3457/hotspot/src/share/vm/runtime/sharedRuntime.cpp, line 605]

Events (10 events):
Event: 18.978 loading class javafx/application/Application done
Event: 18.987 loading class com/sun/javafx/tk/quantum/QuantumRenderer
Event: 18.987 loading class com/sun/javafx/tk/quantum/QuantumRenderer done
Event: 18.987 loading class com/sun/javafx/tk/quantum/QuantumToolkit
Event: 18.987 loading class com/sun/javafx/tk/quantum/QuantumToolkit done
Event: 18.987 Thread 0x00007f91d312a800 Thread exited: 0x00007f91d312a800
Event: 18.988 Thread 0x00007f91d213d000 Thread exited: 0x00007f91d213d000
Event: 18.988 Thread 0x00007f91d31b1800 Thread exited: 0x00007f91d31b1800
Event: 18.988 Thread 0x00007f91d300a000 Thread exited: 0x00007f91d300a000
Event: 18.988 Thread 0x00007f91d285f800 Thread added: 0x00007f91d285f800


Dynamic libraries:
0x000000000076a000 	/System/Library/Frameworks/Cocoa.framework/Versions/A/Cocoa
0x000000000076a000 	/System/Library/Frameworks/Security.framework/Versions/A/Security
0x000000000076a000 	/System/Library/Frameworks/ApplicationServices.framework/Versions/A/ApplicationServices
0x000000000076a000 	/usr/lib/libz.1.dylib
0x000000000076a000 	/usr/lib/libSystem.B.dylib
0x000000000076a000 	/usr/lib/libobjc.A.dylib
0x000000000076a000 	/System/Library/Frameworks/CoreFoundation.framework/Versions/A/CoreFoundation
0x000000000076a000 	/System/Library/Frameworks/Foundation.framework/Versions/C/Foundation
0x000000000076a000 	/System/Library/Frameworks/AppKit.framework/Versions/C/AppKit
0x000000000076a000 	/System/Library/Frameworks/CoreData.framework/Versions/A/CoreData
0x000000000076a000 	/System/Library/PrivateFrameworks/RemoteViewServices.framework/Versions/A/RemoteViewServices
0x000000000076a000 	/System/Library/PrivateFrameworks/UIFoundation.framework/Versions/A/UIFoundation
0x000000000076a000 	/usr/lib/libScreenReader.dylib
0x000000000076a000 	/System/Library/Frameworks/Accelerate.framework/Versions/A/Accelerate
0x000000000076a000 	/System/Library/Frameworks/IOSurface.framework/Versions/A/IOSurface
0x000000000076a000 	/System/Library/Frameworks/AudioToolbox.framework/Versions/A/AudioToolbox
0x000000000076a000 	/System/Library/Frameworks/AudioUnit.framework/Versions/A/AudioUnit
0x000000000076a000 	/System/Library/PrivateFrameworks/DataDetectorsCore.framework/Versions/A/DataDetectorsCore
0x000000000076a000 	/System/Library/PrivateFrameworks/DesktopServicesPriv.framework/Versions/A/DesktopServicesPriv
0x000000000076a000 	/System/Library/Frameworks/Carbon.framework/Versions/A/Frameworks/HIToolbox.framework/Versions/A/HIToolbox
0x000000000076a000 	/System/Library/Frameworks/QuartzCore.framework/Versions/A/QuartzCore
0x000000000076a000 	/System/Library/Frameworks/Carbon.framework/Versions/A/Frameworks/SpeechRecognition.framework/Versions/A/SpeechRecognition
0x000000000076a000 	/usr/lib/libauto.dylib
0x000000000076a000 	/usr/lib/libicucore.A.dylib
0x000000000076a000 	/usr/lib/libxml2.2.dylib
0x000000000076a000 	/System/Library/PrivateFrameworks/CoreUI.framework/Versions/A/CoreUI
0x000000000076a000 	/System/Library/Frameworks/CoreAudio.framework/Versions/A/CoreAudio
0x000000000076a000 	/System/Library/Frameworks/DiskArbitration.framework/Versions/A/DiskArbitration
0x000000000076a000 	/usr/lib/liblangid.dylib
0x000000000076a000 	/System/Library/PrivateFrameworks/MultitouchSupport.framework/Versions/A/MultitouchSupport
0x000000000076a000 	/System/Library/Frameworks/IOKit.framework/Versions/A/IOKit
0x000000000076a000 	/usr/lib/libDiagnosticMessagesClient.dylib
0x000000000076a000 	/System/Library/Frameworks/CoreServices.framework/Versions/A/CoreServices
0x000000000076a000 	/System/Library/PrivateFrameworks/PerformanceAnalysis.framework/Versions/A/PerformanceAnalysis
0x000000000076a000 	/System/Library/PrivateFrameworks/GenerationalStorage.framework/Versions/A/GenerationalStorage
0x000000000076a000 	/System/Library/Frameworks/OpenGL.framework/Versions/A/OpenGL
0x000000000076a000 	/System/Library/PrivateFrameworks/Sharing.framework/Versions/A/Sharing
0x000000000076a000 	/System/Library/Frameworks/CoreGraphics.framework/Versions/A/CoreGraphics
0x000000000076a000 	/System/Library/Frameworks/CoreImage.framework/Versions/A/CoreImage
0x000000000076a000 	/System/Library/Frameworks/CoreText.framework/Versions/A/CoreText
0x000000000076a000 	/System/Library/Frameworks/ImageIO.framework/Versions/A/ImageIO
0x000000000076a000 	/System/Library/PrivateFrameworks/Backup.framework/Versions/A/Backup
0x000000000076a000 	/usr/lib/libextension.dylib
0x000000000076a000 	/usr/lib/libarchive.2.dylib
0x000000000076a000 	/System/Library/Frameworks/CFNetwork.framework/Versions/A/CFNetwork
0x000000000076a000 	/System/Library/Frameworks/SystemConfiguration.framework/Versions/A/SystemConfiguration
0x000000000076a000 	/usr/lib/libCRFSuite.dylib
0x000000000076a000 	/usr/lib/libc++.1.dylib
0x000000000076a000 	/usr/lib/libc++abi.dylib
0x000000000076a000 	/usr/lib/system/libcache.dylib
0x000000000076a000 	/usr/lib/system/libcommonCrypto.dylib
0x000000000076a000 	/usr/lib/system/libcompiler_rt.dylib
0x000000000076a000 	/usr/lib/system/libcopyfile.dylib
0x000000000076a000 	/usr/lib/system/libcorecrypto.dylib
0x000000000076a000 	/usr/lib/system/libdispatch.dylib
0x000000000076a000 	/usr/lib/system/libdyld.dylib
0x000000000076a000 	/usr/lib/system/libkeymgr.dylib
0x000000000076a000 	/usr/lib/system/liblaunch.dylib
0x000000000076a000 	/usr/lib/system/libmacho.dylib
0x000000000076a000 	/usr/lib/system/libquarantine.dylib
0x000000000076a000 	/usr/lib/system/libremovefile.dylib
0x000000000076a000 	/usr/lib/system/libsystem_asl.dylib
0x000000000076a000 	/usr/lib/system/libsystem_blocks.dylib
0x000000000076a000 	/usr/lib/system/libsystem_c.dylib
0x000000000076a000 	/usr/lib/system/libsystem_configuration.dylib
0x000000000076a000 	/usr/lib/system/libsystem_coreservices.dylib
0x000000000076a000 	/usr/lib/system/libsystem_coretls.dylib
0x000000000076a000 	/usr/lib/system/libsystem_dnssd.dylib
0x000000000076a000 	/usr/lib/system/libsystem_info.dylib
0x000000000076a000 	/usr/lib/system/libsystem_kernel.dylib
0x000000000076a000 	/usr/lib/system/libsystem_m.dylib
0x000000000076a000 	/usr/lib/system/libsystem_malloc.dylib
0x000000000076a000 	/usr/lib/system/libsystem_network.dylib
0x000000000076a000 	/usr/lib/system/libsystem_networkextension.dylib
0x000000000076a000 	/usr/lib/system/libsystem_notify.dylib
0x000000000076a000 	/usr/lib/system/libsystem_platform.dylib
0x000000000076a000 	/usr/lib/system/libsystem_pthread.dylib
0x000000000076a000 	/usr/lib/system/libsystem_sandbox.dylib
0x000000000076a000 	/usr/lib/system/libsystem_secinit.dylib
0x000000000076a000 	/usr/lib/system/libsystem_trace.dylib
0x000000000076a000 	/usr/lib/system/libunc.dylib
0x000000000076a000 	/usr/lib/system/libunwind.dylib
0x000000000076a000 	/usr/lib/system/libxpc.dylib
0x000000000076a000 	/usr/lib/libenergytrace.dylib
0x000000000076a000 	/usr/lib/libbsm.0.dylib
0x000000000076a000 	/usr/lib/system/libkxld.dylib
0x000000000076a000 	/usr/lib/libxar.1.dylib
0x000000000076a000 	/usr/lib/libsqlite3.dylib
0x000000000076a000 	/usr/lib/libpam.2.dylib
0x000000000076a000 	/usr/lib/libOpenScriptingUtil.dylib
0x000000000076a000 	/usr/lib/libbz2.1.0.dylib
0x000000000076a000 	/usr/lib/liblzma.5.dylib
0x000000000076a000 	/System/Library/Frameworks/CoreServices.framework/Versions/A/Frameworks/FSEvents.framework/Versions/A/FSEvents
0x000000000076a000 	/System/Library/Frameworks/CoreServices.framework/Versions/A/Frameworks/CarbonCore.framework/Versions/A/CarbonCore
0x000000000076a000 	/System/Library/Frameworks/CoreServices.framework/Versions/A/Frameworks/Metadata.framework/Versions/A/Metadata
0x000000000076a000 	/System/Library/Frameworks/CoreServices.framework/Versions/A/Frameworks/OSServices.framework/Versions/A/OSServices
0x000000000076a000 	/System/Library/Frameworks/CoreServices.framework/Versions/A/Frameworks/SearchKit.framework/Versions/A/SearchKit
0x000000000076a000 	/System/Library/Frameworks/CoreServices.framework/Versions/A/Frameworks/AE.framework/Versions/A/AE
0x000000000076a000 	/System/Library/Frameworks/CoreServices.framework/Versions/A/Frameworks/LaunchServices.framework/Versions/A/LaunchServices
0x000000000076a000 	/System/Library/Frameworks/CoreServices.framework/Versions/A/Frameworks/DictionaryServices.framework/Versions/A/DictionaryServices
0x000000000076a000 	/System/Library/Frameworks/CoreServices.framework/Versions/A/Frameworks/SharedFileList.framework/Versions/A/SharedFileList
0x000000000076a000 	/System/Library/Frameworks/NetFS.framework/Versions/A/NetFS
0x000000000076a000 	/System/Library/PrivateFrameworks/NetAuth.framework/Versions/A/NetAuth
0x000000000076a000 	/System/Library/PrivateFrameworks/login.framework/Versions/A/Frameworks/loginsupport.framework/Versions/A/loginsupport
0x000000000076a000 	/System/Library/PrivateFrameworks/TCC.framework/Versions/A/TCC
0x000000000076a000 	/usr/lib/libmecabra.dylib
0x000000000076a000 	/System/Library/Frameworks/ApplicationServices.framework/Versions/A/Frameworks/ATS.framework/Versions/A/ATS
0x000000000076a000 	/System/Library/Frameworks/ApplicationServices.framework/Versions/A/Frameworks/ColorSync.framework/Versions/A/ColorSync
0x000000000076a000 	/System/Library/Frameworks/ApplicationServices.framework/Versions/A/Frameworks/HIServices.framework/Versions/A/HIServices
0x000000000076a000 	/System/Library/Frameworks/ApplicationServices.framework/Versions/A/Frameworks/LangAnalysis.framework/Versions/A/LangAnalysis
0x000000000076a000 	/System/Library/Frameworks/ApplicationServices.framework/Versions/A/Frameworks/PrintCore.framework/Versions/A/PrintCore
0x000000000076a000 	/System/Library/Frameworks/ApplicationServices.framework/Versions/A/Frameworks/QD.framework/Versions/A/QD
0x000000000076a000 	/System/Library/Frameworks/ApplicationServices.framework/Versions/A/Frameworks/SpeechSynthesis.framework/Versions/A/SpeechSynthesis
0x000000000076a000 	/System/Library/Frameworks/Metal.framework/Versions/A/Metal
0x000000000076a000 	/System/Library/Frameworks/Accelerate.framework/Versions/A/Frameworks/vImage.framework/Versions/A/vImage
0x000000000076a000 	/System/Library/Frameworks/Accelerate.framework/Versions/A/Frameworks/vecLib.framework/Versions/A/vecLib
0x000000000076a000 	/System/Library/Frameworks/Accelerate.framework/Versions/A/Frameworks/vecLib.framework/Versions/A/libvDSP.dylib
0x000000000076a000 	/System/Library/Frameworks/Accelerate.framework/Versions/A/Frameworks/vecLib.framework/Versions/A/libvMisc.dylib
0x000000000076a000 	/System/Library/Frameworks/Accelerate.framework/Versions/A/Frameworks/vecLib.framework/Versions/A/libLAPACK.dylib
0x000000000076a000 	/System/Library/Frameworks/Accelerate.framework/Versions/A/Frameworks/vecLib.framework/Versions/A/libBLAS.dylib
0x000000000076a000 	/System/Library/Frameworks/Accelerate.framework/Versions/A/Frameworks/vecLib.framework/Versions/A/libLinearAlgebra.dylib
0x000000000076a000 	/System/Library/Frameworks/Accelerate.framework/Versions/A/Frameworks/vecLib.framework/Versions/A/libSparseBLAS.dylib
0x000000000076a000 	/System/Library/PrivateFrameworks/GPUCompiler.framework/libmetal_timestamp.dylib
0x000000000076a000 	/System/Library/Frameworks/OpenGL.framework/Versions/A/Libraries/libCoreFSCache.dylib
0x000000000076a000 	/System/Library/PrivateFrameworks/IOAccelerator.framework/Versions/A/IOAccelerator
0x000000000076a000 	/System/Library/Frameworks/ApplicationServices.framework/Versions/A/Frameworks/ATS.framework/Versions/A/Resources/libFontParser.dylib
0x000000000076a000 	/System/Library/Frameworks/ApplicationServices.framework/Versions/A/Frameworks/ATS.framework/Versions/A/Resources/libFontRegistry.dylib
0x000000000076a000 	/System/Library/PrivateFrameworks/AppleVPA.framework/Versions/A/AppleVPA
0x000000000076a000 	/System/Library/PrivateFrameworks/AppleJPEG.framework/Versions/A/AppleJPEG
0x000000000076a000 	/System/Library/Frameworks/ImageIO.framework/Versions/A/Resources/libJPEG.dylib
0x000000000076a000 	/System/Library/Frameworks/ImageIO.framework/Versions/A/Resources/libTIFF.dylib
0x000000000076a000 	/System/Library/Frameworks/ImageIO.framework/Versions/A/Resources/libPng.dylib
0x000000000076a000 	/System/Library/Frameworks/ImageIO.framework/Versions/A/Resources/libGIF.dylib
0x000000000076a000 	/System/Library/Frameworks/ImageIO.framework/Versions/A/Resources/libJP2.dylib
0x000000000076a000 	/System/Library/Frameworks/ImageIO.framework/Versions/A/Resources/libRadiance.dylib
0x000000000076a000 	/System/Library/Frameworks/CoreVideo.framework/Versions/A/CoreVideo
0x000000000076a000 	/System/Library/Frameworks/OpenGL.framework/Versions/A/Libraries/libGLU.dylib
0x000000000076a000 	/System/Library/Frameworks/OpenGL.framework/Versions/A/Libraries/libGFXShared.dylib
0x000000000076a000 	/System/Library/Frameworks/OpenGL.framework/Versions/A/Libraries/libGL.dylib
0x000000000076a000 	/System/Library/Frameworks/OpenGL.framework/Versions/A/Libraries/libGLImage.dylib
0x000000000076a000 	/System/Library/Frameworks/OpenGL.framework/Versions/A/Libraries/libCVMSPluginSupport.dylib
0x000000000076a000 	/System/Library/Frameworks/OpenGL.framework/Versions/A/Libraries/libCoreVMClient.dylib
0x000000000076a000 	/usr/lib/libcups.2.dylib
0x000000000076a000 	/System/Library/Frameworks/Kerberos.framework/Versions/A/Kerberos
0x000000000076a000 	/System/Library/Frameworks/GSS.framework/Versions/A/GSS
0x000000000076a000 	/usr/lib/libresolv.9.dylib
0x000000000076a000 	/usr/lib/libiconv.2.dylib
0x000000000076a000 	/System/Library/PrivateFrameworks/Heimdal.framework/Versions/A/Heimdal
0x000000000076a000 	/usr/lib/libheimdal-asn1.dylib
0x000000000076a000 	/System/Library/Frameworks/OpenDirectory.framework/Versions/A/OpenDirectory
0x000000000076a000 	/System/Library/PrivateFrameworks/CommonAuth.framework/Versions/A/CommonAuth
0x000000000076a000 	/System/Library/Frameworks/OpenDirectory.framework/Versions/A/Frameworks/CFOpenDirectory.framework/Versions/A/CFOpenDirectory
0x000000000076a000 	/System/Library/Frameworks/SecurityFoundation.framework/Versions/A/SecurityFoundation
0x000000000076a000 	/System/Library/PrivateFrameworks/LanguageModeling.framework/Versions/A/LanguageModeling
0x000000000076a000 	/usr/lib/libmarisa.dylib
0x000000000076a000 	/usr/lib/libChineseTokenizer.dylib
0x000000000076a000 	/usr/lib/libcmph.dylib
0x000000000076a000 	/usr/lib/libcompression.dylib
0x000000000076a000 	/System/Library/Frameworks/ServiceManagement.framework/Versions/A/ServiceManagement
0x000000000076a000 	/usr/lib/libxslt.1.dylib
0x000000000076a000 	/System/Library/Frameworks/Carbon.framework/Versions/A/Frameworks/Ink.framework/Versions/A/Ink
0x000000000076a000 	/usr/lib/libFosl_dynamic.dylib
0x000000000076a000 	/System/Library/PrivateFrameworks/FaceCore.framework/Versions/A/FaceCore
0x000000000076a000 	/System/Library/Frameworks/OpenCL.framework/Versions/A/OpenCL
0x000000000076a000 	/System/Library/PrivateFrameworks/CrashReporterSupport.framework/Versions/A/CrashReporterSupport
0x000000000076a000 	/System/Library/PrivateFrameworks/IconServices.framework/Versions/A/IconServices
0x000000000076a000 	/System/Library/PrivateFrameworks/Apple80211.framework/Versions/A/Apple80211
0x000000000076a000 	/System/Library/Frameworks/CoreWLAN.framework/Versions/A/CoreWLAN
0x000000000076a000 	/System/Library/Frameworks/IOBluetooth.framework/Versions/A/IOBluetooth
0x000000000076a000 	/System/Library/PrivateFrameworks/CoreWiFi.framework/Versions/A/CoreWiFi
0x000000000076a000 	/System/Library/Frameworks/CoreBluetooth.framework/Versions/A/CoreBluetooth
0x000000000076a000 	/System/Library/PrivateFrameworks/ChunkingLibrary.framework/Versions/A/ChunkingLibrary
0x000000000076a000 	/System/Library/PrivateFrameworks/DebugSymbols.framework/Versions/A/DebugSymbols
0x000000000076a000 	/System/Library/PrivateFrameworks/CoreSymbolication.framework/Versions/A/CoreSymbolication
0x000000000076a000 	/System/Library/PrivateFrameworks/Symbolication.framework/Versions/A/Symbolication
0x000000000076a000 	/System/Library/PrivateFrameworks/SpeechRecognitionCore.framework/Versions/A/SpeechRecognitionCore
0x000000010ae07000 	/Library/Java/JavaVirtualMachines/jdk1.8.0_45.jdk/Contents/Home/jre/lib/server/libjvm.dylib
0x000000000076a000 	/usr/lib/libstdc++.6.dylib
0x000000010bd70000 	/Library/Java/JavaVirtualMachines/jdk1.8.0_45.jdk/Contents/Home/jre/lib/libverify.dylib
0x000000010bd7e000 	/Library/Java/JavaVirtualMachines/jdk1.8.0_45.jdk/Contents/Home/jre/lib/libjava.dylib
0x000000010bdc1000 	/Library/Java/JavaVirtualMachines/jdk1.8.0_45.jdk/Contents/Home/jre/lib/libzip.dylib
0x0000000121f3a000 	/System/Library/Frameworks/JavaVM.framework/Frameworks/JavaRuntimeSupport.framework/JavaRuntimeSupport
0x0000000121f55000 	/System/Library/Frameworks/JavaVM.framework/Versions/A/Frameworks/JavaNativeFoundation.framework/Versions/A/JavaNativeFoundation
0x000000010bdf3000 	/System/Library/Frameworks/JavaVM.framework/Versions/A/JavaVM
0x000000000076a000 	/System/Library/Frameworks/Carbon.framework/Versions/A/Carbon
0x0000000121f6a000 	/System/Library/PrivateFrameworks/JavaLaunching.framework/Versions/A/JavaLaunching
0x000000000076a000 	/System/Library/Frameworks/Carbon.framework/Versions/A/Frameworks/CommonPanels.framework/Versions/A/CommonPanels
0x000000000076a000 	/System/Library/Frameworks/Carbon.framework/Versions/A/Frameworks/Help.framework/Versions/A/Help
0x000000000076a000 	/System/Library/Frameworks/Carbon.framework/Versions/A/Frameworks/ImageCapture.framework/Versions/A/ImageCapture
0x000000000076a000 	/System/Library/Frameworks/Carbon.framework/Versions/A/Frameworks/OpenScripting.framework/Versions/A/OpenScripting
0x000000000076a000 	/System/Library/Frameworks/Carbon.framework/Versions/A/Frameworks/Print.framework/Versions/A/Print
0x000000000076a000 	/System/Library/Frameworks/Carbon.framework/Versions/A/Frameworks/SecurityHI.framework/Versions/A/SecurityHI
0x000000012395d000 	/Library/Java/JavaVirtualMachines/jdk1.8.0_45.jdk/Contents/Home/jre/lib/libprism_es2.dylib
0x000000000076a000 	/System/Library/Frameworks/OpenGL.framework/Versions/A/Resources/GLEngine.bundle/GLEngine
0x000000000076a000 	/System/Library/Frameworks/OpenGL.framework/Versions/A/Libraries/libGLProgrammability.dylib
0x00000001239df000 	/System/Library/Extensions/AppleIntelHD3000GraphicsGLDriver.bundle/Contents/MacOS/AppleIntelHD3000GraphicsGLDriver
0x000000000076a000 	/System/Library/PrivateFrameworks/GPUSupport.framework/Versions/A/Libraries/libGPUSupport.dylib
0x000000000076a000 	/System/Library/Frameworks/OpenGL.framework/Versions/A/Resources/GLRendererFloat.bundle/GLRendererFloat
0x000000000076a000 	/System/Library/Frameworks/OpenCL.framework/Versions/A/Libraries/libcldcpuengine.dylib
0x000000000076a000 	/System/Library/PrivateFrameworks/DiskImages.framework/Versions/A/DiskImages
0x000000000076a000 	/System/Library/Frameworks/DiscRecording.framework/Versions/A/DiscRecording
0x000000000076a000 	/usr/lib/libcsfde.dylib
0x000000000076a000 	/usr/lib/libcurl.4.dylib
0x000000000076a000 	/System/Library/PrivateFrameworks/MediaKit.framework/Versions/A/MediaKit
0x000000000076a000 	/System/Library/PrivateFrameworks/ProtectedCloudStorage.framework/Versions/A/ProtectedCloudStorage
0x000000000076a000 	/usr/lib/libCoreStorage.dylib
0x000000000076a000 	/System/Library/PrivateFrameworks/EFILogin.framework/Versions/A/EFILogin
0x000000000076a000 	/usr/lib/libutil.dylib
0x000000000076a000 	/System/Library/PrivateFrameworks/FindMyDevice.framework/Versions/A/FindMyDevice
0x000000000076a000 	/System/Library/Frameworks/LDAP.framework/Versions/A/LDAP
0x000000000076a000 	/usr/lib/libsasl2.2.dylib
0x000000000076a000 	/System/Library/PrivateFrameworks/CoreDaemon.framework/Versions/B/CoreDaemon
0x000000000076a000 	/usr/lib/libcrypto.0.9.8.dylib
0x000000000076a000 	/System/Library/PrivateFrameworks/AppleSRP.framework/Versions/A/AppleSRP
0x000000000076a000 	/System/Library/PrivateFrameworks/TrustEvaluationAgent.framework/Versions/A/TrustEvaluationAgent
0x000000012405f000 	/Library/Java/JavaVirtualMachines/jdk1.8.0_45.jdk/Contents/Home/jre/lib/libglass.dylib
0x000000000076a000 	/System/Library/PrivateFrameworks/CoreServicesInternal.framework/Versions/A/CoreServicesInternal
0x000000000076a000 	/System/Library/CoreServices/RawCamera.bundle/Contents/MacOS/RawCamera
0x000000000076a000 	/System/Library/Frameworks/CoreGraphics.framework/Versions/A/Resources/libRIP.A.dylib
0x000000000076a000 	/System/Library/Frameworks/Accelerate.framework/Versions/A/Frameworks/vImage.framework/Versions/A/Libraries/libCGInterfaces.dylib
0x000000000076a000 	/System/Library/PrivateFrameworks/FamilyControls.framework/Versions/A/FamilyControls
0x000000000076a000 	/System/Library/PrivateFrameworks/CommerceKit.framework/Versions/A/Frameworks/CommerceCore.framework/Versions/A/CommerceCore
0x000000000076a000 	/System/Library/PrivateFrameworks/SystemAdministration.framework/Versions/A/SystemAdministration
0x000000000076a000 	/System/Library/PrivateFrameworks/AppContainer.framework/Versions/A/AppContainer
0x000000000076a000 	/System/Library/PrivateFrameworks/SecCodeWrapper.framework/Versions/A/SecCodeWrapper
0x000000000076a000 	/System/Library/Frameworks/DirectoryService.framework/Versions/A/DirectoryService
0x000000000076a000 	/System/Library/PrivateFrameworks/LoginUIKit.framework/Versions/A/Frameworks/LoginUICore.framework/Versions/A/LoginUICore
0x000000000076a000 	/usr/lib/libodfde.dylib
0x0000000126d80000 	/Library/Java/JavaVirtualMachines/jdk1.8.0_45.jdk/Contents/Home/jre/lib/libjavafx_font.dylib
0x000000000076a000 	/System/Library/Frameworks/CoreGraphics.framework/Versions/A/Resources/libCGXType.A.dylib
0x0000000124b15000 	cl_kernels
0x000000000076a000 	/System/Library/Frameworks/OpenCL.framework/Versions/A/Libraries/ImageFormats/unorm8_bgra.dylib
0x000000000076a000 	/System/Library/Frameworks/OpenCL.framework/Versions/A/Libraries/ImageFormats/unorm8_rgba.dylib
0x0000000124eec000 	/Library/Java/JavaVirtualMachines/jdk1.8.0_45.jdk/Contents/Home/jre/lib/libprism_common.dylib
0x0000000126ddc000 	/Library/Java/JavaVirtualMachines/jdk1.8.0_45.jdk/Contents/Home/jre/lib/libnet.dylib
0x000000012a8fb000 	/Library/Java/JavaVirtualMachines/jdk1.8.0_45.jdk/Contents/Home/jre/lib/libawt.dylib
0x000000012a9a3000 	/Library/Java/JavaVirtualMachines/jdk1.8.0_45.jdk/Contents/Home/jre/lib/./libmlib_image.dylib
0x000000012aa6f000 	/Library/Java/JavaVirtualMachines/jdk1.8.0_45.jdk/Contents/Home/jre/lib/libawt_lwawt.dylib
0x0000000126df9000 	/Library/Java/JavaVirtualMachines/jdk1.8.0_45.jdk/Contents/Home/jre/lib/./libosxapp.dylib
0x000000000076a000 	/System/Library/Frameworks/ExceptionHandling.framework/Versions/A/ExceptionHandling
0x000000012ab23000 	/Library/Java/JavaVirtualMachines/jdk1.8.0_45.jdk/Contents/Home/jre/lib/libfontmanager.dylib
0x0000000126e1d000 	/Library/Java/JavaVirtualMachines/jdk1.8.0_45.jdk/Contents/Home/jre/lib/libosxui.dylib
0x0000000128843000 	/Library/Java/JavaVirtualMachines/jdk1.8.0_45.jdk/Contents/Home/jre/lib/libnio.dylib
0x000000012d7e2000 	/Library/Java/JavaVirtualMachines/jdk1.8.0_45.jdk/Contents/Home/jre/lib/libsunec.dylib

VM Arguments:
jvm_args: -Dfile.encoding=UTF-8 
java_command: main.Main
java_class_path (initial): /Users/aitor/Documents/workspace/Bluegram/bin:/Users/aitor/.p2/pool/plugins/org.eclipse.fx.ide.css.jfx8_2.1.0.201508240705.jar:/Volumes/Almacenamiento/librerias java/xmpp/XMPP jars/commons-codec-1.9.jar:/Volumes/Almacenamiento/librerias java/xmpp/XMPP jars/commons-logging-1.2-javadoc.jar:/Volumes/Almacenamiento/librerias java/xmpp/XMPP jars/commons-logging-1.2.jar:/Volumes/Almacenamiento/librerias java/xmpp/XMPP jars/fluent-hc-4.5.1.jar:/Volumes/Almacenamiento/librerias java/xmpp/XMPP jars/httpclient-4.5.1.jar:/Volumes/Almacenamiento/librerias java/xmpp/XMPP jars/httpclient-cache-4.5.1.jar:/Volumes/Almacenamiento/librerias java/xmpp/XMPP jars/httpclient-win-4.5.1.jar:/Volumes/Almacenamiento/librerias java/xmpp/XMPP jars/httpcore-4.4.3.jar:/Volumes/Almacenamiento/librerias java/xmpp/XMPP jars/httpmime-4.5.1.jar:/Volumes/Almacenamiento/librerias java/xmpp/XMPP jars/jna-4.1.0.jar:/Volumes/Almacenamiento/librerias java/xmpp/XMPP jars/jna-platform-4.1.0.jar:/Volumes/Almacenamiento/librerias java/xmpp/XMPP jars/jxmpp-core-0.4.1.jar:/Volumes/Almacenamiento/librerias java/xmpp/XMPP jars/jxmpp-util-cache-0.5.0-alpha2.jar:/Volumes/Almacenamiento/librerias java/xmpp/XMPP jars/minidns-0.1.3.jar:/Volumes/Almacenamiento/librerias java/xmpp/XMPP jars/smack-android-4.1.5-javadoc.jar:/Volumes/Almacenamiento/librerias java/xmpp/XMPP jars/smack-android-4.1.5-sources.jar:/Volumes/Almacenamiento/librerias java/xmpp/XMPP jars/smack-android-4.1.5.jar:/Volumes/Almacenamiento/librerias java/xmpp/XMPP jars/smack-android-extensions-4.1.5-javadoc.jar:/Volumes/Almacenamiento/librerias java/xmpp/XMPP jars/smack-android-extensions-4.1.5-sources.jar:/Volumes/Almacenamiento/librerias java/xmpp/XMPP jars/smack-android-extensions-4.1.5.jar:/Volumes/Almacenamiento/librerias java/xmpp/XMPP jars/smack-bosh-4.1.5-javadoc.jar:/Volumes/Almacenamiento/librerias java/xmpp/XMPP jars/smack-bosh-4.1.5-sources.jar:/Volumes/Almacenamiento/librerias java/xmpp/XMPP jars/smack-bosh-4.1.5
Launcher Type: SUN_STANDARD

Environment Variables:
PATH=/usr/bin:/bin:/usr/sbin:/sbin
SHELL=/bin/bash
DISPLAY=/private/tmp/com.apple.launchd.9JtLCfty85/org.macosforge.xquartz:0

Signal Handlers:
SIGSEGV: [libjvm.dylib+0x58ef95], sa_mask[0]=11111111011111110111111111111111, sa_flags=SA_ONSTACK|SA_RESTART|SA_SIGINFO
SIGBUS: [libjvm.dylib+0x58ef95], sa_mask[0]=11111111011111110111111111111111, sa_flags=SA_RESTART|SA_SIGINFO
SIGFPE: [libjvm.dylib+0x46c108], sa_mask[0]=11111111011111110111111111111111, sa_flags=SA_RESTART|SA_SIGINFO
SIGPIPE: [libjvm.dylib+0x46c108], sa_mask[0]=11111111011111110111111111111111, sa_flags=SA_RESTART|SA_SIGINFO
SIGXFSZ: [libjvm.dylib+0x46c108], sa_mask[0]=11111111011111110111111111111111, sa_flags=SA_RESTART|SA_SIGINFO
SIGILL: [libjvm.dylib+0x46c108], sa_mask[0]=11111111011111110111111111111111, sa_flags=SA_RESTART|SA_SIGINFO
SIGUSR1: SIG_DFL, sa_mask[0]=00000000000000000000000000000000, sa_flags=none
SIGUSR2: [libjvm.dylib+0x46bc26], sa_mask[0]=00100000000000000000000000000000, sa_flags=SA_RESTART|SA_SIGINFO
SIGHUP: [libjvm.dylib+0x46a1f9], sa_mask[0]=11111111011111110111111111111111, sa_flags=SA_RESTART|SA_SIGINFO
SIGINT: [libjvm.dylib+0x46a1f9], sa_mask[0]=11111111011111110111111111111111, sa_flags=SA_RESTART|SA_SIGINFO
SIGTERM: [libjvm.dylib+0x46a1f9], sa_mask[0]=11111111011111110111111111111111, sa_flags=SA_RESTART|SA_SIGINFO
SIGQUIT: [libjvm.dylib+0x46a1f9], sa_mask[0]=11111111011111110111111111111111, sa_flags=SA_RESTART|SA_SIGINFO


---------------  S Y S T E M  ---------------

OS:Bsduname:Darwin 15.3.0 Darwin Kernel Version 15.3.0: Thu Dec 10 18:40:58 PST 2015; root:xnu-3248.30.4~1/RELEASE_X86_64 x86_64
rlimit: STACK 8192k, CORE 0k, NPROC 709, NOFILE 10240, AS infinity
load average:1.78 2.02 2.26

CPU:total 4 (2 cores per cpu, 2 threads per core) family 6 model 42 stepping 7, cmov, cx8, fxsr, mmx, sse, sse2, sse3, ssse3, sse4.1, sse4.2, popcnt, avx, aes, clmul, ht, tsc, tscinvbit

Memory: 4k page, physical 8388608k(495588k free)

/proc/meminfo:


vm_info: Java HotSpot(TM) 64-Bit Server VM (25.45-b02) for bsd-amd64 JRE (1.8.0_45-b14), built on Apr 10 2015 10:46:38 by "java_re" with gcc 4.2.1 (Based on Apple Inc. build 5658) (LLVM build 2336.11.00)

time: Thu Mar 24 18:06:57 2016
elapsed time: 19 seconds (0d 0h 0m 19s)

